BLOCK00/SES002/SA002S12	SES002	0.710926	-43.7715	-44.4824
BLOCK00/SES002/SA002S13	SES002	1.22494	-43.4161	-44.641
BLOCK00/SES002/SA002S23	SES002	0.857143	-43.3121	-44.1693
BLOCK00/SES002/SA002S26	SES002	0.951672	-43.1345	-44.0861
BLOCK00/SES002/SA002S28	SES002	0.541428	-43.3309	-43.8724
BLOCK00/SES007/SA007S14	SES007	0.613846	-42.5114	-43.1253
BLOCK00/SES007/SA007S15	SES007	-0.0806923	-43.7808	-43.7001
BLOCK00/SES007/SA007S24	SES007	0.300606	-43.4639	-43.7645
BLOCK00/SES007/SA007S27	SES007	0.22961	-44.2369	-44.4665
BLOCK00/SES007/SA007S29	SES007	-0.247871	-43.5253	-43.2774
BLOCK00/SES008/SA008S11	SES008	0.885971	-43.4842	-44.3702
BLOCK00/SES008/SA008S12	SES008	0.162842	-44.3967	-44.5595
BLOCK00/SES008/SA008S19	SES008	0.684189	-43.3689	-44.0531
BLOCK00/SES008/SA008S22	SES008	0.477047	-44.436	-44.913
BLOCK00/SES008/SA008S29	SES008	0.537281	-43.5592	-44.0965
BLOCK01/SES014/SA014S10	SES014	1.21159	-42.8054	-44.017
BLOCK01/SES014/SA014S12	SES014	1.76823	-41.6075	-43.3758
BLOCK01/SES014/SA014S24	SES014	0.943882	-43.0642	-44.0081
BLOCK01/SES014/SA014S26	SES014	1.91717	-40.9606	-42.8778
BLOCK01/SES014/SA014S28	SES014	2.0262	-41.0256	-43.0518
BLOCK01/SES016/SA016S12	SES016	0.68771	-44.5037	-45.1914
BLOCK01/SES016/SA016S13	SES016	1.09793	-42.9884	-44.0863
BLOCK01/SES016/SA016S22	SES016	0.155693	-44.047	-44.2027
BLOCK01/SES016/SA016S25	SES016	0.746414	-42.2978	-43.0442
BLOCK01/SES016/SA016S27	SES016	0.860229	-42.4856	-43.3459
BLOCK01/SES019/SA019S13	SES019	1.88259	-44.09	-45.9726
BLOCK01/SES019/SA019S14	SES019	0.940773	-44.2935	-45.2342
BLOCK01/SES019/SA019S22	SES019	2.07703	-43.3439	-45.4209
BLOCK01/SES019/SA019S25	SES019	1.73181	-43.8194	-45.5512
BLOCK01/SES019/SA019S29	SES019	2.54141	-43.5277	-46.0691
BLOCK02/SES029/SA029S11	SES029	0.614117	-43.2101	-43.8242
BLOCK02/SES029/SA029S12	SES029	-0.281048	-43.8089	-43.5279
BLOCK02/SES029/SA029S20	SES029	0.0371895	-44.3013	-44.3385
BLOCK02/SES029/SA029S25	SES029	0.0333786	-43.3662	-43.3996
BLOCK02/SES029/SA029S28	SES029	0.0477409	-43.8314	-43.8791
BLOCK04/SES042/SA042S12	SES042	1.78128	-42.0717	-43.853
BLOCK04/SES042/SA042S15	SES042	2.09446	-42.3636	-44.4581
BLOCK04/SES042/SA042S22	SES042	2.33158	-41.3981	-43.7297
BLOCK04/SES042/SA042S25	SES042	1.52573	-43.8128	-45.3386
BLOCK04/SES042/SA042S27	SES042	1.39663	-42.7209	-44.1176
BLOCK04/SES048/SA048S11	SES048	0.845619	-43.0883	-43.934
BLOCK04/SES048/SA048S12	SES048	-0.260071	-43.997	-43.7369
BLOCK04/SES048/SA048S20	SES048	-0.252995	-43.7542	-43.5012
BLOCK04/SES048/SA048S23	SES048	0.92683	-43.4117	-44.3385
BLOCK04/SES048/SA048S27	SES048	0.173805	-43.4347	-43.6085
BLOCK06/SES060/SA060S11	SES060	0.632339	-43.1288	-43.7611
BLOCK06/SES060/SA060S12	SES060	-1.02811	-44.5852	-43.5571
BLOCK06/SES060/SA060S22	SES060	-0.626072	-45.0132	-44.3871
BLOCK06/SES060/SA060S24	SES060	0.593639	-43.0083	-43.6019
BLOCK06/SES060/SA060S28	SES060	0.40163	-42.3931	-42.7948
BLOCK06/SES062/SA062S10	SES062	-0.197964	-43.7634	-43.5654
BLOCK06/SES062/SA062S11	SES062	0.32135	-43.3023	-43.6236
BLOCK06/SES062/SA062S21	SES062	0.974815	-41.876	-42.8509
BLOCK06/SES062/SA062S26	SES062	0.10022	-42.623	-42.7232
BLOCK06/SES062/SA062S29	SES062	0.727493	-42.0211	-42.7486
BLOCK06/SES068/SA068S14	SES068	-0.187698	-43.8155	-43.6278
BLOCK06/SES068/SA068S15	SES068	0.440346	-42.8577	-43.298
BLOCK06/SES068/SA068S23	SES068	-0.112907	-44.1833	-44.0704
BLOCK06/SES068/SA068S27	SES068	1.09984	-42.1568	-43.2566
BLOCK06/SES068/SA068S29	SES068	0.128658	-43.2806	-43.4093
BLOCK08/SES082/SA082S12	SES082	0.160069	-44.7624	-44.9225
BLOCK08/SES082/SA082S14	SES082	-0.383312	-45.0709	-44.6876
BLOCK08/SES082/SA082S21	SES082	0.0544739	-44.4095	-44.464
BLOCK08/SES082/SA082S24	SES082	-0.276627	-44.6157	-44.3391
BLOCK08/SES082/SA082S28	SES082	-0.0435791	-44.5484	-44.5049
BLOCK08/SES083/SA083S14	SES083	-0.442451	-43.6437	-43.2013
BLOCK08/SES083/SA083S15	SES083	0.132828	-43.2138	-43.3466
BLOCK08/SES083/SA083S24	SES083	-0.339268	-44.0156	-43.6763
BLOCK08/SES083/SA083S26	SES083	0.519707	-43.5107	-44.0304
BLOCK08/SES083/SA083S29	SES083	-0.397835	-43.5788	-43.1809
BLOCK08/SES085/SA085S10	SES085	-0.147564	-43.9578	-43.8102
BLOCK08/SES085/SA085S13	SES085	-0.438766	-44.5634	-44.1246
BLOCK08/SES085/SA085S22	SES085	-1.26872	-44.7208	-43.452
BLOCK08/SES085/SA085S26	SES085	-0.987392	-44.6295	-43.6421
BLOCK08/SES085/SA085S28	SES085	0.406967	-43.2202	-43.6271
BLOCK08/SES087/SA087S15	SES087	1.21109	-43.6947	-44.9058
BLOCK08/SES087/SA087S16	SES087	1.1428	-43.7167	-44.8595
BLOCK08/SES087/SA087S24	SES087	0.995457	-43.8473	-44.8428
BLOCK08/SES087/SA087S26	SES087	0.691669	-42.9136	-43.6053
BLOCK08/SES087/SA087S29	SES087	0.929081	-43.47	-44.3991
BLOCK09/SES099/SA099S15	SES099	0.871887	-44.2033	-45.0752
BLOCK09/SES099/SA099S16	SES099	1.00179	-43.8429	-44.8447
BLOCK09/SES099/SA099S24	SES099	0.933464	-43.8024	-44.7359
BLOCK09/SES099/SA099S26	SES099	1.11649	-43.245	-44.3614
BLOCK09/SES099/SA099S29	SES099	0.765057	-43.4966	-44.2616
BLOCK10/SES101/SA101S11	SES101	0.286297	-43.1066	-43.3929
BLOCK10/SES101/SA101S13	SES101	0.266994	-43.0447	-43.3117
BLOCK10/SES101/SA101S22	SES101	0.385643	-43.4686	-43.8543
BLOCK10/SES101/SA101S24	SES101	0.966988	-42.9231	-43.8901
BLOCK10/SES101/SA101S28	SES101	-0.184784	-44.0571	-43.8723
BLOCK10/SES104/SA104S11	SES104	1.06732	-42.687	-43.7543
BLOCK10/SES104/SA104S12	SES104	0.782661	-43.0113	-43.794
BLOCK10/SES104/SA104S21	SES104	0.316811	-43.9286	-44.2454
BLOCK10/SES104/SA104S24	SES104	0.396053	-44.501	-44.897
BLOCK10/SES104/SA104S28	SES104	0.662392	-43.7144	-44.3768
BLOCK10/SES105/SA105S12	SES105	0.285507	-44.57	-44.8555
BLOCK10/SES105/SA105S13	SES105	0.57988	-44.1666	-44.7464
BLOCK10/SES105/SA105S22	SES105	-0.0829506	-45.4092	-45.3262
BLOCK10/SES105/SA105S26	SES105	0.633633	-44.1955	-44.8291
BLOCK10/SES105/SA105S29	SES105	0.455605	-43.8164	-44.272
BLOCK10/SES106/SA106S09	SES106	0.444279	-45.5402	-45.9845
BLOCK10/SES106/SA106S11	SES106	0.784744	-43.2464	-44.0312
BLOCK10/SES106/SA106S22	SES106	1.88288	-43.5755	-45.4584
BLOCK10/SES106/SA106S27	SES106	0.918018	-43.6894	-44.6074
BLOCK10/SES106/SA106S29	SES106	0.338818	-44.09	-44.4288
BLOCK11/SES117/SA117S12	SES117	0.244118	-44.0194	-44.2635
BLOCK11/SES117/SA117S13	SES117	-0.0150909	-43.7318	-43.7167
BLOCK11/SES117/SA117S23	SES117	0.731712	-44.5447	-45.2764
BLOCK11/SES117/SA117S25	SES117	0.487637	-44.6207	-45.1083
BLOCK11/SES117/SA117S28	SES117	0.462429	-44.3782	-44.8406
BLOCK12/SES120/SA120S08	SES120	0.406475	-44.8422	-45.2487
BLOCK12/SES120/SA120S11	SES120	0.623493	-45.7065	-46.33
BLOCK12/SES120/SA120S22	SES120	-0.329861	-44.2049	-43.875
BLOCK12/SES120/SA120S24	SES120	0.210438	-44.2505	-44.4609
BLOCK12/SES120/SA120S28	SES120	-0.61496	-46.7624	-46.1474
BLOCK12/SES125/SA125S13	SES125	1.0625	-42.9152	-43.9777
BLOCK12/SES125/SA125S14	SES125	0.76265	-43.7892	-44.5519
BLOCK12/SES125/SA125S25	SES125	1.73068	-42.6646	-44.3953
BLOCK12/SES125/SA125S27	SES125	1.3852	-42.031	-43.4162
BLOCK12/SES125/SA125S29	SES125	1.27104	-42.3963	-43.6673
BLOCK12/SES127/SA127S11	SES127	0.220863	-43.9139	-44.1348
BLOCK12/SES127/SA127S12	SES127	-1.57188	-44.8843	-43.3124
BLOCK12/SES127/SA127S23	SES127	-0.123825	-44.1724	-44.0486
BLOCK12/SES127/SA127S25	SES127	-1.54337	-45.5316	-43.9882
BLOCK12/SES127/SA127S27	SES127	-0.0553703	-43.8815	-43.8261
BLOCK12/SES129/SA129S11	SES129	1.15746	-42.4907	-43.6482
BLOCK12/SES129/SA129S12	SES129	0.558239	-42.9583	-43.5165
BLOCK12/SES129/SA129S22	SES129	0.313091	-43.2345	-43.5476
BLOCK12/SES129/SA129S27	SES129	0.78286	-42.9109	-43.6937
BLOCK12/SES129/SA129S29	SES129	0.958889	-42.3085	-43.2674
BLOCK14/SES142/SA142S11	SES142	0.789059	-43.5977	-44.3867
BLOCK14/SES142/SA142S12	SES142	0.375969	-43.9686	-44.3445
BLOCK14/SES142/SA142S24	SES142	0.508507	-43.5315	-44.04
BLOCK14/SES142/SA142S27	SES142	1.19726	-43.0186	-44.2159
BLOCK14/SES142/SA142S29	SES142	1.13131	-42.495	-43.6263
BLOCK14/SES143/SA143S12	SES143	0.480316	-44.169	-44.6493
BLOCK14/SES143/SA143S13	SES143	0.574692	-43.8954	-44.4701
BLOCK14/SES143/SA143S23	SES143	0.27668	-44.3336	-44.6103
BLOCK14/SES143/SA143S25	SES143	0.554993	-43.893	-44.448
BLOCK14/SES143/SA143S28	SES143	0.396187	-43.4599	-43.856
BLOCK14/SES144/SA144S09	SES144	0.233826	-44.0047	-44.2385
BLOCK14/SES144/SA144S11	SES144	0.230778	-44.6501	-44.8809
BLOCK14/SES144/SA144S21	SES144	-0.0812035	-44.7413	-44.6601
BLOCK14/SES144/SA144S25	SES144	0.114056	-44.9943	-45.1083
BLOCK14/SES144/SA144S29	SES144	-0.359402	-44.4625	-44.1031
BLOCK14/SES146/SA146S14	SES146	0.181217	-44.6672	-44.8484
BLOCK14/SES146/SA146S15	SES146	-0.0736504	-44.614	-44.5403
BLOCK14/SES146/SA146S24	SES146	-0.170628	-44.5371	-44.3664
BLOCK14/SES146/SA146S26	SES146	0.697792	-44.2196	-44.9174
BLOCK14/SES146/SA146S29	SES146	0.0858688	-44.8234	-44.9093
BLOCK14/SES147/SA147S11	SES147	1.15847	-43.4945	-44.653
BLOCK14/SES147/SA147S13	SES147	1.58349	-42.3751	-43.9586
BLOCK14/SES147/SA147S23	SES147	0.607555	-44.0319	-44.6395
BLOCK14/SES147/SA147S26	SES147	0.916996	-43.5819	-44.4989
BLOCK14/SES147/SA147S28	SES147	1.80744	-42.8886	-44.696
BLOCK14/SES148/SA148S10	SES148	0.711018	-43.3692	-44.0802
BLOCK14/SES148/SA148S12	SES148	0.181549	-44.2244	-44.406
BLOCK14/SES148/SA148S22	SES148	0.636719	-43.03	-43.6668
BLOCK14/SES148/SA148S26	SES148	-0.1283	-44.1453	-44.017
BLOCK14/SES148/SA148S29	SES148	0.0224915	-44.34	-44.3625
BLOCK14/SES149/SA149S13	SES149	-1.05789	-45.4581	-44.4002
BLOCK14/SES149/SA149S14	SES149	-0.20406	-43.7435	-43.5394
BLOCK14/SES149/SA149S24	SES149	0.713608	-43.3342	-44.0478
BLOCK14/SES149/SA149S26	SES149	0.838615	-43.035	-43.8736
BLOCK14/SES149/SA149S28	SES149	1.09781	-42.1913	-43.2891
BLOCK15/SES158/SA158S13	SES158	0.436043	-44.432	-44.868
BLOCK15/SES158/SA158S14	SES158	1.38959	-44.0841	-45.4737
BLOCK15/SES158/SA158S23	SES158	0.697819	-43.9171	-44.6149
BLOCK15/SES158/SA158S26	SES158	1.12342	-43.7302	-44.8537
BLOCK15/SES158/SA158S28	SES158	0.441231	-44.2213	-44.6626
BLOCK16/SES162/SA162S10	SES162	-0.114319	-45.4146	-45.3002
BLOCK16/SES162/SA162S11	SES162	0.17025	-43.9371	-44.1073
BLOCK16/SES162/SA162S21	SES162	0.950363	-43.3528	-44.3031
BLOCK16/SES162/SA162S24	SES162	0.254227	-44.2199	-44.4741
BLOCK16/SES162/SA162S27	SES162	0.677265	-44.223	-44.9003
BLOCK16/SES167/SA167S14	SES167	0.296631	-42.6203	-42.917
BLOCK16/SES167/SA167S15	SES167	0.471951	-43.3647	-43.8366
BLOCK16/SES167/SA167S21	SES167	1.09286	-42.2211	-43.314
BLOCK16/SES167/SA167S25	SES167	1.13873	-43.1194	-44.2581
BLOCK16/SES167/SA167S29	SES167	1.47316	-41.9145	-43.3877
BLOCK17/SES172/SA172S12	SES172	0.306522	-44.1608	-44.4673
BLOCK17/SES172/SA172S13	SES172	0.783623	-43.8595	-44.6431
BLOCK17/SES172/SA172S23	SES172	0.446491	-42.5919	-43.0384
BLOCK17/SES172/SA172S27	SES172	0.472084	-44.0739	-44.546
BLOCK17/SES172/SA172S29	SES172	0.831551	-43.5432	-44.3748
BLOCK17/SES175/SA175S11	SES175	0.119461	-43.8083	-43.9278
BLOCK17/SES175/SA175S13	SES175	0.203449	-43.8162	-44.0197
BLOCK17/SES175/SA175S23	SES175	0.463905	-44.0174	-44.4813
BLOCK17/SES175/SA175S25	SES175	0.245678	-44.8453	-45.091
BLOCK17/SES175/SA175S28	SES175	0.157696	-43.4715	-43.6292
BLOCK17/SES177/SA177S15	SES177	-0.592598	-44.4497	-43.8571
BLOCK17/SES177/SA177S17	SES177	-0.301342	-44.291	-43.9897
BLOCK17/SES177/SA177S23	SES177	-0.542011	-44.6757	-44.1337
BLOCK17/SES177/SA177S26	SES177	0.372177	-42.3858	-42.7579
BLOCK17/SES177/SA177S28	SES177	0.0243187	-43.4227	-43.447
BLOCK18/SES180/SA180S13	SES180	-0.13905	-44.2693	-44.1302
BLOCK18/SES180/SA180S15	SES180	-0.0770264	-44.381	-44.304
BLOCK18/SES180/SA180S24	SES180	0.529205	-42.8632	-43.3924
BLOCK18/SES180/SA180S26	SES180	0.157494	-43.8116	-43.9691
BLOCK18/SES180/SA180S29	SES180	0.259289	-43.9629	-44.2222
BLOCK18/SES183/SA183S13	SES183	0.643944	-44.1235	-44.7675
BLOCK18/SES183/SA183S14	SES183	-0.679718	-45.4547	-44.775
BLOCK18/SES183/SA183S24	SES183	0.74733	-44.3132	-45.0605
BLOCK18/SES183/SA183S27	SES183	0.722397	-44.0643	-44.7867
BLOCK18/SES183/SA183S29	SES183	0.567219	-43.6839	-44.2511
BLOCK18/SES187/SA187S13	SES187	-0.150002	-44.343	-44.193
BLOCK18/SES187/SA187S14	SES187	-0.171062	-44.4856	-44.3145
BLOCK18/SES187/SA187S24	SES187	0.225086	-43.9203	-44.1454
BLOCK18/SES187/SA187S27	SES187	0.938202	-43.497	-44.4352
BLOCK18/SES187/SA187S29	SES187	-0.0553818	-44.6406	-44.5852
BLOCK18/SES189/SA189S10	SES189	0.836117	-45.3583	-46.1944
BLOCK18/SES189/SA189S13	SES189	1.09362	-45.4441	-46.5378
BLOCK18/SES189/SA189S24	SES189	1.35313	-44.1868	-45.5399
BLOCK18/SES189/SA189S26	SES189	0.749447	-44.1703	-44.9198
BLOCK18/SES189/SA189S29	SES189	0.903652	-44.5312	-45.4349
BLOCK20/SES202/SA202S12	SES202	0.236252	-45.0563	-45.2926
BLOCK20/SES202/SA202S14	SES202	1.4297	-43.1393	-44.569
BLOCK20/SES202/SA202S24	SES202	0.412052	-44.0267	-44.4388
BLOCK20/SES202/SA202S27	SES202	0.675602	-42.8627	-43.5383
BLOCK20/SES202/SA202S29	SES202	0.939625	-42.5016	-43.4412
BLOCK20/SES206/SA206S15	SES206	-0.386822	-43.71	-43.3232
BLOCK20/SES206/SA206S17	SES206	0.841461	-42.8254	-43.6669
BLOCK20/SES206/SA206S24	SES206	1.09287	-42.4456	-43.5384
BLOCK20/SES206/SA206S27	SES206	1.00697	-43.3402	-44.3472
BLOCK20/SES206/SA206S29	SES206	1.16664	-42.243	-43.4097
BLOCK22/SES226/SA226S12	SES226	1.00821	-43.4529	-44.4611
BLOCK22/SES226/SA226S13	SES226	-0.763832	-45.3971	-44.6333
BLOCK22/SES226/SA226S20	SES226	1.0423	-44.0412	-45.0835
BLOCK22/SES226/SA226S23	SES226	0.789886	-43.7401	-44.53
BLOCK22/SES226/SA226S28	SES226	1.13143	-43.4168	-44.5482
BLOCK25/SES259/SA259S13	SES259	2.24051	-42.4809	-44.7214
BLOCK25/SES259/SA259S14	SES259	1.01049	-43.2601	-44.2706
BLOCK25/SES259/SA259S22	SES259	0.815742	-43.1282	-43.9439
BLOCK25/SES259/SA259S24	SES259	1.33931	-42.6945	-44.0338
BLOCK25/SES259/SA259S28	SES259	1.02969	-43.0282	-44.0579
BLOCK27/SES270/SA270S14	SES270	1.65857	-44.5378	-46.1964
BLOCK27/SES270/SA270S16	SES270	0.0230904	-44.9212	-44.9443
BLOCK27/SES270/SA270S22	SES270	1.44655	-44.3787	-45.8253
BLOCK27/SES270/SA270S26	SES270	0.374039	-45.4426	-45.8166
BLOCK27/SES270/SA270S28	SES270	0.416557	-44.4052	-44.8217
BLOCK27/SES275/SA275S17	SES275	1.22199	-43.8559	-45.0779
BLOCK27/SES275/SA275S18	SES275	-0.377689	-44.5183	-44.1406
BLOCK27/SES275/SA275S24	SES275	0.147655	-45.217	-45.3646
BLOCK27/SES275/SA275S26	SES275	0.559532	-43.7077	-44.2672
BLOCK27/SES275/SA275S28	SES275	0.174702	-44.0799	-44.2546
BLOCK29/SES292/SA292S10	SES292	-0.683392	-44.6644	-43.981
BLOCK29/SES292/SA292S12	SES292	-0.177929	-44.5969	-44.4189
BLOCK29/SES292/SA292S22	SES292	0.291172	-43.7235	-44.0147
BLOCK29/SES292/SA292S24	SES292	-0.13393	-43.9	-43.7661
BLOCK29/SES292/SA292S27	SES292	-0.338234	-43.9507	-43.6124
BLOCK00/SES001/SA001S14	SES062	-2.34626	-46.8576	-44.5114
BLOCK00/SES001/SA001S14	SES082	-2.46302	-46.9744	-44.5114
BLOCK00/SES001/SA001S14	SES106	-3.05305	-47.5644	-44.5114
BLOCK00/SES001/SA001S14	SES206	-2.87692	-47.3883	-44.5114
BLOCK00/SES001/SA001S15	SES062	-2.44064	-46.4663	-44.0257
BLOCK00/SES001/SA001S15	SES104	-3.61924	-47.6449	-44.0257
BLOCK00/SES001/SA001S15	SES106	-2.83346	-46.8591	-44.0257
BLOCK00/SES001/SA001S15	SES206	-2.82373	-46.8494	-44.0257
BLOCK00/SES001/SA001S24	SES062	-2.74733	-47.6759	-44.9286
BLOCK00/SES001/SA001S24	SES082	-2.49244	-47.421	-44.9286
BLOCK00/SES001/SA001S24	SES087	-2.31074	-47.2393	-44.9286
BLOCK00/SES001/SA001S24	SES206	-2.07092	-46.9995	-44.9286
BLOCK00/SES001/SA001S27	SES062	-1.76592	-45.4011	-43.6352
BLOCK00/SES001/SA001S27	SES082	-2.48861	-46.1238	-43.6352
BLOCK00/SES001/SA001S27	SES087	-2.12426	-45.7595	-43.6352
BLOCK00/SES001/SA001S27	SES206	-2.48072	-46.1159	-43.6352
BLOCK00/SES001/SA001S29	SES062	-2.57553	-47.0903	-44.5148
BLOCK00/SES001/SA001S29	SES082	-2.00327	-46.518	-44.5148
BLOCK00/SES001/SA001S29	SES158	-2.14848	-46.6632	-44.5148
BLOCK00/SES001/SA001S29	SES206	-3.56065	-48.0754	-44.5148
BLOCK00/SES003/SA003S11	SES002	-1.49838	-46.0751	-44.5767
BLOCK00/SES003/SA003S11	SES019	-1.52424	-46.1009	-44.5767
BLOCK00/SES003/SA003S11	SES082	-1.33902	-45.9157	-44.5767
BLOCK00/SES003/SA003S11	SES125	-1.99136	-46.568	-44.5767
BLOCK00/SES003/SA003S15	SES016	-2.47699	-46.5054	-44.0284
BLOCK00/SES003/SA003S15	SES019	-2.68632	-46.7147	-44.0284
BLOCK00/SES003/SA003S15	SES062	-2.55788	-46.5863	-44.0284
BLOCK00/SES003/SA003S15	SES206	-1.43429	-45.4627	-44.0284
BLOCK00/SES003/SA003S22	SES002	-2.62421	-46.7356	-44.1114
BLOCK00/SES003/SA003S22	SES062	-1.46904	-45.5804	-44.1114
BLOCK00/SES003/SA003S22	SES082	-2.37879	-46.4902	-44.1114
BLOCK00/SES003/SA003S22	SES087	-2.3516	-46.463	-44.1114
BLOCK00/SES003/SA003S25	SES062	-2.65151	-47.7374	-45.0859
BLOCK00/SES003/SA003S25	SES082	-1.86942	-46.9553	-45.0859
BLOCK00/SES003/SA003S25	SES087	-1.58314	-46.669	-45.0859
BLOCK00/SES003/SA003S25	SES206	-2.15307	-47.2389	-45.0859
BLOCK00/SES003/SA003S29	SES002	-2.5113	-47.1309	-44.6196
BLOCK00/SES003/SA003S29	SES062	-3.0204	-47.64	-44.6196
BLOCK00/SES003/SA003S29	SES082	-1.98507	-46.6046	-44.6196
BLOCK00/SES003/SA003S29	SES087	-2.95253	-47.5721	-44.6196
BLOCK00/SES004/SA004S12	SES083	-2.51001	-46.3707	-43.8607
BLOCK00/SES004/SA004S12	SES148	-2.38639	-46.2471	-43.8607
BLOCK00/SES004/SA004S12	SES172	-1.17826	-45.039	-43.8607
BLOCK00/SES004/SA004S12	SES292	-2.22903	-46.0897	-43.8607
BLOCK00/SES004/SA004S17	SES083	-2.77827	-47.2549	-44.4766
BLOCK00/SES004/SA004S17	SES162	-1.6735	-46.1501	-44.4766
BLOCK00/SES004/SA004S17	SES172	-1.99334	-46.4699	-44.4766
BLOCK00/SES004/SA004S17	SES292	-2.3295	-46.8061	-44.4766
BLOCK00/SES004/SA004S24	SES083	-2.52614	-46.3246	-43.7984
BLOCK00/SES004/SA004S24	SES148	-2.34209	-46.1405	-43.7984
BLOCK00/SES004/SA004S24	SES172	-1.29519	-45.0936	-43.7984
BLOCK00/SES004/SA004S24	SES292	-1.67471	-45.4731	-43.7984
BLOCK00/SES004/SA004S26	SES083	-2.63995	-46.5572	-43.9173
BLOCK00/SES004/SA004S26	SES127	-2.14103	-46.0583	-43.9173
BLOCK00/SES004/SA004S26	SES148	-3.55434	-47.4716	-43.9173
BLOCK00/SES004/SA004S26	SES292	-2.55587	-46.4732	-43.9173
BLOCK00/SES004/SA004S28	SES083	-2.26925	-45.7442	-43.475
BLOCK00/SES004/SA004S28	SES127	-1.71812	-45.1931	-43.475
BLOCK00/SES004/SA004S28	SES187	-1.12813	-44.6031	-43.475
BLOCK00/SES004/SA004S28	SES292	-2.2845	-45.7595	-43.475
BLOCK00/SES006/SA006S10	SES014	-3.90476	-50.6522	-46.7475
BLOCK00/SES006/SA006S10	SES158	-1.94502	-48.6925	-46.7475
BLOCK00/SES006/SA006S10	SES226	-3.87265	-50.6201	-46.7475
BLOCK00/SES006/SA006S10	SES270	-1.52592	-48.2734	-46.7475
BLOCK00/SES006/SA006S11	SES158	-1.45543	-48.0317	-46.5763
BLOCK00/SES006/SA006S11	SES226	-2.82383	-49.4001	-46.5763
BLOCK00/SES006/SA006S11	SES270	-1.23858	-47.8148	-46.5763
BLOCK00/SES006/SA006S11	SES275	-3.08801	-49.6643	-46.5763
BLOCK00/SES006/SA006S23	SES062	-3.33723	-49.1408	-45.8036
BLOCK00/SES006/SA006S23	SES105	-3.43458	-49.2382	-45.8036
BLOCK00/SES006/SA006S23	SES158	-1.42151	-47.2251	-45.8036
BLOCK00/SES006/SA006S23	SES275	-3.03757	-48.8412	-45.8036
BLOCK00/SES006/SA006S26	SES104	-4.00282	-49.5779	-45.5751
BLOCK00/SES006/SA006S26	SES158	-0.695107	-46.2702	-45.5751
BLOCK00/SES006/SA006S26	SES270	-0.436581	-46.0117	-45.5751
BLOCK00/SES006/SA006S26	SES275	-3.29858	-48.8737	-45.5751
BLOCK00/SES006/SA006S28	SES007	-2.62458	-48.7321	-46.1075
BLOCK00/SES006/SA006S28	SES105	-3.45177	-49.5593	-46.1075
BLOCK00/SES006/SA006S28	SES158	-1.80888	-47.9164	-46.1075
BLOCK00/SES006/SA006S28	SES275	-3.20873	-49.3162	-46.1075
BLOCK00/SES009/SA009S12	SES083	-2.93172	-46.7245	-43.7928
BLOCK00/SES009/SA009S12	SES148	-2.27058	-46.0633	-43.7928
BLOCK00/SES009/SA009S12	SES177	-1.35108	-45.1438	-43.7928
BLOCK00/SES009/SA009S12	SES292	-1.9351	-45.7279	-43.7928
BLOCK00/SES009/SA009S15	SES007	-0.3582	-43.4221	-43.0639
BLOCK00/SES009/SA009S15	SES099	-6.13896	-49.2028	-43.0639
BLOCK00/SES009/SA009S15	SES148	-1.82544	-44.8893	-43.0639
BLOCK00/SES009/SA009S15	SES172	-1.07997	-44.1438	-43.0639
BLOCK00/SES009/SA009S24	SES146	-1.73182	-45.1722	-43.4404
BLOCK00/SES009/SA009S24	SES148	-1.80822	-45.2486	-43.4404
BLOCK00/SES009/SA009S24	SES177	-1.03271	-44.4731	-43.4404
BLOCK00/SES009/SA009S24	SES292	-1.73798	-45.1784	-43.4404
BLOCK00/SES009/SA009S26	SES083	-3.07503	-47.209	-44.1339
BLOCK00/SES009/SA009S26	SES101	-2.86544	-46.9994	-44.1339
BLOCK00/SES009/SA009S26	SES120	-1.85129	-45.9852	-44.1339
BLOCK00/SES009/SA009S26	SES177	-1.15254	-45.2865	-44.1339
BLOCK00/SES009/SA009S29	SES083	-2.27155	-45.8936	-43.6221
BLOCK00/SES009/SA009S29	SES101	-2.14885	-45.7709	-43.6221
BLOCK00/SES009/SA009S29	SES177	-0.728718	-44.3508	-43.6221
BLOCK00/SES009/SA009S29	SES292	-1.58618	-45.2082	-43.6221
BLOCK01/SES011/SA011S10	SES019	-2.73486	-47.6924	-44.9575
BLOCK01/SES011/SA011S10	SES042	-1.65089	-46.6084	-44.9575
BLOCK01/SES011/SA011S10	SES082	-3.08249	-48.04	-44.9575
BLOCK01/SES011/SA011S10	SES206	-2.22332	-47.1808	-44.9575
BLOCK01/SES011/SA011S11	SES019	-2.7552	-48.2741	-45.5189
BLOCK01/SES011/SA011S11	SES042	-1.39551	-46.9144	-45.5189
BLOCK01/SES011/SA011S11	SES082	-3.24013	-48.7591	-45.5189
BLOCK01/SES011/SA011S11	SES206	-2.46329	-47.9822	-45.5189
BLOCK01/SES011/SA011S22	SES019	-2.02221	-47.0637	-45.0415
BLOCK01/SES011/SA011S22	SES042	-1.72966	-46.7711	-45.0415
BLOCK01/SES011/SA011S22	SES082	-3.29974	-48.3412	-45.0415
BLOCK01/SES011/SA011S22	SES206	-2.44519	-47.4866	-45.0415
BLOCK01/SES011/SA011S24	SES019	-2.50665	-47.0211	-44.5144
BLOCK01/SES011/SA011S24	SES042	-1.25335	-45.7678	-44.5144
BLOCK01/SES011/SA011S24	SES104	-3.03311	-47.5475	-44.5144
BLOCK01/SES011/SA011S24	SES206	-1.52596	-46.0404	-44.5144
BLOCK01/SES011/SA011S27	SES082	-0.542274	-44.7854	-44.2432
BLOCK01/SES011/SA011S27	SES087	-2.14807	-46.3912	-44.2432
BLOCK01/SES011/SA011S27	SES125	-0.898315	-45.1415	-44.2432
BLOCK01/SES011/SA011S27	SES206	-1.15683	-45.4	-44.2432
BLOCK01/SES012/SA012S11	SES007	-1.10203	-44.3218	-43.2198
BLOCK01/SES012/SA012S11	SES082	-2.81864	-46.0384	-43.2198
BLOCK01/SES012/SA012S11	SES083	-2.39862	-45.6184	-43.2198
BLOCK01/SES012/SA012S11	SES206	-1.90647	-45.1262	-43.2198
BLOCK01/SES012/SA012S14	SES082	-2.03109	-46.319	-44.288
BLOCK01/SES012/SA012S14	SES087	-3.66786	-47.9558	-44.288
BLOCK01/SES012/SA012S14	SES206	-2.04238	-46.3303	-44.288
BLOCK01/SES012/SA012S14	SES292	-2.54726	-46.8352	-44.288
BLOCK01/SES012/SA012S24	SES082	-1.17032	-46.1844	-45.0141
BLOCK01/SES012/SA012S24	SES087	-2.70263	-47.7167	-45.0141
BLOCK01/SES012/SA012S24	SES120	-2.89328	-47.9074	-45.0141
BLOCK01/SES012/SA012S24	SES206	-1.44687	-46.4609	-45.0141
BLOCK01/SES012/SA012S26	SES019	-4.55317	-48.8236	-44.2705
BLOCK01/SES012/SA012S26	SES082	-3.36935	-47.6398	-44.2705
BLOCK01/SES012/SA012S26	SES206	-1.40807	-45.6785	-44.2705
BLOCK01/SES012/SA012S26	SES292	-2.12609	-46.3966	-44.2705
BLOCK01/SES012/SA012S29	SES062	-2.07447	-45.8718	-43.7974
BLOCK01/SES012/SA012S29	SES082	-1.74167	-45.539	-43.7974
BLOCK01/SES012/SA012S29	SES083	-2.66804	-46.4654	-43.7974
BLOCK01/SES012/SA012S29	SES206	-1.60507	-45.4024	-43.7974
BLOCK01/SES013/SA013S16	SES062	-2.84801	-47.5227	-44.6747
BLOCK01/SES013/SA013S16	SES106	-1.467	-46.1417	-44.6747
BLOCK01/SES013/SA013S16	SES206	-1.60082	-46.2756	-44.6747
BLOCK01/SES013/SA013S16	SES226	-1.07968	-45.7544	-44.6747
BLOCK01/SES013/SA013S17	SES062	-2.83103	-46.571	-43.74
BLOCK01/SES013/SA013S17	SES106	-2.18193	-45.9219	-43.74
BLOCK01/SES013/SA013S17	SES206	-1.14864	-44.8886	-43.74
BLOCK01/SES013/SA013S17	SES226	-0.649902	-44.3899	-43.74
BLOCK01/SES013/SA013S23	SES104	-2.40757	-47.2296	-44.822
BLOCK01/SES013/SA013S23	SES106	-1.43018	-46.2522	-44.822
BLOCK01/SES013/SA013S23	SES206	-1.84464	-46.6666	-44.822
BLOCK01/SES013/SA013S23	SES270	-1.23083	-46.0528	-44.822
BLOCK01/SES013/SA013S25	SES042	-2.60475	-46.8875	-44.2828
BLOCK01/SES013/SA013S25	SES104	-2.21277	-46.4955	-44.2828
BLOCK01/SES013/SA013S25	SES106	-1.10896	-45.3917	-44.2828
BLOCK01/SES013/SA013S25	SES206	-1.66884	-45.9516	-44.2828
BLOCK01/SES013/SA013S29	SES062	-3.47259	-48.1384	-44.6659
BLOCK01/SES013/SA013S29	SES104	-2.9618	-47.6277	-44.6659
BLOCK01/SES013/SA013S29	SES106	-1.29808	-45.9639	-44.6659
BLOCK01/SES013/SA013S29	SES206	-2.42702	-47.0929	-44.6659
BLOCK02/SES021/SA021S13	SES016	-2.97807	-46.2128	-43.2348
BLOCK02/SES021/SA021S13	SES029	-1.71865	-44.9534	-43.2348
BLOCK02/SES021/SA021S13	SES087	-3.26621	-46.501	-43.2348
BLOCK02/SES021/SA021S13	SES206	-1.84134	-45.0761	-43.2348
BLOCK02/SES021/SA021S15	SES087	-2.14952	-44.938	-42.7884
BLOCK02/SES021/SA021S15	SES125	-1.51909	-44.3075	-42.7884
BLOCK02/SES021/SA021S15	SES206	-1.44041	-44.2289	-42.7884
BLOCK02/SES021/SA021S15	SES226	-2.17754	-44.966	-42.7884
BLOCK02/SES021/SA021S23	SES062	-2.8533	-47.4293	-44.576
BLOCK02/SES021/SA021S23	SES087	-2.90554	-47.4815	-44.576
BLOCK02/SES021/SA021S23	SES206	-2.33538	-46.9113	-44.576
BLOCK02/SES021/SA021S23	SES226	-2.17584	-46.7518	-44.576
BLOCK02/SES021/SA021S27	SES002	-2.06316	-45.3325	-43.2694
BLOCK02/SES021/SA021S27	SES016	-4.2476	-47.517	-43.2694
BLOCK02/SES021/SA021S27	SES019	-2.52314	-45.7925	-43.2694
BLOCK02/SES021/SA021S27	SES062	-1.62132	-44.8907	-43.2694
BLOCK02/SES021/SA021S29	SES087	-2.82629	-46.0076	-43.1813
BLOCK02/SES021/SA021S29	SES125	-2.02982	-45.2111	-43.1813
BLOCK02/SES021/SA021S29	SES206	-1.62512	-44.8064	-43.1813
BLOCK02/SES021/SA021S29	SES226	-2.08986	-45.2711	-43.1813
BLOCK04/SES043/SA043S09	SES083	-1.90812	-47.0892	-45.1811
BLOCK04/SES043/SA043S09	SES101	-3.02353	-48.2046	-45.1811
BLOCK04/SES043/SA043S09	SES144	-1.22983	-46.4109	-45.1811
BLOCK04/SES043/SA043S09	SES172	-2.52994	-47.711	-45.1811
BLOCK04/SES043/SA043S11	SES083	-1.48421	-45.4709	-43.9867
BLOCK04/SES043/SA043S11	SES101	-2.17712	-46.1638	-43.9867
BLOCK04/SES043/SA043S11	SES144	-1.3759	-45.3626	-43.9867
BLOCK04/SES043/SA043S11	SES172	-1.84703	-45.8337	-43.9867
BLOCK04/SES043/SA043S23	SES083	-1.65578	-45.6413	-43.9855
BLOCK04/SES043/SA043S23	SES144	-0.611622	-44.5971	-43.9855
BLOCK04/SES043/SA043S23	SES177	-1.98829	-45.9738	-43.9855
BLOCK04/SES043/SA043S23	SES275	-1.45774	-45.4432	-43.9855
BLOCK04/SES043/SA043S26	SES083	-1.64794	-46.0771	-44.4291
BLOCK04/SES043/SA043S26	SES101	-1.77878	-46.2079	-44.4291
BLOCK04/SES043/SA043S26	SES144	-0.397854	-44.827	-44.4291
BLOCK04/SES043/SA043S26	SES177	-1.81133	-46.2405	-44.4291
BLOCK04/SES043/SA043S28	SES016	-2.73938	-46.7155	-43.9761
BLOCK04/SES043/SA043S28	SES083	-1.09835	-45.0744	-43.9761
BLOCK04/SES043/SA043S28	SES101	-1.21643	-45.1925	-43.9761
BLOCK04/SES043/SA043S28	SES144	-1.16802	-45.1441	-43.9761
BLOCK04/SES044/SA044S10	SES127	-4.42483	-50.8854	-46.4605
BLOCK04/SES044/SA044S10	SES144	-0.643867	-47.1044	-46.4605
BLOCK04/SES044/SA044S10	SES147	-4.16252	-50.623	-46.4605
BLOCK04/SES044/SA044S10	SES148	-2.94229	-49.4028	-46.4605
BLOCK04/SES044/SA044S11	SES101	-3.08672	-48.4708	-45.3841
BLOCK04/SES044/SA044S11	SES144	-0.387569	-45.7716	-45.3841
BLOCK04/SES044/SA044S11	SES147	-3.2839	-48.668	-45.3841
BLOCK04/SES044/SA044S11	SES177	-3.12037	-48.5044	-45.3841
BLOCK04/SES044/SA044S24	SES007	-2.50084	-47.2447	-44.7439
BLOCK04/SES044/SA044S24	SES101	-2.42658	-47.1704	-44.7439
BLOCK04/SES044/SA044S24	SES147	-3.26361	-48.0075	-44.7439
BLOCK04/SES044/SA044S24	SES177	-2.53474	-47.2786	-44.7439
BLOCK04/SES044/SA044S26	SES007	-2.17949	-46.862	-44.6825
BLOCK04/SES044/SA044S26	SES016	-1.8132	-46.4957	-44.6825
BLOCK04/SES044/SA044S26	SES101	-2.3984	-47.0809	-44.6825
BLOCK04/SES044/SA044S26	SES147	-2.45794	-47.1404	-44.6825
BLOCK04/SES044/SA044S29	SES007	-2.07265	-46.2654	-44.1927
BLOCK04/SES044/SA044S29	SES101	-1.84422	-46.0369	-44.1927
BLOCK04/SES044/SA044S29	SES147	-3.22324	-47.416	-44.1927
BLOCK04/SES044/SA044S29	SES177	-2.51023	-46.703	-44.1927
BLOCK04/SES046/SA046S13	SES101	-2.5612	-47.2352	-44.674
BLOCK04/SES046/SA046S13	SES144	-1.12768	-45.8017	-44.674
BLOCK04/SES046/SA046S13	SES147	-3.35093	-48.025	-44.674
BLOCK04/SES046/SA046S13	SES177	-2.53427	-47.2083	-44.674
BLOCK04/SES046/SA046S15	SES048	-1.49964	-44.7365	-43.2369
BLOCK04/SES046/SA046S15	SES083	-2.08665	-45.3235	-43.2369
BLOCK04/SES046/SA046S15	SES120	-3.18325	-46.4201	-43.2369
BLOCK04/SES046/SA046S15	SES148	-1.6436	-44.8805	-43.2369
BLOCK04/SES046/SA046S22	SES101	-1.73452	-45.9648	-44.2303
BLOCK04/SES046/SA046S22	SES144	-1.33521	-45.5655	-44.2303
BLOCK04/SES046/SA046S22	SES147	-3.54341	-47.7737	-44.2303
BLOCK04/SES046/SA046S22	SES172	-1.71416	-45.9444	-44.2303
BLOCK04/SES046/SA046S25	SES083	-1.61839	-46.1435	-44.5251
BLOCK04/SES046/SA046S25	SES127	-1.80431	-46.3294	-44.5251
BLOCK04/SES046/SA046S25	SES144	-2.29406	-46.8192	-44.5251
BLOCK04/SES046/SA046S25	SES148	-2.05283	-46.578	-44.5251
BLOCK04/SES046/SA046S28	SES007	-3.26749	-48.1792	-44.9117
BLOCK04/SES046/SA046S28	SES105	-2.03822	-46.95	-44.9117
BLOCK04/SES046/SA046S28	SES147	-3.18371	-48.0954	-44.9117
BLOCK04/SES046/SA046S28	SES148	-1.63597	-46.5477	-44.9117
BLOCK04/SES049/SA049S16	SES104	-2.73352	-48.8402	-46.1067
BLOCK04/SES049/SA049S16	SES106	-2.40321	-48.5099	-46.1067
BLOCK04/SES049/SA049S16	SES120	-2.50137	-48.6081	-46.1067
BLOCK04/SES049/SA049S16	SES206	-1.83415	-47.9408	-46.1067
BLOCK04/SES049/SA049S18	SES099	-1.90502	-48.4333	-46.5283
BLOCK04/SES049/SA049S18	SES104	-3.78313	-50.3114	-46.5283
BLOCK04/SES049/SA049S18	SES125	-3.15718	-49.6854	-46.5283
BLOCK04/SES049/SA049S18	SES206	-3.0116	-49.5399	-46.5283
BLOCK04/SES049/SA049S25	SES087	-2.01614	-47.549	-45.5328
BLOCK04/SES049/SA049S25	SES104	-1.43772	-46.9706	-45.5328
BLOCK04/SES049/SA049S25	SES125	-2.15054	-47.6834	-45.5328
BLOCK04/SES049/SA049S25	SES206	-1.22861	-46.7614	-45.5328
BLOCK04/SES049/SA049S27	SES099	-1.39832	-46.5183	-45.12
BLOCK04/SES049/SA049S27	SES104	-1.1144	-46.2344	-45.12
BLOCK04/SES049/SA049S27	SES125	-2.98532	-48.1053	-45.12
BLOCK04/SES049/SA049S27	SES206	-2.01751	-47.1375	-45.12
BLOCK04/SES049/SA049S29	SES099	-0.779873	-45.075	-44.2951
BLOCK04/SES049/SA049S29	SES104	-1.10047	-45.3956	-44.2951
BLOCK04/SES049/SA049S29	SES125	-2.37222	-46.6673	-44.2951
BLOCK04/SES049/SA049S29	SES206	-1.5204	-45.8155	-44.2951
BLOCK06/SES063/SA063S09	SES068	-2.12932	-46.6384	-44.509
BLOCK06/SES063/SA063S09	SES083	-1.34319	-45.8522	-44.509
BLOCK06/SES063/SA063S09	SES177	-2.13751	-46.6466	-44.509
BLOCK06/SES063/SA063S09	SES187	-2.22551	-46.7346	-44.509
BLOCK06/SES063/SA063S10	SES068	-2.428	-46.8968	-44.4688
BLOCK06/SES063/SA063S10	SES083	-1.69393	-46.1628	-44.4688
BLOCK06/SES063/SA063S10	SES172	-1.42843	-45.8973	-44.4688
BLOCK06/SES063/SA063S10	SES187	-1.98854	-46.4574	-44.4688
BLOCK06/SES063/SA063S20	SES068	-2.30097	-46.4706	-44.1696
BLOCK06/SES063/SA063S20	SES083	-1.34941	-45.5191	-44.1696
BLOCK06/SES063/SA063S20	SES172	-0.915173	-45.0848	-44.1696
BLOCK06/SES063/SA063S20	SES187	-1.49786	-45.6675	-44.1696
BLOCK06/SES063/SA063S24	SES029	-2.91341	-46.642	-43.7285
BLOCK06/SES063/SA063S24	SES083	-0.705898	-44.4344	-43.7285
BLOCK06/SES063/SA063S24	SES177	-1.57312	-45.3017	-43.7285
BLOCK06/SES063/SA063S24	SES189	-1.78942	-45.518	-43.7285
BLOCK06/SES063/SA063S27	SES083	-0.714321	-45.3578	-44.6435
BLOCK06/SES063/SA063S27	SES172	-0.914623	-45.5581	-44.6435
BLOCK06/SES063/SA063S27	SES187	-2.34253	-46.986	-44.6435
BLOCK06/SES063/SA063S27	SES292	-2.11847	-46.762	-44.6435
BLOCK06/SES067/SA067S12	SES083	-2.26662	-46.0853	-43.8187
BLOCK06/SES067/SA067S12	SES172	-1.9246	-45.7433	-43.8187
BLOCK06/SES067/SA067S12	SES202	-0.949955	-44.7686	-43.8187
BLOCK06/SES067/SA067S12	SES292	-1.9901	-45.8088	-43.8187
BLOCK06/SES067/SA067S14	SES085	-1.84078	-45.245	-43.4042
BLOCK06/SES067/SA067S14	SES177	-2.20518	-45.6094	-43.4042
BLOCK06/SES067/SA067S14	SES183	-1.46986	-44.874	-43.4042
BLOCK06/SES067/SA067S14	SES202	-1.07317	-44.4774	-43.4042
BLOCK06/SES067/SA067S21	SES144	-1.67221	-46.2992	-44.627
BLOCK06/SES067/SA067S21	SES177	-1.97634	-46.6033	-44.627
BLOCK06/SES067/SA067S21	SES183	-1.76511	-46.3921	-44.627
BLOCK06/SES067/SA067S21	SES189	-1.29438	-45.9213	-44.627
BLOCK06/SES067/SA067S25	SES085	-1.40847	-45.5299	-44.1214
BLOCK06/SES067/SA067S25	SES177	-2.12226	-46.2437	-44.1214
BLOCK06/SES067/SA067S25	SES183	-1.39437	-45.5158	-44.1214
BLOCK06/SES067/SA067S25	SES202	-1.00835	-45.1298	-44.1214
BLOCK06/SES067/SA067S29	SES085	-2.03579	-46.0383	-44.0026
BLOCK06/SES067/SA067S29	SES177	-1.97989	-45.9824	-44.0026
BLOCK06/SES067/SA067S29	SES183	-1.68023	-45.6828	-44.0026
BLOCK06/SES067/SA067S29	SES202	-0.731895	-44.7344	-44.0026
BLOCK06/SES069/SA069S12	SES029	-2.23035	-46.3229	-44.0925
BLOCK06/SES069/SA069S12	SES082	-1.87381	-45.9663	-44.0925
BLOCK06/SES069/SA069S12	SES087	-2.44182	-46.5343	-44.0925
BLOCK06/SES069/SA069S12	SES206	-1.66652	-45.759	-44.0925
BLOCK06/SES069/SA069S13	SES029	-3.29777	-47.3614	-44.0636
BLOCK06/SES069/SA069S13	SES087	-2.98814	-47.0518	-44.0636
BLOCK06/SES069/SA069S13	SES206	-2.4796	-46.5432	-44.0636
BLOCK06/SES069/SA069S13	SES226	-1.6609	-45.7245	-44.0636
BLOCK06/SES069/SA069S23	SES029	-0.690434	-43.0942	-42.4038
BLOCK06/SES069/SA069S23	SES087	-2.05194	-44.4557	-42.4038
BLOCK06/SES069/SA069S23	SES206	-2.27988	-44.6837	-42.4038
BLOCK06/SES069/SA069S23	SES226	-1.31597	-43.7197	-42.4038
BLOCK06/SES069/SA069S25	SES087	-1.68178	-44.9398	-43.2581
BLOCK06/SES069/SA069S25	SES206	-2.43485	-45.6929	-43.2581
BLOCK06/SES069/SA069S25	SES226	-1.79235	-45.0504	-43.2581
BLOCK06/SES069/SA069S25	SES270	-2.15001	-45.4081	-43.2581
BLOCK06/SES069/SA069S27	SES087	-2.94448	-46.641	-43.6965
BLOCK06/SES069/SA069S27	SES206	-1.47561	-45.1721	-43.6965
BLOCK06/SES069/SA069S27	SES226	-1.28188	-44.9784	-43.6965
BLOCK06/SES069/SA069S27	SES270	-1.40302	-45.0995	-43.6965
BLOCK08/SES081/SA081S11	SES060	-2.09265	-45.5681	-43.4754
BLOCK08/SES081/SA081S11	SES062	-2.74529	-46.2207	-43.4754
BLOCK08/SES081/SA081S11	SES117	-3.46636	-46.9418	-43.4754
BLOCK08/SES081/SA081S11	SES162	-2.54754	-46.023	-43.4754
BLOCK08/SES081/SA081S13	SES016	-1.5365	-45.0032	-43.4667
BLOCK08/SES081/SA081S13	SES060	-0.613529	-44.0803	-43.4667
BLOCK08/SES081/SA081S13	SES068	-0.918903	-44.3856	-43.4667
BLOCK08/SES081/SA081S13	SES129	-1.9421	-45.4088	-43.4667
BLOCK08/SES081/SA081S24	SES060	-0.980549	-44.6432	-43.6627
BLOCK08/SES081/SA081S24	SES068	-1.0788	-44.7415	-43.6627
BLOCK08/SES081/SA081S24	SES117	-2.76606	-46.4287	-43.6627
BLOCK08/SES081/SA081S24	SES275	-1.93962	-45.6023	-43.6627
BLOCK08/SES081/SA081S27	SES007	-1.27354	-44.9001	-43.6265
BLOCK08/SES081/SA081S27	SES060	-1.54413	-45.1707	-43.6265
BLOCK08/SES081/SA081S27	SES117	-1.91935	-45.5459	-43.6265
BLOCK08/SES081/SA081S27	SES275	-1.36718	-44.9937	-43.6265
BLOCK08/SES081/SA081S29	SES007	-1.22389	-44.5868	-43.3629
BLOCK08/SES081/SA081S29	SES060	-1.21969	-44.5826	-43.3629
BLOCK08/SES081/SA081S29	SES117	-2.62241	-45.9853	-43.3629
BLOCK08/SES081/SA081S29	SES275	-1.93562	-45.2985	-43.3629
BLOCK08/SES086/SA086S11	SES029	-4.3539	-50.18	-45.826
BLOCK08/SES086/SA086S11	SES082	-3.12657	-48.9526	-45.826
BLOCK08/SES086/SA086S11	SES087	-1.4604	-47.2864	-45.826
BLOCK08/SES086/SA086S11	SES206	-2.9641	-48.7901	-45.826
BLOCK08/SES086/SA086S12	SES029	-3.28698	-48.2073	-44.9203
BLOCK08/SES086/SA086S12	SES082	-2.90514	-47.8254	-44.9203
BLOCK08/SES086/SA086S12	SES087	-0.507519	-45.4278	-44.9203
BLOCK08/SES086/SA086S12	SES206	-1.61653	-46.5368	-44.9203
BLOCK08/SES086/SA086S20	SES029	-3.06201	-46.8803	-43.8183
BLOCK08/SES086/SA086S20	SES082	-3.3267	-47.145	-43.8183
BLOCK08/SES086/SA086S20	SES087	-0.348675	-44.1669	-43.8183
BLOCK08/SES086/SA086S20	SES206	-1.24608	-45.0643	-43.8183
BLOCK08/SES086/SA086S24	SES087	-1.04808	-46.3936	-45.3455
BLOCK08/SES086/SA086S24	SES104	-2.66925	-48.0148	-45.3455
BLOCK08/SES086/SA086S24	SES120	-2.7407	-48.0862	-45.3455
BLOCK08/SES086/SA086S24	SES206	-1.10287	-46.4484	-45.3455
BLOCK08/SES086/SA086S28	SES029	-3.0411	-47.4887	-44.4477
BLOCK08/SES086/SA086S28	SES082	-2.51625	-46.9639	-44.4477
BLOCK08/SES086/SA086S28	SES087	-0.872471	-45.3201	-44.4477
BLOCK08/SES086/SA086S28	SES206	-1.29311	-45.7408	-44.4477
BLOCK08/SES089/SA089S13	SES087	-2.97771	-47.3633	-44.3856
BLOCK08/SES089/SA089S13	SES206	-2.61734	-47.0029	-44.3856
BLOCK08/SES089/SA089S13	SES226	-1.89596	-46.2815	-44.3856
BLOCK08/SES089/SA089S13	SES270	-3.96103	-48.3466	-44.3856
BLOCK08/SES089/SA089S14	SES062	-2.63331	-46.7119	-44.0786
BLOCK08/SES089/SA089S14	SES087	-1.56221	-45.6408	-44.0786
BLOCK08/SES089/SA089S14	SES206	-1.78435	-45.8629	-44.0786
BLOCK08/SES089/SA089S14	SES226	-1.68862	-45.7672	-44.0786
BLOCK08/SES089/SA089S23	SES087	-1.97044	-46.6191	-44.6487
BLOCK08/SES089/SA089S23	SES206	-2.11456	-46.7632	-44.6487
BLOCK08/SES089/SA089S23	SES226	-2.38954	-47.0382	-44.6487
BLOCK08/SES089/SA089S23	SES270	-3.85793	-48.5066	-44.6487
BLOCK08/SES089/SA089S25	SES062	-2.88313	-46.8542	-43.9711
BLOCK08/SES089/SA089S25	SES087	-1.71585	-45.6869	-43.9711
BLOCK08/SES089/SA089S25	SES206	-2.77764	-46.7487	-43.9711
BLOCK08/SES089/SA089S25	SES226	-2.01649	-45.9876	-43.9711
BLOCK08/SES089/SA089S28	SES062	-1.71338	-45.7085	-43.9952
BLOCK08/SES089/SA089S28	SES087	-1.17204	-45.1672	-43.9952
BLOCK08/SES089/SA089S28	SES206	-1.60677	-45.6019	-43.9952
BLOCK08/SES089/SA089S28	SES226	-1.74317	-45.7383	-43.9952
BLOCK09/SES097/SA097S11	SES099	-0.570271	-45.5968	-45.0266
BLOCK09/SES097/SA097S11	SES125	-3.06283	-48.0894	-45.0266
BLOCK09/SES097/SA097S11	SES206	-1.81801	-46.8446	-45.0266
BLOCK09/SES097/SA097S11	SES226	-1.18458	-46.2111	-45.0266
BLOCK09/SES097/SA097S14	SES062	-1.65669	-46.8049	-45.1483
BLOCK09/SES097/SA097S14	SES099	-1.22135	-46.3696	-45.1483
BLOCK09/SES097/SA097S14	SES104	-2.32884	-47.4771	-45.1483
BLOCK09/SES097/SA097S14	SES206	-2.26051	-47.4088	-45.1483
BLOCK09/SES097/SA097S22	SES099	-0.526566	-45.9776	-45.451
BLOCK09/SES097/SA097S22	SES206	-1.44567	-46.8967	-45.451
BLOCK09/SES097/SA097S22	SES226	-1.72038	-47.1714	-45.451
BLOCK09/SES097/SA097S22	SES270	-0.677593	-46.1286	-45.451
BLOCK09/SES097/SA097S26	SES099	-0.675793	-45.6589	-44.9831
BLOCK09/SES097/SA097S26	SES120	-2.00707	-46.9902	-44.9831
BLOCK09/SES097/SA097S26	SES206	-1.34483	-46.3279	-44.9831
BLOCK09/SES097/SA097S26	SES226	-1.89672	-46.8798	-44.9831
BLOCK09/SES097/SA097S28	SES099	-0.912086	-46.0998	-45.1877
BLOCK09/SES097/SA097S28	SES120	-1.74868	-46.9364	-45.1877
BLOCK09/SES097/SA097S28	SES206	-2.21006	-47.3978	-45.1877
BLOCK09/SES097/SA097S28	SES226	-2.11155	-47.2992	-45.1877
BLOCK09/SES098/SA098S11	SES127	-3.55971	-48.8299	-45.2702
BLOCK09/SES098/SA098S11	SES144	-2.82463	-48.0948	-45.2702
BLOCK09/SES098/SA098S11	SES147	-2.51021	-47.7804	-45.2702
BLOCK09/SES098/SA098S11	SES148	-3.63408	-48.9043	-45.2702
BLOCK09/SES098/SA098S12	SES127	-4.4211	-50.9134	-46.4924
BLOCK09/SES098/SA098S12	SES144	-2.48946	-48.9818	-46.4924
BLOCK09/SES098/SA098S12	SES147	-3.10642	-49.5988	-46.4924
BLOCK09/SES098/SA098S12	SES189	-1.76976	-48.2621	-46.4924
BLOCK09/SES098/SA098S20	SES127	-5.33227	-51.1149	-45.7827
BLOCK09/SES098/SA098S20	SES147	-3.45295	-49.2356	-45.7827
BLOCK09/SES098/SA098S20	SES148	-3.419	-49.2017	-45.7827
BLOCK09/SES098/SA098S20	SES292	-4.04152	-49.8242	-45.7827
BLOCK09/SES098/SA098S23	SES127	-3.17252	-48.2987	-45.1261
BLOCK09/SES098/SA098S23	SES147	-2.91497	-48.0411	-45.1261
BLOCK09/SES098/SA098S23	SES187	-1.69324	-46.8194	-45.1261
BLOCK09/SES098/SA098S23	SES292	-2.39532	-47.5215	-45.1261
BLOCK09/SES098/SA098S27	SES127	-4.48438	-49.5958	-45.1114
BLOCK09/SES098/SA098S27	SES147	-3.85752	-48.9689	-45.1114
BLOCK09/SES098/SA098S27	SES148	-4.16357	-49.275	-45.1114
BLOCK09/SES098/SA098S27	SES292	-2.4109	-47.5223	-45.1114
BLOCK10/SES102/SA102S13	SES101	-1.90938	-46.88	-44.9707
BLOCK10/SES102/SA102S13	SES105	-2.03342	-47.0041	-44.9707
BLOCK10/SES102/SA102S13	SES120	-2.29803	-47.2687	-44.9707
BLOCK10/SES102/SA102S13	SES158	-4.89041	-49.8611	-44.9707
BLOCK10/SES102/SA102S14	SES007	-0.67382	-44.0574	-43.3836
BLOCK10/SES102/SA102S14	SES101	-1.14153	-44.5251	-43.3836
BLOCK10/SES102/SA102S14	SES105	-0.84478	-44.2284	-43.3836
BLOCK10/SES102/SA102S14	SES147	-3.49006	-46.8737	-43.3836
BLOCK10/SES102/SA102S22	SES007	-1.58851	-45.5743	-43.9857
BLOCK10/SES102/SA102S22	SES101	-0.913464	-44.8992	-43.9857
BLOCK10/SES102/SA102S22	SES105	-0.897255	-44.883	-43.9857
BLOCK10/SES102/SA102S22	SES158	-3.59747	-47.5832	-43.9857
BLOCK10/SES102/SA102S25	SES007	-1.06565	-45.1995	-44.1339
BLOCK10/SES102/SA102S25	SES101	-0.701908	-44.8358	-44.1339
BLOCK10/SES102/SA102S25	SES105	-1.21365	-45.3475	-44.1339
BLOCK10/SES102/SA102S25	SES147	-3.81997	-47.9539	-44.1339
BLOCK10/SES102/SA102S27	SES007	-1.3452	-45.6858	-44.3406
BLOCK10/SES102/SA102S27	SES101	-1.22701	-45.5676	-44.3406
BLOCK10/SES102/SA102S27	SES105	-1.79876	-46.1393	-44.3406
BLOCK10/SES102/SA102S27	SES147	-2.99981	-47.3404	-44.3406
BLOCK10/SES103/SA103S14	SES105	-2.90579	-48.5852	-45.6794
BLOCK10/SES103/SA103S14	SES106	-1.35832	-47.0377	-45.6794
BLOCK10/SES103/SA103S14	SES120	-3.1851	-48.8645	-45.6794
BLOCK10/SES103/SA103S14	SES206	-2.48695	-48.1664	-45.6794
BLOCK10/SES103/SA103S15	SES099	-2.16207	-48.6376	-46.4755
BLOCK10/SES103/SA103S15	SES101	-4.92294	-51.3985	-46.4755
BLOCK10/SES103/SA103S15	SES104	-3.12455	-49.6001	-46.4755
BLOCK10/SES103/SA103S15	SES125	-2.29359	-48.7691	-46.4755
BLOCK10/SES103/SA103S24	SES104	-2.50482	-47.7269	-45.222
BLOCK10/SES103/SA103S24	SES125	-2.28722	-47.5093	-45.222
BLOCK10/SES103/SA103S24	SES148	-3.45815	-48.6802	-45.222
BLOCK10/SES103/SA103S24	SES158	-1.85759	-47.0796	-45.222
BLOCK10/SES103/SA103S26	SES104	-3.21017	-48.7799	-45.5697
BLOCK10/SES103/SA103S26	SES106	-1.63858	-47.2083	-45.5697
BLOCK10/SES103/SA103S26	SES125	-2.323	-47.8927	-45.5697
BLOCK10/SES103/SA103S26	SES148	-4.06876	-49.6385	-45.5697
BLOCK10/SES103/SA103S28	SES104	-3.2566	-48.8636	-45.607
BLOCK10/SES103/SA103S28	SES106	-2.11425	-47.7213	-45.607
BLOCK10/SES103/SA103S28	SES125	-2.8937	-48.5007	-45.607
BLOCK10/SES103/SA103S28	SES206	-3.4724	-49.0794	-45.607
BLOCK12/SES121/SA121S12	SES042	-2.99893	-49.52	-46.5211
BLOCK12/SES121/SA121S12	SES087	-2.26034	-48.7814	-46.5211
BLOCK12/SES121/SA121S12	SES105	-1.25185	-47.7729	-46.5211
BLOCK12/SES121/SA121S12	SES206	-2.44348	-48.9646	-46.5211
BLOCK12/SES121/SA121S14	SES007	-3.19374	-50.0992	-46.9054
BLOCK12/SES121/SA121S14	SES105	-2.39857	-49.304	-46.9054
BLOCK12/SES121/SA121S14	SES106	-3.08636	-49.9918	-46.9054
BLOCK12/SES121/SA121S14	SES206	-3.05093	-49.9564	-46.9054
BLOCK12/SES121/SA121S23	SES105	-2.06483	-48.8461	-46.7813
BLOCK12/SES121/SA121S23	SES106	-2.88257	-49.6638	-46.7813
BLOCK12/SES121/SA121S23	SES120	-3.32795	-50.1092	-46.7813
BLOCK12/SES121/SA121S23	SES206	-1.99374	-48.775	-46.7813
BLOCK12/SES121/SA121S25	SES007	-2.50023	-49.9661	-47.4659
BLOCK12/SES121/SA121S25	SES105	-2.35888	-49.8248	-47.4659
BLOCK12/SES121/SA121S25	SES106	-2.94337	-50.4093	-47.4659
BLOCK12/SES121/SA121S25	SES206	-2.81232	-50.2782	-47.4659
BLOCK12/SES121/SA121S27	SES087	-0.869942	-47.2839	-46.414
BLOCK12/SES121/SA121S27	SES105	-4.01457	-50.4286	-46.414
BLOCK12/SES121/SA121S27	SES120	-2.01308	-48.4271	-46.414
BLOCK12/SES121/SA121S27	SES206	-2.64084	-49.0548	-46.414
BLOCK12/SES124/SA124S16	SES042	-0.749809	-44.9228	-44.173
BLOCK12/SES124/SA124S16	SES082	-1.9831	-46.1561	-44.173
BLOCK12/SES124/SA124S16	SES183	-3.5287	-47.7017	-44.173
BLOCK12/SES124/SA124S16	SES206	-1.71999	-45.893	-44.173
BLOCK12/SES124/SA124S17	SES105	-3.08594	-48.1725	-45.0866
BLOCK12/SES124/SA124S17	SES149	-3.03328	-48.1199	-45.0866
BLOCK12/SES124/SA124S17	SES158	-4.01118	-49.0978	-45.0866
BLOCK12/SES124/SA124S17	SES275	-3.0447	-48.1313	-45.0866
BLOCK12/SES124/SA124S23	SES105	-2.56819	-45.9469	-43.3787
BLOCK12/SES124/SA124S23	SES125	-0.506268	-43.8849	-43.3787
BLOCK12/SES124/SA124S23	SES129	-3.42852	-46.8072	-43.3787
BLOCK12/SES124/SA124S23	SES158	-1.47352	-44.8522	-43.3787
BLOCK12/SES124/SA124S26	SES105	-3.34363	-46.9787	-43.635
BLOCK12/SES124/SA124S26	SES125	-0.801815	-44.4368	-43.635
BLOCK12/SES124/SA124S26	SES129	-4.16439	-47.7994	-43.635
BLOCK12/SES124/SA124S26	SES158	-2.62246	-46.2575	-43.635
BLOCK12/SES124/SA124S28	SES104	-1.55727	-45.4337	-43.8765
BLOCK12/SES124/SA124S28	SES106	-1.5182	-45.3947	-43.8765
BLOCK12/SES124/SA124S28	SES125	-0.715096	-44.5916	-43.8765
BLOCK12/SES124/SA124S28	SES275	-3.00815	-46.8846	-43.8765
BLOCK12/SES126/SA126S13	SES007	-2.16007	-47.5348	-45.3747
BLOCK12/SES126/SA126S13	SES162	-2.82087	-48.1956	-45.3747
BLOCK12/SES126/SA126S13	SES177	-2.4404	-47.8151	-45.3747
BLOCK12/SES126/SA126S13	SES180	-2.63313	-48.0079	-45.3747
BLOCK12/SES126/SA126S14	SES144	-1.44912	-45.2757	-43.8266
BLOCK12/SES126/SA126S14	SES148	-1.6303	-45.4569	-43.8266
BLOCK12/SES126/SA126S14	SES177	-1.20951	-45.0361	-43.8266
BLOCK12/SES126/SA126S14	SES180	-1.62521	-45.4518	-43.8266
BLOCK12/SES126/SA126S20	SES007	-1.83658	-46.2769	-44.4403
BLOCK12/SES126/SA126S20	SES162	-2.04877	-46.4891	-44.4403
BLOCK12/SES126/SA126S20	SES172	-3.11835	-47.5586	-44.4403
BLOCK12/SES126/SA126S20	SES180	-2.30725	-46.7475	-44.4403
BLOCK12/SES126/SA126S24	SES120	-1.69864	-45.8499	-44.1513
BLOCK12/SES126/SA126S24	SES162	-1.94604	-46.0973	-44.1513
BLOCK12/SES126/SA126S24	SES177	-1.65493	-45.8062	-44.1513
BLOCK12/SES126/SA126S24	SES180	-1.45837	-45.6096	-44.1513
BLOCK12/SES126/SA126S26	SES120	-1.45103	-46.1479	-44.6969
BLOCK12/SES126/SA126S26	SES177	-2.19681	-46.8937	-44.6969
BLOCK12/SES126/SA126S26	SES180	-2.16482	-46.8617	-44.6969
BLOCK12/SES126/SA126S26	SES202	-1.59082	-46.2877	-44.6969
BLOCK12/SES128/SA128S10	SES087	-3.78926	-48.3587	-44.5695
BLOCK12/SES128/SA128S10	SES206	-2.60118	-47.1707	-44.5695
BLOCK12/SES128/SA128S10	SES226	-2.02332	-46.5928	-44.5695
BLOCK12/SES128/SA128S10	SES270	-1.91608	-46.4856	-44.5695
BLOCK12/SES128/SA128S12	SES120	-2.29469	-46.636	-44.3413
BLOCK12/SES128/SA128S12	SES158	-2.0536	-46.3949	-44.3413
BLOCK12/SES128/SA128S12	SES206	-2.04229	-46.3836	-44.3413
BLOCK12/SES128/SA128S12	SES226	-2.10942	-46.4507	-44.3413
BLOCK12/SES128/SA128S21	SES106	-3.69233	-49.4487	-45.7563
BLOCK12/SES128/SA128S21	SES120	-1.86362	-47.62	-45.7563
BLOCK12/SES128/SA128S21	SES206	-3.94997	-49.7063	-45.7563
BLOCK12/SES128/SA128S21	SES226	-2.7558	-48.5121	-45.7563
BLOCK12/SES128/SA128S24	SES087	-3.40598	-48.4413	-45.0353
BLOCK12/SES128/SA128S24	SES120	-1.33854	-46.3738	-45.0353
BLOCK12/SES128/SA128S24	SES206	-2.80438	-47.8397	-45.0353
BLOCK12/SES128/SA128S24	SES226	-2.66163	-47.6969	-45.0353
BLOCK12/SES128/SA128S27	SES099	-1.57763	-45.7617	-44.184
BLOCK12/SES128/SA128S27	SES120	-1.09918	-45.2832	-44.184
BLOCK12/SES128/SA128S27	SES206	-1.98153	-46.1656	-44.184
BLOCK12/SES128/SA128S27	SES226	-1.37874	-45.5628	-44.184
BLOCK13/SES130/SA130S13	SES143	-1.82144	-47.4893	-45.6679
BLOCK13/SES130/SA130S13	SES144	-1.70076	-47.3686	-45.6679
BLOCK13/SES130/SA130S13	SES146	-2.09198	-47.7599	-45.6679
BLOCK13/SES130/SA130S13	SES275	-3.74189	-49.4098	-45.6679
BLOCK13/SES130/SA130S15	SES143	-2.14362	-46.5877	-44.4441
BLOCK13/SES130/SA130S15	SES144	-0.985306	-45.4294	-44.4441
BLOCK13/SES130/SA130S15	SES146	-1.39056	-45.8347	-44.4441
BLOCK13/SES130/SA130S15	SES275	-2.10434	-46.5485	-44.4441
BLOCK13/SES130/SA130S23	SES127	-2.67576	-48.4622	-45.7864
BLOCK13/SES130/SA130S23	SES144	-2.06664	-47.8531	-45.7864
BLOCK13/SES130/SA130S23	SES146	-1.81213	-47.5985	-45.7864
BLOCK13/SES130/SA130S23	SES162	-1.08336	-46.8698	-45.7864
BLOCK13/SES130/SA130S25	SES127	-1.94603	-46.6103	-44.6643
BLOCK13/SES130/SA130S25	SES144	-1.21658	-45.8809	-44.6643
BLOCK13/SES130/SA130S25	SES146	-1.45115	-46.1155	-44.6643
BLOCK13/SES130/SA130S25	SES275	-1.43295	-46.0973	-44.6643
BLOCK13/SES130/SA130S28	SES127	-1.68996	-46.3365	-44.6465
BLOCK13/SES130/SA130S28	SES144	-1.71027	-46.3568	-44.6465
BLOCK13/SES130/SA130S28	SES146	-1.64435	-46.2909	-44.6465
BLOCK13/SES130/SA130S28	SES275	-1.22901	-45.8755	-44.6465
BLOCK13/SES131/SA131S13	SES002	-3.87389	-50.7752	-46.9013
BLOCK13/SES131/SA131S13	SES007	-3.13848	-50.0398	-46.9013
BLOCK13/SES131/SA131S13	SES099	-2.75876	-49.6601	-46.9013
BLOCK13/SES131/SA131S13	SES105	-2.44376	-49.3451	-46.9013
BLOCK13/SES131/SA131S14	SES104	-2.52687	-48.0795	-45.5526
BLOCK13/SES131/SA131S14	SES106	-2.06274	-47.6153	-45.5526
BLOCK13/SES131/SA131S14	SES125	-2.52319	-48.0758	-45.5526
BLOCK13/SES131/SA131S14	SES148	-1.8614	-47.414	-45.5526
BLOCK13/SES131/SA131S20	SES104	-3.6615	-49.9027	-46.2412
BLOCK13/SES131/SA131S20	SES106	-2.5853	-48.8265	-46.2412
BLOCK13/SES131/SA131S20	SES125	-2.81805	-49.0592	-46.2412
BLOCK13/SES131/SA131S20	SES148	-3.41417	-49.6554	-46.2412
BLOCK13/SES131/SA131S22	SES099	-1.68262	-47.0132	-45.3306
BLOCK13/SES131/SA131S22	SES104	-2.69601	-48.0266	-45.3306
BLOCK13/SES131/SA131S22	SES125	-2.12743	-47.458	-45.3306
BLOCK13/SES131/SA131S22	SES206	-2.43573	-47.7663	-45.3306
BLOCK13/SES131/SA131S29	SES087	-1.70221	-47.9766	-46.2744
BLOCK13/SES131/SA131S29	SES104	-3.60349	-49.8779	-46.2744
BLOCK13/SES131/SA131S29	SES125	-2.44294	-48.7173	-46.2744
BLOCK13/SES131/SA131S29	SES206	-1.85222	-48.1266	-46.2744
BLOCK13/SES132/SA132S11	SES083	-2.74979	-46.7208	-43.971
BLOCK13/SES132/SA132S11	SES120	-0.608425	-44.5794	-43.971
BLOCK13/SES132/SA132S11	SES127	-1.86002	-45.831	-43.971
BLOCK13/SES132/SA132S11	SES275	-1.46706	-45.4381	-43.971
BLOCK13/SES132/SA132S12	SES083	-2.4888	-46.2805	-43.7917
BLOCK13/SES132/SA132S12	SES143	-2.53986	-46.3316	-43.7917
BLOCK13/SES132/SA132S12	SES144	-1.76523	-45.557	-43.7917
BLOCK13/SES132/SA132S12	SES148	-1.35043	-45.1422	-43.7917
BLOCK13/SES132/SA132S22	SES062	-1.13596	-44.5139	-43.3779
BLOCK13/SES132/SA132S22	SES083	-2.41837	-45.7963	-43.3779
BLOCK13/SES132/SA132S22	SES127	-1.78119	-45.1591	-43.3779
BLOCK13/SES132/SA132S22	SES275	-1.36443	-44.7423	-43.3779
BLOCK13/SES132/SA132S24	SES007	-1.11295	-44.6949	-43.5819
BLOCK13/SES132/SA132S24	SES083	-3.08912	-46.6711	-43.5819
BLOCK13/SES132/SA132S24	SES127	-2.24039	-45.8223	-43.5819
BLOCK13/SES132/SA132S24	SES275	-1.08719	-44.6691	-43.5819
BLOCK13/SES132/SA132S27	SES083	-2.998	-47.4399	-44.4419
BLOCK13/SES132/SA132S27	SES120	-0.642879	-45.0848	-44.4419
BLOCK13/SES132/SA132S27	SES127	-2.6636	-47.1055	-44.4419
BLOCK13/SES132/SA132S27	SES275	-1.80225	-46.2442	-44.4419
BLOCK14/SES141/SA141S09	SES143	-1.83731	-45.96	-44.1227
BLOCK14/SES141/SA141S09	SES144	-1.45045	-45.5732	-44.1227
BLOCK14/SES141/SA141S09	SES162	-1.8965	-46.0192	-44.1227
BLOCK14/SES141/SA141S09	SES180	-1.40014	-45.5228	-44.1227
BLOCK14/SES141/SA141S15	SES127	-1.81655	-46.022	-44.2055
BLOCK14/SES141/SA141S15	SES144	-1.85013	-46.0556	-44.2055
BLOCK14/SES141/SA141S15	SES162	-1.78104	-45.9865	-44.2055
BLOCK14/SES141/SA141S15	SES180	-1.48828	-45.6938	-44.2055
BLOCK14/SES141/SA141S24	SES127	-1.66623	-45.3386	-43.6723
BLOCK14/SES141/SA141S24	SES144	-2.4888	-46.1611	-43.6723
BLOCK14/SES141/SA141S24	SES162	-1.96917	-45.6415	-43.6723
BLOCK14/SES141/SA141S24	SES183	-2.66399	-46.3363	-43.6723
BLOCK14/SES141/SA141S26	SES142	-1.81496	-46.2406	-44.4257
BLOCK14/SES141/SA141S26	SES144	-1.96574	-46.3914	-44.4257
BLOCK14/SES141/SA141S26	SES172	-1.77039	-46.1961	-44.4257
BLOCK14/SES141/SA141S26	SES180	-1.84531	-46.271	-44.4257
BLOCK14/SES141/SA141S29	SES127	-1.14758	-45.0757	-43.9281
BLOCK14/SES141/SA141S29	SES142	-0.764397	-44.6925	-43.9281
BLOCK14/SES141/SA141S29	SES144	-1.73212	-45.6602	-43.9281
BLOCK14/SES141/SA141S29	SES180	-1.24588	-45.174	-43.9281
BLOCK15/SES157/SA157S08	SES083	-3.30173	-48.0366	-44.7348
BLOCK15/SES157/SA157S08	SES127	-1.65601	-46.3908	-44.7348
BLOCK15/SES157/SA157S08	SES148	-2.04521	-46.78	-44.7348
BLOCK15/SES157/SA157S08	SES292	-3.15403	-47.8889	-44.7348
BLOCK15/SES157/SA157S11	SES083	-3.24128	-47.9219	-44.6806
BLOCK15/SES157/SA157S11	SES127	-2.41058	-47.0912	-44.6806
BLOCK15/SES157/SA157S11	SES148	-2.28323	-46.9638	-44.6806
BLOCK15/SES157/SA157S11	SES292	-2.94349	-47.6241	-44.6806
BLOCK15/SES157/SA157S21	SES127	-1.84387	-46.2589	-44.415
BLOCK15/SES157/SA157S21	SES148	-0.956429	-45.3714	-44.415
BLOCK15/SES157/SA157S21	SES158	-5.94831	-50.3633	-44.415
BLOCK15/SES157/SA157S21	SES292	-1.92506	-46.3401	-44.415
BLOCK15/SES157/SA157S24	SES127	-1.51109	-45.9278	-44.4167
BLOCK15/SES157/SA157S24	SES148	-1.55273	-45.9694	-44.4167
BLOCK15/SES157/SA157S24	SES183	-2.26272	-46.6794	-44.4167
BLOCK15/SES157/SA157S24	SES292	-2.62709	-47.0438	-44.4167
BLOCK15/SES157/SA157S26	SES007	-1.14682	-45.2974	-44.1506
BLOCK15/SES157/SA157S26	SES127	-1.64367	-45.7942	-44.1506
BLOCK15/SES157/SA157S26	SES147	-3.98997	-48.1405	-44.1506
BLOCK15/SES157/SA157S26	SES148	-1.74522	-45.8958	-44.1506
BLOCK16/SES161/SA161S10	SES007	-2.13219	-48.1	-45.9678
BLOCK16/SES161/SA161S10	SES105	-1.87748	-47.8453	-45.9678
BLOCK16/SES161/SA161S10	SES158	-2.67683	-48.6446	-45.9678
BLOCK16/SES161/SA161S10	SES275	-1.97725	-47.945	-45.9678
BLOCK16/SES161/SA161S12	SES007	-2.49878	-47.9746	-45.4758
BLOCK16/SES161/SA161S12	SES105	-2.80032	-48.2761	-45.4758
BLOCK16/SES161/SA161S12	SES158	-2.53422	-48.01	-45.4758
BLOCK16/SES161/SA161S12	SES275	-2.08983	-47.5656	-45.4758
BLOCK16/SES161/SA161S20	SES007	-2.35216	-48.8739	-46.5218
BLOCK16/SES161/SA161S20	SES105	-2.6482	-49.17	-46.5218
BLOCK16/SES161/SA161S20	SES158	-2.88609	-49.4078	-46.5218
BLOCK16/SES161/SA161S20	SES275	-2.46623	-48.988	-46.5218
BLOCK16/SES161/SA161S23	SES007	-2.45781	-47.6543	-45.1965
BLOCK16/SES161/SA161S23	SES105	-2.04811	-47.2446	-45.1965
BLOCK16/SES161/SA161S23	SES148	-2.42413	-47.6206	-45.1965
BLOCK16/SES161/SA161S23	SES158	-2.33433	-47.5308	-45.1965
BLOCK16/SES161/SA161S28	SES007	-2.91729	-48.3888	-45.4716
BLOCK16/SES161/SA161S28	SES105	-2.8928	-48.3643	-45.4716
BLOCK16/SES161/SA161S28	SES158	-2.16061	-47.6322	-45.4716
BLOCK16/SES161/SA161S28	SES206	-2.43699	-47.9085	-45.4716
BLOCK16/SES164/SA164S11	SES104	-2.56485	-47.5796	-45.0147
BLOCK16/SES164/SA164S11	SES125	-2.02438	-47.0391	-45.0147
BLOCK16/SES164/SA164S11	SES158	-0.633503	-45.6482	-45.0147
BLOCK16/SES164/SA164S11	SES206	-2.03936	-47.0541	-45.0147
BLOCK16/SES164/SA164S13	SES099	-1.87321	-47.9685	-46.0953
BLOCK16/SES164/SA164S13	SES104	-2.29404	-48.3893	-46.0953
BLOCK16/SES164/SA164S13	SES125	-2.30277	-48.398	-46.0953
BLOCK16/SES164/SA164S13	SES206	-2.62134	-48.7166	-46.0953
BLOCK16/SES164/SA164S24	SES002	-0.977116	-46.8188	-45.8416
BLOCK16/SES164/SA164S24	SES099	-1.14568	-46.9873	-45.8416
BLOCK16/SES164/SA164S24	SES125	-2.82196	-48.6636	-45.8416
BLOCK16/SES164/SA164S24	SES226	-1.08348	-46.9251	-45.8416
BLOCK16/SES164/SA164S27	SES087	-3.32306	-48.843	-45.52
BLOCK16/SES164/SA164S27	SES125	-2.51354	-48.0335	-45.52
BLOCK16/SES164/SA164S27	SES206	-2.65263	-48.1726	-45.52
BLOCK16/SES164/SA164S27	SES226	-1.30181	-46.8218	-45.52
BLOCK16/SES164/SA164S29	SES002	-0.847359	-46.2904	-45.443
BLOCK16/SES164/SA164S29	SES019	-2.68046	-48.1235	-45.443
BLOCK16/SES164/SA164S29	SES125	-2.54181	-47.9848	-45.443
BLOCK16/SES164/SA164S29	SES226	-1.48148	-46.9245	-45.443
BLOCK16/SES169/SA169S13	SES117	-1.78748	-46.3997	-44.6123
BLOCK16/SES169/SA169S13	SES144	-1.66529	-46.2775	-44.6123
BLOCK16/SES169/SA169S13	SES146	-2.02452	-46.6368	-44.6123
BLOCK16/SES169/SA169S13	SES162	-1.32936	-45.9416	-44.6123
BLOCK16/SES169/SA169S14	SES144	-2.08846	-45.6853	-43.5968
BLOCK16/SES169/SA169S14	SES148	-1.59948	-45.1963	-43.5968
BLOCK16/SES169/SA169S14	SES177	-1.22802	-44.8248	-43.5968
BLOCK16/SES169/SA169S14	SES180	-1.99078	-45.5876	-43.5968
BLOCK16/SES169/SA169S24	SES117	-2.19168	-47.4429	-45.2512
BLOCK16/SES169/SA169S24	SES144	-1.24448	-46.4957	-45.2512
BLOCK16/SES169/SA169S24	SES146	-1.77496	-47.0262	-45.2512
BLOCK16/SES169/SA169S24	SES162	-1.22994	-46.4811	-45.2512
BLOCK16/SES169/SA169S27	SES127	-1.9329	-46.3061	-44.3732
BLOCK16/SES169/SA169S27	SES129	-1.82644	-46.1996	-44.3732
BLOCK16/SES169/SA169S27	SES144	-1.49926	-45.8724	-44.3732
BLOCK16/SES169/SA169S27	SES146	-1.22063	-45.5938	-44.3732
BLOCK16/SES169/SA169S29	SES144	-1.1052	-44.9655	-43.8603
BLOCK16/SES169/SA169S29	SES162	-0.922062	-44.7823	-43.8603
BLOCK16/SES169/SA169S29	SES177	-1.89926	-45.7595	-43.8603
BLOCK16/SES169/SA169S29	SES180	-1.23011	-45.0904	-43.8603
BLOCK17/SES171/SA171S12	SES083	-2.05805	-47.4017	-45.3437
BLOCK17/SES171/SA171S12	SES148	-2.48125	-47.8249	-45.3437
BLOCK17/SES171/SA171S12	SES172	-1.15075	-46.4944	-45.3437
BLOCK17/SES171/SA171S12	SES292	-2.72546	-48.0691	-45.3437
BLOCK17/SES171/SA171S15	SES148	-2.04483	-47.8464	-45.8016
BLOCK17/SES171/SA171S15	SES177	-2.17759	-47.9792	-45.8016
BLOCK17/SES171/SA171S15	SES180	-3.82306	-49.6246	-45.8016
BLOCK17/SES171/SA171S15	SES292	-3.52422	-49.3258	-45.8016
BLOCK17/SES171/SA171S22	SES007	-1.44241	-46.0138	-44.5714
BLOCK17/SES171/SA171S22	SES148	-2.12503	-46.6964	-44.5714
BLOCK17/SES171/SA171S22	SES177	-0.949295	-45.5207	-44.5714
BLOCK17/SES171/SA171S22	SES180	-2.27927	-46.8507	-44.5714
BLOCK17/SES171/SA171S25	SES101	-2.70356	-47.9526	-45.2491
BLOCK17/SES171/SA171S25	SES120	-3.88225	-49.1313	-45.2491
BLOCK17/SES171/SA171S25	SES177	-2.15558	-47.4046	-45.2491
BLOCK17/SES171/SA171S25	SES180	-2.66784	-47.9169	-45.2491
BLOCK17/SES171/SA171S27	SES177	-1.28868	-46.1996	-44.9109
BLOCK17/SES171/SA171S27	SES180	-2.60194	-47.5128	-44.9109
BLOCK17/SES171/SA171S27	SES189	-1.25058	-46.1615	-44.9109
BLOCK17/SES171/SA171S27	SES292	-2.61411	-47.525	-44.9109
BLOCK17/SES173/SA173S13	SES162	-3.39006	-48.3094	-44.9194
BLOCK17/SES173/SA173S13	SES177	-2.84735	-47.7667	-44.9194
BLOCK17/SES173/SA173S13	SES180	-3.12727	-48.0466	-44.9194
BLOCK17/SES173/SA173S13	SES292	-2.1111	-47.0305	-44.9194
BLOCK17/SES173/SA173S14	SES007	-2.55726	-48.0386	-45.4814
BLOCK17/SES173/SA173S14	SES162	-3.21272	-48.6941	-45.4814
BLOCK17/SES173/SA173S14	SES177	-2.65109	-48.1325	-45.4814
BLOCK17/SES173/SA173S14	SES180	-3.28905	-48.7704	-45.4814
BLOCK17/SES173/SA173S24	SES144	-2.59296	-48.1531	-45.5601
BLOCK17/SES173/SA173S24	SES162	-3.17552	-48.7356	-45.5601
BLOCK17/SES173/SA173S24	SES177	-2.76176	-48.3219	-45.5601
BLOCK17/SES173/SA173S24	SES180	-3.25122	-48.8113	-45.5601
BLOCK17/SES173/SA173S27	SES162	-3.57516	-48.5102	-44.935
BLOCK17/SES173/SA173S27	SES177	-2.91577	-47.8508	-44.935
BLOCK17/SES173/SA173S27	SES180	-2.9552	-47.8902	-44.935
BLOCK17/SES173/SA173S27	SES292	-2.49927	-47.4343	-44.935
BLOCK17/SES173/SA173S29	SES162	-3.2537	-48.6799	-45.4262
BLOCK17/SES173/SA173S29	SES175	-2.01642	-47.4426	-45.4262
BLOCK17/SES173/SA173S29	SES177	-2.62453	-48.0507	-45.4262
BLOCK17/SES173/SA173S29	SES292	-3.44799	-48.8742	-45.4262
BLOCK18/SES182/SA182S10	SES144	-2.29849	-47.0247	-44.7262
BLOCK18/SES182/SA182S10	SES177	-1.25143	-45.9777	-44.7262
BLOCK18/SES182/SA182S10	SES180	-1.79916	-46.5254	-44.7262
BLOCK18/SES182/SA182S10	SES275	-0.663067	-45.3893	-44.7262
BLOCK18/SES182/SA182S12	SES144	-0.895069	-45.0844	-44.1893
BLOCK18/SES182/SA182S12	SES177	-1.4036	-45.5929	-44.1893
BLOCK18/SES182/SA182S12	SES180	-1.36452	-45.5538	-44.1893
BLOCK18/SES182/SA182S12	SES275	-0.750332	-44.9396	-44.1893
BLOCK18/SES182/SA182S21	SES117	-2.63695	-47.7974	-45.1604
BLOCK18/SES182/SA182S21	SES144	-1.75196	-46.9124	-45.1604
BLOCK18/SES182/SA182S21	SES162	-1.51749	-46.6779	-45.1604
BLOCK18/SES182/SA182S21	SES180	-2.45414	-47.6146	-45.1604
BLOCK18/SES182/SA182S23	SES117	-2.29134	-47.3039	-45.0126
BLOCK18/SES182/SA182S23	SES144	-2.25428	-47.2668	-45.0126
BLOCK18/SES182/SA182S23	SES180	-2.40094	-47.4135	-45.0126
BLOCK18/SES182/SA182S23	SES275	-0.791611	-45.8042	-45.0126
BLOCK18/SES182/SA182S25	SES007	-0.444763	-45.293	-44.8482
BLOCK18/SES182/SA182S25	SES162	-0.826576	-45.6748	-44.8482
BLOCK18/SES182/SA182S25	SES177	-1.51107	-46.3593	-44.8482
BLOCK18/SES182/SA182S25	SES180	-1.73383	-46.5821	-44.8482
BLOCK18/SES184/SA184S12	SES177	-2.49484	-47.0518	-44.5569
BLOCK18/SES184/SA184S12	SES180	-2.45692	-47.0138	-44.5569
BLOCK18/SES184/SA184S12	SES189	-1.98544	-46.5424	-44.5569
BLOCK18/SES184/SA184S12	SES292	-1.89075	-46.4477	-44.5569
BLOCK18/SES184/SA184S13	SES101	-2.63449	-47.066	-44.4315
BLOCK18/SES184/SA184S13	SES177	-1.44709	-45.8786	-44.4315
BLOCK18/SES184/SA184S13	SES180	-2.20246	-46.634	-44.4315
BLOCK18/SES184/SA184S13	SES292	-2.35853	-46.7901	-44.4315
BLOCK18/SES184/SA184S22	SES177	-1.90791	-45.7594	-43.8515
BLOCK18/SES184/SA184S22	SES180	-1.69268	-45.5442	-43.8515
BLOCK18/SES184/SA184S22	SES189	-2.54518	-46.3967	-43.8515
BLOCK18/SES184/SA184S22	SES292	-2.61175	-46.4633	-43.8515
BLOCK18/SES184/SA184S25	SES101	-1.41113	-44.9848	-43.5736
BLOCK18/SES184/SA184S25	SES177	-1.75303	-45.3267	-43.5736
BLOCK18/SES184/SA184S25	SES180	-1.86404	-45.4377	-43.5736
BLOCK18/SES184/SA184S25	SES292	-1.37477	-44.9484	-43.5736
BLOCK18/SES184/SA184S27	SES083	-2.0263	-46.6276	-44.6013
BLOCK18/SES184/SA184S27	SES177	-1.28367	-45.8849	-44.6013
BLOCK18/SES184/SA184S27	SES202	-1.41381	-46.0151	-44.6013
BLOCK18/SES184/SA184S27	SES292	-1.93383	-46.5351	-44.6013
BLOCK20/SES204/SA204S12	SES062	-2.08893	-46.312	-44.2231
BLOCK20/SES204/SA204S12	SES083	-3.54421	-47.7673	-44.2231
BLOCK20/SES204/SA204S12	SES206	-1.86372	-46.0868	-44.2231
BLOCK20/SES204/SA204S12	SES226	-2.58521	-46.8083	-44.2231
BLOCK20/SES204/SA204S14	SES068	-1.91577	-45.4364	-43.5206
BLOCK20/SES204/SA204S14	SES087	-1.1694	-44.69	-43.5206
BLOCK20/SES204/SA204S14	SES206	-2.209	-45.7296	-43.5206
BLOCK20/SES204/SA204S14	SES226	-2.91465	-46.4353	-43.5206
BLOCK20/SES204/SA204S22	SES068	-2.10432	-46.3274	-44.2231
BLOCK20/SES204/SA204S22	SES082	-4.68727	-48.9104	-44.2231
BLOCK20/SES204/SA204S22	SES083	-4.0428	-48.2659	-44.2231
BLOCK20/SES204/SA204S22	SES206	-2.66532	-46.8884	-44.2231
BLOCK20/SES204/SA204S25	SES062	-2.7361	-47.2697	-44.5336
BLOCK20/SES204/SA204S25	SES083	-3.86345	-48.3971	-44.5336
BLOCK20/SES204/SA204S25	SES206	-2.03897	-46.5726	-44.5336
BLOCK20/SES204/SA204S25	SES226	-2.73331	-47.2669	-44.5336
BLOCK20/SES204/SA204S27	SES068	-2.36097	-47.0795	-44.7185
BLOCK20/SES204/SA204S27	SES082	-4.47434	-49.1928	-44.7185
BLOCK20/SES204/SA204S27	SES087	-1.9843	-46.7028	-44.7185
BLOCK20/SES204/SA204S27	SES206	-2.64717	-47.3657	-44.7185
BLOCK20/SES207/SA207S10	SES127	-2.13357	-46.9435	-44.8099
BLOCK20/SES207/SA207S10	SES183	-1.82152	-46.6314	-44.8099
BLOCK20/SES207/SA207S10	SES189	-1.58095	-46.3908	-44.8099
BLOCK20/SES207/SA207S10	SES292	-1.94729	-46.7572	-44.8099
BLOCK20/SES207/SA207S11	SES127	-3.33731	-48.2038	-44.8665
BLOCK20/SES207/SA207S11	SES183	-2.77926	-47.6458	-44.8665
BLOCK20/SES207/SA207S11	SES187	-1.99284	-46.8594	-44.8665
BLOCK20/SES207/SA207S11	SES292	-2.11329	-46.9798	-44.8665
BLOCK20/SES207/SA207S25	SES068	-2.09189	-46.5932	-44.5013
BLOCK20/SES207/SA207S25	SES083	-2.58273	-47.084	-44.5013
BLOCK20/SES207/SA207S25	SES127	-1.88078	-46.3821	-44.5013
BLOCK20/SES207/SA207S25	SES187	-1.18577	-45.687	-44.5013
BLOCK20/SES207/SA207S27	SES127	-2.69353	-48.0973	-45.4038
BLOCK20/SES207/SA207S27	SES183	-2.10998	-47.5138	-45.4038
BLOCK20/SES207/SA207S27	SES187	-1.9124	-47.3162	-45.4038
BLOCK20/SES207/SA207S27	SES292	-2.66646	-48.0703	-45.4038
BLOCK20/SES207/SA207S29	SES083	-2.7249	-47.1193	-44.3944
BLOCK20/SES207/SA207S29	SES085	-2.0477	-46.4421	-44.3944
BLOCK20/SES207/SA207S29	SES172	-1.60364	-45.9981	-44.3944
BLOCK20/SES207/SA207S29	SES189	-2.18589	-46.5803	-44.3944
BLOCK22/SES221/SA221S12	SES068	-1.74453	-45.8487	-44.1042
BLOCK22/SES221/SA221S12	SES143	-2.52694	-46.6311	-44.1042
BLOCK22/SES221/SA221S12	SES175	-1.08688	-45.1911	-44.1042
BLOCK22/SES221/SA221S12	SES202	-1.58327	-45.6875	-44.1042
BLOCK22/SES221/SA221S15	SES085	-2.82903	-48.1102	-45.2812
BLOCK22/SES221/SA221S15	SES143	-3.20329	-48.4845	-45.2812
BLOCK22/SES221/SA221S15	SES175	-1.82695	-47.1081	-45.2812
BLOCK22/SES221/SA221S15	SES187	-2.16109	-47.4423	-45.2812
BLOCK22/SES221/SA221S23	SES068	-1.88609	-46.0193	-44.1332
BLOCK22/SES221/SA221S23	SES143	-2.82742	-46.9606	-44.1332
BLOCK22/SES221/SA221S23	SES175	-1.21989	-45.3531	-44.1332
BLOCK22/SES221/SA221S23	SES189	-0.908848	-45.042	-44.1332
BLOCK22/SES221/SA221S27	SES085	-1.47125	-45.8394	-44.3682
BLOCK22/SES221/SA221S27	SES143	-1.97109	-46.3393	-44.3682
BLOCK22/SES221/SA221S27	SES175	-1.09703	-45.4652	-44.3682
BLOCK22/SES221/SA221S27	SES189	-0.327229	-44.6954	-44.3682
BLOCK22/SES221/SA221S29	SES085	-2.32058	-47.9072	-45.5866
BLOCK22/SES221/SA221S29	SES143	-2.75236	-48.3389	-45.5866
BLOCK22/SES221/SA221S29	SES175	-1.56117	-47.1478	-45.5866
BLOCK22/SES221/SA221S29	SES187	-2.28605	-47.8726	-45.5866
BLOCK22/SES223/SA223S11	SES143	-2.03388	-47.2568	-45.2229
BLOCK22/SES223/SA223S11	SES144	-3.17775	-48.4007	-45.2229
BLOCK22/SES223/SA223S11	SES175	-1.49906	-46.722	-45.2229
BLOCK22/SES223/SA223S11	SES187	-2.29153	-47.5144	-45.2229
BLOCK22/SES223/SA223S13	SES068	-2.42993	-48.6183	-46.1884
BLOCK22/SES223/SA223S13	SES143	-3.33875	-49.5272	-46.1884
BLOCK22/SES223/SA223S13	SES146	-4.09865	-50.2871	-46.1884
BLOCK22/SES223/SA223S13	SES202	-2.48616	-48.6746	-46.1884
BLOCK22/SES223/SA223S22	SES143	-2.27302	-47.4568	-45.1838
BLOCK22/SES223/SA223S22	SES144	-2.9757	-48.1595	-45.1838
BLOCK22/SES223/SA223S22	SES175	-1.51142	-46.6952	-45.1838
BLOCK22/SES223/SA223S22	SES187	-1.80618	-46.99	-45.1838
BLOCK22/SES223/SA223S25	SES068	-1.44388	-46.4131	-44.9692
BLOCK22/SES223/SA223S25	SES143	-2.1054	-47.0746	-44.9692
BLOCK22/SES223/SA223S25	SES175	-1.54088	-46.5101	-44.9692
BLOCK22/SES223/SA223S25	SES187	-1.74112	-46.7103	-44.9692
BLOCK22/SES223/SA223S27	SES143	-1.7424	-47.1183	-45.3759
BLOCK22/SES223/SA223S27	SES146	-3.05159	-48.4275	-45.3759
BLOCK22/SES223/SA223S27	SES187	-2.05977	-47.4357	-45.3759
BLOCK22/SES223/SA223S27	SES292	-2.49793	-47.8739	-45.3759
BLOCK27/SES273/SA273S12	SES099	-0.506618	-44.4015	-43.8949
BLOCK27/SES273/SA273S12	SES104	-1.46931	-45.3642	-43.8949
BLOCK27/SES273/SA273S12	SES125	-2.43278	-46.3277	-43.8949
BLOCK27/SES273/SA273S12	SES206	-1.1236	-45.0185	-43.8949
BLOCK27/SES273/SA273S13	SES099	-1.2164	-44.6383	-43.4219
BLOCK27/SES273/SA273S13	SES104	-1.38882	-44.8107	-43.4219
BLOCK27/SES273/SA273S13	SES206	-2.32618	-45.748	-43.4219
BLOCK27/SES273/SA273S13	SES292	-2.22635	-45.6482	-43.4219
BLOCK27/SES273/SA273S21	SES099	-1.31898	-45.3734	-44.0544
BLOCK27/SES273/SA273S21	SES148	-3.16723	-47.2216	-44.0544
BLOCK27/SES273/SA273S21	SES149	-2.71914	-46.7735	-44.0544
BLOCK27/SES273/SA273S21	SES177	-2.456	-46.5104	-44.0544
BLOCK27/SES273/SA273S25	SES104	-1.77464	-45.7615	-43.9869
BLOCK27/SES273/SA273S25	SES125	-2.60817	-46.5951	-43.9869
BLOCK27/SES273/SA273S25	SES158	-0.549782	-44.5367	-43.9869
BLOCK27/SES273/SA273S25	SES206	-1.17837	-45.1653	-43.9869
BLOCK27/SES273/SA273S27	SES099	-1.27765	-44.8237	-43.546
BLOCK27/SES273/SA273S27	SES104	-1.8242	-45.3702	-43.546
BLOCK27/SES273/SA273S27	SES149	-1.89783	-45.4439	-43.546
BLOCK27/SES273/SA273S27	SES275	-2.06059	-45.6066	-43.546
BLOCK27/SES274/SA274S10	SES105	-2.57297	-46.2717	-43.6987
BLOCK27/SES274/SA274S10	SES125	-2.90415	-46.6029	-43.6987
BLOCK27/SES274/SA274S10	SES129	-1.48286	-45.1816	-43.6987
BLOCK27/SES274/SA274S10	SES158	-2.8562	-46.5549	-43.6987
BLOCK27/SES274/SA274S11	SES105	-1.99765	-45.8992	-43.9015
BLOCK27/SES274/SA274S11	SES149	-2.07786	-45.9794	-43.9015
BLOCK27/SES274/SA274S11	SES158	-1.93475	-45.8363	-43.9015
BLOCK27/SES274/SA274S11	SES275	-1.03066	-44.9322	-43.9015
BLOCK27/SES274/SA274S21	SES105	-2.22429	-46.0647	-43.8404
BLOCK27/SES274/SA274S21	SES129	-1.43813	-45.2785	-43.8404
BLOCK27/SES274/SA274S21	SES149	-1.84835	-45.6888	-43.8404
BLOCK27/SES274/SA274S21	SES158	-3.86494	-47.7053	-43.8404
BLOCK27/SES274/SA274S24	SES105	-2.23125	-45.8689	-43.6377
BLOCK27/SES274/SA274S24	SES129	-1.64688	-45.2846	-43.6377
BLOCK27/SES274/SA274S24	SES149	-2.57058	-46.2083	-43.6377
BLOCK27/SES274/SA274S24	SES158	-4.26823	-47.9059	-43.6377
BLOCK27/SES274/SA274S29	SES105	-2.36559	-46.1157	-43.7501
BLOCK27/SES274/SA274S29	SES106	-2.88331	-46.6334	-43.7501
BLOCK27/SES274/SA274S29	SES120	-2.11426	-45.8644	-43.7501
BLOCK27/SES274/SA274S29	SES275	-1.4269	-45.177	-43.7501
BLOCK27/SES276/SA276S16	SES148	-1.96227	-46.3848	-44.4225
BLOCK27/SES276/SA276S16	SES172	-1.52122	-45.9437	-44.4225
BLOCK27/SES276/SA276S16	SES180	-2.51696	-46.9395	-44.4225
BLOCK27/SES276/SA276S16	SES292	-2.01561	-46.4381	-44.4225
BLOCK27/SES276/SA276S17	SES101	-2.46208	-46.8331	-44.371
BLOCK27/SES276/SA276S17	SES177	-2.19634	-46.5673	-44.371
BLOCK27/SES276/SA276S17	SES180	-1.71869	-46.0897	-44.371
BLOCK27/SES276/SA276S17	SES292	-2.1034	-46.4744	-44.371
BLOCK27/SES276/SA276S24	SES101	-1.61176	-45.4976	-43.8858
BLOCK27/SES276/SA276S24	SES177	-1.72836	-45.6142	-43.8858
BLOCK27/SES276/SA276S24	SES180	-1.9792	-45.865	-43.8858
BLOCK27/SES276/SA276S24	SES292	-2.434	-46.3198	-43.8858
BLOCK27/SES276/SA276S26	SES101	-2.84538	-46.765	-43.9197
BLOCK27/SES276/SA276S26	SES177	-1.56306	-45.4827	-43.9197
BLOCK27/SES276/SA276S26	SES180	-1.07226	-44.9919	-43.9197
BLOCK27/SES276/SA276S26	SES292	-0.952343	-44.872	-43.9197
BLOCK27/SES276/SA276S28	SES101	-2.70344	-46.917	-44.2136
BLOCK27/SES276/SA276S28	SES177	-2.87448	-47.0881	-44.2136
BLOCK27/SES276/SA276S28	SES180	-1.2149	-45.4285	-44.2136
BLOCK27/SES276/SA276S28	SES292	-2.32354	-46.5371	-44.2136
BLOCK27/SES277/SA277S12	SES101	-1.75264	-46.6519	-44.8992
BLOCK27/SES277/SA277S12	SES177	-2.11816	-47.0174	-44.8992
BLOCK27/SES277/SA277S12	SES180	-2.28487	-47.1841	-44.8992
BLOCK27/SES277/SA277S12	SES292	-2.91571	-47.8149	-44.8992
BLOCK27/SES277/SA277S14	SES177	-1.63158	-47.2138	-45.5822
BLOCK27/SES277/SA277S14	SES180	-2.43465	-48.0169	-45.5822
BLOCK27/SES277/SA277S14	SES189	-0.80661	-46.3888	-45.5822
BLOCK27/SES277/SA277S14	SES292	-3.13213	-48.7143	-45.5822
BLOCK27/SES277/SA277S21	SES177	-1.06506	-45.4576	-44.3925
BLOCK27/SES277/SA277S21	SES180	-1.66517	-46.0577	-44.3925
BLOCK27/SES277/SA277S21	SES189	-0.921383	-45.3139	-44.3925
BLOCK27/SES277/SA277S21	SES292	-2.77095	-47.1635	-44.3925
BLOCK27/SES277/SA277S24	SES144	-2.64975	-47.9909	-45.3412
BLOCK27/SES277/SA277S24	SES177	-1.84786	-47.189	-45.3412
BLOCK27/SES277/SA277S24	SES180	-2.77003	-48.1112	-45.3412
BLOCK27/SES277/SA277S24	SES189	-1.16964	-46.5108	-45.3412
BLOCK27/SES277/SA277S29	SES177	-1.11206	-44.6907	-43.5786
BLOCK27/SES277/SA277S29	SES180	-1.4851	-45.0637	-43.5786
BLOCK27/SES277/SA277S29	SES202	-1.46602	-45.0447	-43.5786
BLOCK27/SES277/SA277S29	SES292	-2.37766	-45.9563	-43.5786
BLOCK27/SES279/SA279S09	SES120	-2.0334	-46.2361	-44.2027
BLOCK27/SES279/SA279S09	SES146	-2.41251	-46.6152	-44.2027
BLOCK27/SES279/SA279S09	SES206	-3.15964	-47.3623	-44.2027
BLOCK27/SES279/SA279S09	SES226	-3.34152	-47.5442	-44.2027
BLOCK27/SES279/SA279S10	SES099	-2.11744	-46.4168	-44.2994
BLOCK27/SES279/SA279S10	SES206	-2.41864	-46.718	-44.2994
BLOCK27/SES279/SA279S10	SES226	-2.73394	-47.0333	-44.2994
BLOCK27/SES279/SA279S10	SES292	-1.42382	-45.7232	-44.2994
BLOCK27/SES279/SA279S20	SES099	-3.04168	-47.7684	-44.7267
BLOCK27/SES279/SA279S20	SES206	-1.92627	-46.653	-44.7267
BLOCK27/SES279/SA279S20	SES226	-2.73317	-47.4599	-44.7267
BLOCK27/SES279/SA279S20	SES292	-1.15425	-45.881	-44.7267
BLOCK27/SES279/SA279S26	SES099	-2.48145	-46.7017	-44.2202
BLOCK27/SES279/SA279S26	SES206	-2.21661	-46.4368	-44.2202
BLOCK27/SES279/SA279S26	SES226	-2.34743	-46.5677	-44.2202
BLOCK27/SES279/SA279S26	SES292	-1.68054	-45.9008	-44.2202
BLOCK27/SES279/SA279S28	SES099	-2.57755	-45.6224	-43.0449
BLOCK27/SES279/SA279S28	SES120	-1.60084	-44.6457	-43.0449
BLOCK27/SES279/SA279S28	SES177	-2.23502	-45.2799	-43.0449
BLOCK27/SES279/SA279S28	SES206	-2.24913	-45.294	-43.0449
BLOCK29/SES290/SA290S12	SES162	-1.59378	-45.1926	-43.5989
BLOCK29/SES290/SA290S12	SES177	-2.11091	-45.7098	-43.5989
BLOCK29/SES290/SA290S12	SES180	-2.77182	-46.3707	-43.5989
BLOCK29/SES290/SA290S12	SES292	-2.65514	-46.254	-43.5989
BLOCK29/SES290/SA290S13	SES007	-2.37586	-46.8105	-44.4346
BLOCK29/SES290/SA290S13	SES162	-2.35433	-46.789	-44.4346
BLOCK29/SES290/SA290S13	SES177	-1.75279	-46.1874	-44.4346
BLOCK29/SES290/SA290S13	SES180	-1.81595	-46.2506	-44.4346
BLOCK29/SES290/SA290S22	SES177	-1.86103	-45.9811	-44.1201
BLOCK29/SES290/SA290S22	SES180	-1.74279	-45.8629	-44.1201
BLOCK29/SES290/SA290S22	SES202	-1.72928	-45.8494	-44.1201
BLOCK29/SES290/SA290S22	SES292	-1.95182	-46.0719	-44.1201
BLOCK29/SES290/SA290S25	SES162	-1.8378	-45.4895	-43.6517
BLOCK29/SES290/SA290S25	SES177	-1.61988	-45.2716	-43.6517
BLOCK29/SES290/SA290S25	SES180	-1.94382	-45.5956	-43.6517
BLOCK29/SES290/SA290S25	SES292	-1.73553	-45.3873	-43.6517
BLOCK29/SES290/SA290S29	SES177	-1.19921	-44.7679	-43.5687
BLOCK29/SES290/SA290S29	SES180	-1.25563	-44.8243	-43.5687
BLOCK29/SES290/SA290S29	SES275	-1.44343	-45.0121	-43.5687
BLOCK29/SES290/SA290S29	SES292	-1.34477	-44.9135	-43.5687
BLOCK29/SES291/SA291S11	SES105	-3.27734	-48.2419	-44.9645
BLOCK29/SES291/SA291S11	SES125	-1.35412	-46.3186	-44.9645
BLOCK29/SES291/SA291S11	SES158	-2.01293	-46.9775	-44.9645
BLOCK29/SES291/SA291S11	SES275	-3.10175	-48.0663	-44.9645
BLOCK29/SES291/SA291S12	SES158	-0.385426	-45.1694	-44.784
BLOCK29/SES291/SA291S12	SES226	-2.16916	-46.9531	-44.784
BLOCK29/SES291/SA291S12	SES270	-0.434433	-45.2184	-44.784
BLOCK29/SES291/SA291S12	SES275	-4.15196	-48.9359	-44.784
BLOCK29/SES291/SA291S22	SES082	-1.39153	-45.7738	-44.3823
BLOCK29/SES291/SA291S22	SES158	-1.72613	-46.1084	-44.3823
BLOCK29/SES291/SA291S22	SES259	-2.16845	-46.5507	-44.3823
BLOCK29/SES291/SA291S22	SES275	-3.14009	-47.5224	-44.3823
BLOCK29/SES291/SA291S24	SES104	-1.12633	-44.7646	-43.6383
BLOCK29/SES291/SA291S24	SES125	-1.04362	-44.6819	-43.6383
BLOCK29/SES291/SA291S24	SES158	-1.29938	-44.9376	-43.6383
BLOCK29/SES291/SA291S24	SES275	-3.38667	-47.0249	-43.6383
BLOCK29/SES291/SA291S27	SES158	-0.548809	-44.463	-43.9142
BLOCK29/SES291/SA291S27	SES172	-3.58415	-47.4984	-43.9142
BLOCK29/SES291/SA291S27	SES275	-3.73011	-47.6443	-43.9142
BLOCK29/SES291/SA291S27	SES292	-2.62426	-46.5385	-43.9142
