BLOCK00/SES002/SA002S12	SES002	0.947597	1.84273	0.895131
BLOCK00/SES002/SA002S13	SES002	1.42954	1.71953	0.289993
BLOCK00/SES002/SA002S23	SES002	0.95788	1.4854	0.527519
BLOCK00/SES002/SA002S26	SES002	0.947332	1.7108	0.763467
BLOCK00/SES002/SA002S28	SES002	0.426809	0.980947	0.554138
BLOCK00/SES007/SA007S14	SES007	0.773441	2.95998	2.18654
BLOCK00/SES007/SA007S15	SES007	0.384392	2.02624	1.64185
BLOCK00/SES007/SA007S24	SES007	0.584276	1.97488	1.3906
BLOCK00/SES007/SA007S27	SES007	0.535365	1.34621	0.810843
BLOCK00/SES007/SA007S29	SES007	0.168261	2.09578	1.92752
BLOCK00/SES008/SA008S11	SES008	1.09728	2.10386	1.00658
BLOCK00/SES008/SA008S12	SES008	0.560372	1.88077	1.32039
BLOCK00/SES008/SA008S19	SES008	1.33399	3.07905	1.74506
BLOCK00/SES008/SA008S22	SES008	0.451979	1.04324	0.591261
BLOCK00/SES008/SA008S29	SES008	1.3234	2.9565	1.6331
BLOCK01/SES014/SA014S10	SES014	1.27926	2.19221	0.91295
BLOCK01/SES014/SA014S12	SES014	1.77159	3.80336	2.03177
BLOCK01/SES014/SA014S24	SES014	0.619685	1.68312	1.06343
BLOCK01/SES014/SA014S26	SES014	1.36949	3.54506	2.17557
BLOCK01/SES014/SA014S28	SES014	2.4665	4.44789	1.98139
BLOCK01/SES016/SA016S12	SES016	0.917109	0.887659	-0.0294504
BLOCK01/SES016/SA016S13	SES016	1.51591	2.88859	1.37268
BLOCK01/SES016/SA016S22	SES016	1.55089	3.10652	1.55562
BLOCK01/SES016/SA016S25	SES016	1.50272	3.98254	2.47983
BLOCK01/SES016/SA016S27	SES016	1.39089	3.79899	2.4081
BLOCK01/SES019/SA019S13	SES019	2.5428	1.79453	-0.748269
BLOCK01/SES019/SA019S14	SES019	1.77753	1.25173	-0.525805
BLOCK01/SES019/SA019S22	SES019	1.86957	1.74971	-0.119861
BLOCK01/SES019/SA019S25	SES019	2.47887	1.85221	-0.626666
BLOCK01/SES019/SA019S29	SES019	2.73697	1.72708	-1.00989
BLOCK02/SES029/SA029S11	SES029	1.12242	3.73289	2.61047
BLOCK02/SES029/SA029S12	SES029	0.31099	2.70745	2.39646
BLOCK02/SES029/SA029S20	SES029	0.777254	3.04579	2.26854
BLOCK02/SES029/SA029S25	SES029	0.302277	2.92801	2.62573
BLOCK02/SES029/SA029S28	SES029	-0.314565	2.26878	2.58335
BLOCK04/SES042/SA042S12	SES042	1.69397	2.7627	1.06874
BLOCK04/SES042/SA042S15	SES042	2.06928	3.51523	1.44595
BLOCK04/SES042/SA042S22	SES042	2.16432	3.57184	1.40751
BLOCK04/SES042/SA042S25	SES042	1.15717	1.44617	0.289001
BLOCK04/SES042/SA042S27	SES042	1.3356	2.57579	1.24019
BLOCK04/SES048/SA048S11	SES048	0.879685	2.71029	1.83061
BLOCK04/SES048/SA048S12	SES048	-0.0795463	1.56054	1.64009
BLOCK04/SES048/SA048S20	SES048	-0.257916	2.1785	2.43642
BLOCK04/SES048/SA048S23	SES048	0.608922	1.84782	1.23889
BLOCK04/SES048/SA048S27	SES048	0.287621	2.36111	2.07349
BLOCK06/SES060/SA060S11	SES060	1.18357	3.51556	2.33198
BLOCK06/SES060/SA060S12	SES060	-0.116946	1.93189	2.04884
BLOCK06/SES060/SA060S22	SES060	-0.249861	0.942533	1.19239
BLOCK06/SES060/SA060S24	SES060	0.948467	3.3226	2.37413
BLOCK06/SES060/SA060S28	SES060	1.21189	4.66162	3.44973
BLOCK06/SES062/SA062S10	SES062	0.211367	2.04467	1.8333
BLOCK06/SES062/SA062S11	SES062	0.12848	1.52919	1.40071
BLOCK06/SES062/SA062S21	SES062	0.869047	3.93769	3.06864
BLOCK06/SES062/SA062S26	SES062	0.577443	3.39282	2.81538
BLOCK06/SES062/SA062S29	SES062	1.07887	4.0432	2.96433
BLOCK06/SES068/SA068S14	SES068	0.0360997	2.24086	2.20476
BLOCK06/SES068/SA068S15	SES068	0.625552	2.81049	2.18494
BLOCK06/SES068/SA068S23	SES068	0.452027	2.11805	1.66602
BLOCK06/SES068/SA068S27	SES068	1.5357	3.61496	2.07926
BLOCK06/SES068/SA068S29	SES068	0.0785069	2.42431	2.3458
BLOCK08/SES082/SA082S12	SES082	-0.573633	-0.0550385	0.518594
BLOCK08/SES082/SA082S14	SES082	-0.595844	0.096589	0.692433
BLOCK08/SES082/SA082S21	SES082	0.228609	0.650164	0.421555
BLOCK08/SES082/SA082S24	SES082	0.133763	1.00433	0.870569
BLOCK08/SES082/SA082S28	SES082	0.609628	1.09848	0.488856
BLOCK08/SES083/SA083S14	SES083	-0.584329	1.54005	2.12438
BLOCK08/SES083/SA083S15	SES083	0.580717	2.74091	2.1602
BLOCK08/SES083/SA083S24	SES083	0.11329	2.0112	1.89791
BLOCK08/SES083/SA083S26	SES083	0.514991	1.52593	1.01094
BLOCK08/SES083/SA083S29	SES083	-0.31583	1.9374	2.25323
BLOCK08/SES085/SA085S10	SES085	0.217265	2.62566	2.40839
BLOCK08/SES085/SA085S13	SES085	-0.698032	1.46872	2.16675
BLOCK08/SES085/SA085S22	SES085	-0.034848	2.59755	2.6324
BLOCK08/SES085/SA085S26	SES085	-0.0662603	2.54364	2.6099
BLOCK08/SES085/SA085S28	SES085	0.918198	3.12655	2.20836
BLOCK08/SES087/SA087S15	SES087	1.04822	1.33172	0.283503
BLOCK08/SES087/SA087S16	SES087	1.45824	1.82834	0.3701
BLOCK08/SES087/SA087S24	SES087	1.30374	1.68349	0.379753
BLOCK08/SES087/SA087S26	SES087	0.77627	2.37699	1.60072
BLOCK08/SES087/SA087S29	SES087	1.31993	1.97686	0.656935
BLOCK09/SES099/SA099S15	SES099	0.695519	1.0804	0.384876
BLOCK09/SES099/SA099S16	SES099	0.973077	1.51213	0.539054
BLOCK09/SES099/SA099S24	SES099	0.609353	1.54796	0.938608
BLOCK09/SES099/SA099S26	SES099	1.07907	1.85928	0.780213
BLOCK09/SES099/SA099S29	SES099	0.689153	1.99389	1.30474
BLOCK10/SES101/SA101S11	SES101	0.0837847	2.03593	1.95215
BLOCK10/SES101/SA101S13	SES101	1.19153	3.69319	2.50166
BLOCK10/SES101/SA101S22	SES101	0.713133	1.72739	1.01426
BLOCK10/SES101/SA101S24	SES101	0.863199	2.09531	1.23211
BLOCK10/SES101/SA101S28	SES101	0.559876	2.44149	1.88161
BLOCK10/SES104/SA104S11	SES104	1.29308	2.64833	1.35525
BLOCK10/SES104/SA104S12	SES104	1.10138	2.42513	1.32376
BLOCK10/SES104/SA104S21	SES104	0.331046	1.15147	0.820425
BLOCK10/SES104/SA104S24	SES104	0.450791	1.06098	0.610185
BLOCK10/SES104/SA104S28	SES104	0.926086	1.61404	0.687958
BLOCK10/SES105/SA105S12	SES105	0.285008	0.620528	0.335521
BLOCK10/SES105/SA105S13	SES105	0.693075	1.26317	0.570091
BLOCK10/SES105/SA105S22	SES105	-0.380328	0.287848	0.668176
BLOCK10/SES105/SA105S26	SES105	1.02577	1.64215	0.616385
BLOCK10/SES105/SA105S29	SES105	0.882369	2.4033	1.52093
BLOCK10/SES106/SA106S09	SES106	1.23637	0.551744	-0.684624
BLOCK10/SES106/SA106S11	SES106	1.25618	1.90006	0.643874
BLOCK10/SES106/SA106S22	SES106	1.69044	1.20904	-0.4814
BLOCK10/SES106/SA106S27	SES106	1.09664	1.67543	0.57879
BLOCK10/SES106/SA106S29	SES106	0.659998	0.974864	0.314866
BLOCK11/SES117/SA117S12	SES117	1.08474	2.4445	1.35975
BLOCK11/SES117/SA117S13	SES117	0.0337442	1.54931	1.51556
BLOCK11/SES117/SA117S23	SES117	1.02977	1.58259	0.552819
BLOCK11/SES117/SA117S25	SES117	0.579617	0.861092	0.281475
BLOCK11/SES117/SA117S28	SES117	1.19307	1.89473	0.701662
BLOCK12/SES120/SA120S08	SES120	0.498184	1.11206	0.613872
BLOCK12/SES120/SA120S11	SES120	0.38106	-0.38214	-0.763201
BLOCK12/SES120/SA120S22	SES120	-0.131894	1.65604	1.78793
BLOCK12/SES120/SA120S24	SES120	-0.0863431	0.643999	0.730342
BLOCK12/SES120/SA120S28	SES120	-0.661267	-0.922307	-0.26104
BLOCK12/SES125/SA125S13	SES125	1.37704	2.01819	0.641142
BLOCK12/SES125/SA125S14	SES125	0.666987	0.97165	0.304662
BLOCK12/SES125/SA125S25	SES125	0.99077	1.52691	0.536141
BLOCK12/SES125/SA125S27	SES125	1.12539	2.71462	1.58923
BLOCK12/SES125/SA125S29	SES125	0.95973	1.9859	1.02617
BLOCK12/SES127/SA127S11	SES127	0.531731	1.86041	1.32868
BLOCK12/SES127/SA127S12	SES127	-0.368971	2.52554	2.89451
BLOCK12/SES127/SA127S23	SES127	0.470149	2.46491	1.99476
BLOCK12/SES127/SA127S25	SES127	-0.275961	1.78046	2.05642
BLOCK12/SES127/SA127S27	SES127	0.374916	2.19838	1.82346
BLOCK12/SES129/SA129S11	SES129	1.42283	3.22251	1.79968
BLOCK12/SES129/SA129S12	SES129	1.05111	3.10998	2.05887
BLOCK12/SES129/SA129S22	SES129	0.460045	1.68539	1.22534
BLOCK12/SES129/SA129S27	SES129	0.919473	2.562	1.64253
BLOCK12/SES129/SA129S29	SES129	0.555004	2.32149	1.76649
BLOCK14/SES142/SA142S11	SES142	1.14752	2.8149	1.66738
BLOCK14/SES142/SA142S12	SES142	0.559584	1.90745	1.34786
BLOCK14/SES142/SA142S24	SES142	1.14446	2.95487	1.81041
BLOCK14/SES142/SA142S27	SES142	1.28455	2.91205	1.6275
BLOCK14/SES142/SA142S29	SES142	1.23295	3.22434	1.99138
BLOCK14/SES143/SA143S12	SES143	0.72936	2.29194	1.56258
BLOCK14/SES143/SA143S13	SES143	0.341535	1.67115	1.32962
BLOCK14/SES143/SA143S23	SES143	0.304717	1.769	1.46428
BLOCK14/SES143/SA143S25	SES143	0.771596	2.39055	1.61895
BLOCK14/SES143/SA143S28	SES143	0.450005	2.16292	1.71292
BLOCK14/SES144/SA144S09	SES144	0.824125	2.16382	1.33969
BLOCK14/SES144/SA144S11	SES144	0.49548	1.81515	1.31967
BLOCK14/SES144/SA144S21	SES144	-0.372619	0.861056	1.23368
BLOCK14/SES144/SA144S25	SES144	0.129916	1.37374	1.24383
BLOCK14/SES144/SA144S29	SES144	-0.00403666	1.48914	1.49318
BLOCK14/SES146/SA146S14	SES146	0.304931	1.00959	0.704656
BLOCK14/SES146/SA146S15	SES146	0.155238	1.54018	1.38494
BLOCK14/SES146/SA146S24	SES146	0.61884	1.81761	1.19878
BLOCK14/SES146/SA146S26	SES146	0.909807	2.55286	1.64305
BLOCK14/SES146/SA146S29	SES146	-0.192075	0.669413	0.861489
BLOCK14/SES147/SA147S11	SES147	0.817722	2.05779	1.24007
BLOCK14/SES147/SA147S13	SES147	1.34263	3.29989	1.95726
BLOCK14/SES147/SA147S23	SES147	-0.311607	1.33198	1.64359
BLOCK14/SES147/SA147S26	SES147	0.705647	2.20774	1.50209
BLOCK14/SES147/SA147S28	SES147	0.982149	2.49478	1.51263
BLOCK14/SES148/SA148S10	SES148	0.660577	2.5504	1.88982
BLOCK14/SES148/SA148S12	SES148	0.150372	1.11964	0.969266
BLOCK14/SES148/SA148S22	SES148	1.33747	3.25813	1.92066
BLOCK14/SES148/SA148S26	SES148	-0.0966258	2.45798	2.55461
BLOCK14/SES148/SA148S29	SES148	0.0936219	1.6494	1.55577
BLOCK14/SES149/SA149S13	SES149	-0.60518	0.325212	0.930392
BLOCK14/SES149/SA149S14	SES149	0.1581	2.19286	2.03476
BLOCK14/SES149/SA149S24	SES149	0.439915	2.07948	1.63957
BLOCK14/SES149/SA149S26	SES149	0.648924	3.00262	2.3537
BLOCK14/SES149/SA149S28	SES149	0.931266	3.51358	2.58231
BLOCK15/SES158/SA158S13	SES158	0.904684	0.774381	-0.130303
BLOCK15/SES158/SA158S14	SES158	1.47257	0.934059	-0.538507
BLOCK15/SES158/SA158S23	SES158	1.04646	1.36238	0.315926
BLOCK15/SES158/SA158S26	SES158	1.43517	0.670913	-0.764259
BLOCK15/SES158/SA158S28	SES158	1.08974	1.12127	0.0315293
BLOCK16/SES162/SA162S10	SES162	0.520185	0.917135	0.39695
BLOCK16/SES162/SA162S11	SES162	0.694968	2.44038	1.74541
BLOCK16/SES162/SA162S21	SES162	1.24639	2.66577	1.41938
BLOCK16/SES162/SA162S24	SES162	0.547142	1.71249	1.16535
BLOCK16/SES162/SA162S27	SES162	0.714788	1.52069	0.805906
BLOCK16/SES167/SA167S14	SES167	0.669202	3.38716	2.71795
BLOCK16/SES167/SA167S15	SES167	0.823245	3.26026	2.43702
BLOCK16/SES167/SA167S21	SES167	1.40844	3.94546	2.53702
BLOCK16/SES167/SA167S25	SES167	1.28598	3.07246	1.78649
BLOCK16/SES167/SA167S29	SES167	1.65617	4.47408	2.81791
BLOCK17/SES172/SA172S12	SES172	1.19	1.93833	0.748331
BLOCK17/SES172/SA172S13	SES172	1.15391	2.38107	1.22716
BLOCK17/SES172/SA172S23	SES172	0.582572	2.98634	2.40377
BLOCK17/SES172/SA172S27	SES172	0.75443	1.89984	1.14541
BLOCK17/SES172/SA172S29	SES172	1.34559	2.64856	1.30297
BLOCK17/SES175/SA175S11	SES175	0.259784	2.44043	2.18064
BLOCK17/SES175/SA175S13	SES175	0.357457	2.53979	2.18233
BLOCK17/SES175/SA175S23	SES175	0.361073	2.6559	2.29483
BLOCK17/SES175/SA175S25	SES175	0.666978	1.56983	0.902855
BLOCK17/SES175/SA175S28	SES175	0.17028	2.8137	2.64342
BLOCK17/SES177/SA177S15	SES177	0.195751	1.84585	1.6501
BLOCK17/SES177/SA177S17	SES177	-0.0407794	1.49069	1.53147
BLOCK17/SES177/SA177S23	SES177	-0.518481	0.726481	1.24496
BLOCK17/SES177/SA177S26	SES177	0.891525	3.61144	2.71992
BLOCK17/SES177/SA177S28	SES177	0.953987	2.69407	1.74009
BLOCK18/SES180/SA180S13	SES180	-0.189481	1.09524	1.28472
BLOCK18/SES180/SA180S15	SES180	0.265494	1.55845	1.29296
BLOCK18/SES180/SA180S24	SES180	0.367747	2.98814	2.6204
BLOCK18/SES180/SA180S26	SES180	0.843952	2.60726	1.76331
BLOCK18/SES180/SA180S29	SES180	0.490034	2.04185	1.55182
BLOCK18/SES183/SA183S13	SES183	1.08186	2.18981	1.10795
BLOCK18/SES183/SA183S14	SES183	-0.178852	0.708194	0.887046
BLOCK18/SES183/SA183S24	SES183	1.38517	1.89039	0.505224
BLOCK18/SES183/SA183S27	SES183	0.924244	1.8756	0.951359
BLOCK18/SES183/SA183S29	SES183	0.723039	1.85133	1.12829
BLOCK18/SES187/SA187S13	SES187	0.544572	1.87647	1.3319
BLOCK18/SES187/SA187S14	SES187	0.51289	1.22296	0.710075
BLOCK18/SES187/SA187S24	SES187	1.06977	1.9942	0.92442
BLOCK18/SES187/SA187S27	SES187	1.30624	2.2778	0.971559
BLOCK18/SES187/SA187S29	SES187	0.61628	1.53998	0.923704
BLOCK18/SES189/SA189S10	SES189	0.862752	1.878	1.01525
BLOCK18/SES189/SA189S13	SES189	0.390453	1.19101	0.800554
BLOCK18/SES189/SA189S24	SES189	0.948701	2.73125	1.78255
BLOCK18/SES189/SA189S26	SES189	0.952461	2.71731	1.76485
BLOCK18/SES189/SA189S29	SES189	1.2094	2.4886	1.2792
BLOCK20/SES202/SA202S12	SES202	0.178803	1.42579	1.24699
BLOCK20/SES202/SA202S14	SES202	1.33794	2.45035	1.11241
BLOCK20/SES202/SA202S24	SES202	0.329156	1.52144	1.19228
BLOCK20/SES202/SA202S27	SES202	0.906702	3.47413	2.56743
BLOCK20/SES202/SA202S29	SES202	0.776084	3.36173	2.58565
BLOCK20/SES206/SA206S15	SES206	-0.580133	1.04729	1.62743
BLOCK20/SES206/SA206S17	SES206	1.10178	2.32737	1.22559
BLOCK20/SES206/SA206S24	SES206	1.38779	3.31138	1.92358
BLOCK20/SES206/SA206S27	SES206	1.16413	1.70611	0.541977
BLOCK20/SES206/SA206S29	SES206	0.951512	2.72297	1.77146
BLOCK22/SES226/SA226S12	SES226	1.2489	1.64096	0.392059
BLOCK22/SES226/SA226S13	SES226	-1.13214	-0.256127	0.876014
BLOCK22/SES226/SA226S20	SES226	1.0071	1.03022	0.0231178
BLOCK22/SES226/SA226S23	SES226	0.928132	1.85778	0.92965
BLOCK22/SES226/SA226S28	SES226	1.42911	2.36599	0.936879
BLOCK25/SES259/SA259S13	SES259	2.66151	2.65713	-0.00437865
BLOCK25/SES259/SA259S14	SES259	1.45259	1.85011	0.397519
BLOCK25/SES259/SA259S22	SES259	1.6755	2.35331	0.677807
BLOCK25/SES259/SA259S24	SES259	1.62629	2.51468	0.888391
BLOCK25/SES259/SA259S28	SES259	1.5991	2.47047	0.871369
BLOCK27/SES270/SA270S14	SES270	1.78983	0.527694	-1.26213
BLOCK27/SES270/SA270S16	SES270	0.148966	0.399599	0.250633
BLOCK27/SES270/SA270S22	SES270	1.54892	1.18729	-0.36163
BLOCK27/SES270/SA270S26	SES270	1.04056	-0.0480884	-1.08865
BLOCK27/SES270/SA270S28	SES270	1.03779	1.05398	0.0161968
BLOCK27/SES275/SA275S17	SES275	1.05027	2.40182	1.35155
BLOCK27/SES275/SA275S18	SES275	0.0589335	1.79733	1.73839
BLOCK27/SES275/SA275S24	SES275	0.123704	0.649974	0.52627
BLOCK27/SES275/SA275S26	SES275	0.44636	2.08837	1.64201
BLOCK27/SES275/SA275S28	SES275	0.269806	1.81335	1.54355
BLOCK29/SES292/SA292S10	SES292	0.18791	2.18824	2.00033
BLOCK29/SES292/SA292S12	SES292	-0.103925	1.40464	1.50856
BLOCK29/SES292/SA292S22	SES292	0.0134584	1.76548	1.75202
BLOCK29/SES292/SA292S24	SES292	-0.00465858	1.95384	1.9585
BLOCK29/SES292/SA292S27	SES292	-0.423305	1.48411	1.90742
BLOCK00/SES001/SA001S14	SES062	-2.583	-1.755	0.828004
BLOCK00/SES001/SA001S14	SES082	-1.83395	-1.00595	0.828004
BLOCK00/SES001/SA001S14	SES106	-1.63335	-0.805345	0.828004
BLOCK00/SES001/SA001S14	SES206	-1.67332	-0.845318	0.828004
BLOCK00/SES001/SA001S15	SES062	-2.55018	-1.36471	1.18547
BLOCK00/SES001/SA001S15	SES104	-2.4444	-1.25893	1.18547
BLOCK00/SES001/SA001S15	SES106	-1.62152	-0.436055	1.18547
BLOCK00/SES001/SA001S15	SES206	-1.56042	-0.374956	1.18547
BLOCK00/SES001/SA001S24	SES062	-4.04079	-3.70411	0.336686
BLOCK00/SES001/SA001S24	SES082	-1.95108	-1.61439	0.336686
BLOCK00/SES001/SA001S24	SES087	-3.12988	-2.7932	0.336686
BLOCK00/SES001/SA001S24	SES206	-1.55967	-1.22298	0.336686
BLOCK00/SES001/SA001S27	SES062	-2.03434	-0.214015	1.82033
BLOCK00/SES001/SA001S27	SES082	-1.50335	0.316975	1.82033
BLOCK00/SES001/SA001S27	SES087	-1.47682	0.343506	1.82033
BLOCK00/SES001/SA001S27	SES206	-1.61401	0.206312	1.82033
BLOCK00/SES001/SA001S29	SES062	-4.00307	-3.56897	0.434099
BLOCK00/SES001/SA001S29	SES082	-1.1303	-0.696203	0.434099
BLOCK00/SES001/SA001S29	SES158	-1.21269	-0.77859	0.434099
BLOCK00/SES001/SA001S29	SES206	-2.57014	-2.13605	0.434099
BLOCK00/SES003/SA003S11	SES002	-1.04884	-0.700405	0.348433
BLOCK00/SES003/SA003S11	SES019	-1.69654	-1.34811	0.348433
BLOCK00/SES003/SA003S11	SES082	-1.33276	-0.984329	0.348433
BLOCK00/SES003/SA003S11	SES125	-2.56986	-2.22143	0.348433
BLOCK00/SES003/SA003S15	SES016	-1.85272	-0.110656	1.74206
BLOCK00/SES003/SA003S15	SES019	-2.57848	-0.836421	1.74206
BLOCK00/SES003/SA003S15	SES062	-1.15262	0.589437	1.74206
BLOCK00/SES003/SA003S15	SES206	-1.40258	0.339482	1.74206
BLOCK00/SES003/SA003S22	SES002	-2.01803	-0.984104	1.03392
BLOCK00/SES003/SA003S22	SES062	-1.17953	-0.145604	1.03392
BLOCK00/SES003/SA003S22	SES082	-1.97726	-0.943335	1.03392
BLOCK00/SES003/SA003S22	SES087	-1.83813	-0.804212	1.03392
BLOCK00/SES003/SA003S25	SES062	-2.92797	-2.70706	0.220905
BLOCK00/SES003/SA003S25	SES082	-1.57597	-1.35507	0.220905
BLOCK00/SES003/SA003S25	SES087	-1.55668	-1.33577	0.220905
BLOCK00/SES003/SA003S25	SES206	-2.26468	-2.04377	0.220905
BLOCK00/SES003/SA003S29	SES002	-2.00205	-1.57722	0.424828
BLOCK00/SES003/SA003S29	SES062	-2.96289	-2.53806	0.424828
BLOCK00/SES003/SA003S29	SES082	-1.72517	-1.30035	0.424828
BLOCK00/SES003/SA003S29	SES087	-3.10894	-2.68411	0.424828
BLOCK00/SES004/SA004S12	SES083	-1.79939	-0.167186	1.6322
BLOCK00/SES004/SA004S12	SES148	-2.34054	-0.708342	1.6322
BLOCK00/SES004/SA004S12	SES172	-0.243764	1.38844	1.6322
BLOCK00/SES004/SA004S12	SES292	-1.90981	-0.277605	1.6322
BLOCK00/SES004/SA004S17	SES083	-2.0018	-0.685502	1.3163
BLOCK00/SES004/SA004S17	SES162	-1.73191	-0.415616	1.3163
BLOCK00/SES004/SA004S17	SES172	-1.26992	0.046382	1.3163
BLOCK00/SES004/SA004S17	SES292	-1.92206	-0.605766	1.3163
BLOCK00/SES004/SA004S24	SES083	-2.06149	-0.0144235	2.04707
BLOCK00/SES004/SA004S24	SES148	-2.6486	-0.601537	2.04707
BLOCK00/SES004/SA004S24	SES172	-0.684847	1.36222	2.04707
BLOCK00/SES004/SA004S24	SES292	-1.47968	0.567387	2.04707
BLOCK00/SES004/SA004S26	SES083	-2.26826	-0.885958	1.3823
BLOCK00/SES004/SA004S26	SES127	-2.38397	-1.00167	1.3823
BLOCK00/SES004/SA004S26	SES148	-3.3004	-1.9181	1.3823
BLOCK00/SES004/SA004S26	SES292	-2.28842	-0.90612	1.3823
BLOCK00/SES004/SA004S28	SES083	-2.11659	0.264316	2.3809
BLOCK00/SES004/SA004S28	SES127	-1.29163	1.08927	2.3809
BLOCK00/SES004/SA004S28	SES187	-0.957415	1.42349	2.3809
BLOCK00/SES004/SA004S28	SES292	-2.56747	-0.186569	2.3809
BLOCK00/SES006/SA006S10	SES014	-3.43527	-4.89781	-1.46254
BLOCK00/SES006/SA006S10	SES158	-2.19685	-3.65939	-1.46254
BLOCK00/SES006/SA006S10	SES226	-3.79357	-5.25611	-1.46254
BLOCK00/SES006/SA006S10	SES270	-1.23695	-2.69948	-1.46254
BLOCK00/SES006/SA006S11	SES158	-1.89702	-3.5637	-1.66668
BLOCK00/SES006/SA006S11	SES226	-2.36285	-4.02953	-1.66668
BLOCK00/SES006/SA006S11	SES270	-1.05194	-2.71863	-1.66668
BLOCK00/SES006/SA006S11	SES275	-2.79417	-4.46086	-1.66668
BLOCK00/SES006/SA006S23	SES062	-2.63897	-3.06813	-0.429161
BLOCK00/SES006/SA006S23	SES105	-3.65416	-4.08332	-0.429161
BLOCK00/SES006/SA006S23	SES158	-2.47188	-2.90104	-0.429161
BLOCK00/SES006/SA006S23	SES275	-2.55421	-2.98337	-0.429161
BLOCK00/SES006/SA006S26	SES104	-3.94962	-4.25907	-0.309454
BLOCK00/SES006/SA006S26	SES158	-1.7167	-2.02616	-0.309454
BLOCK00/SES006/SA006S26	SES270	-0.521843	-0.831297	-0.309454
BLOCK00/SES006/SA006S26	SES275	-2.92616	-3.23561	-0.309454
BLOCK00/SES006/SA006S28	SES007	-2.85379	-3.86648	-1.01269
BLOCK00/SES006/SA006S28	SES105	-3.57348	-4.58617	-1.01269
BLOCK00/SES006/SA006S28	SES158	-2.26927	-3.28196	-1.01269
BLOCK00/SES006/SA006S28	SES275	-2.83961	-3.8523	-1.01269
BLOCK00/SES009/SA009S12	SES083	-3.65728	-2.23347	1.4238
BLOCK00/SES009/SA009S12	SES148	-2.4345	-1.01069	1.4238
BLOCK00/SES009/SA009S12	SES177	-1.11155	0.312251	1.4238
BLOCK00/SES009/SA009S12	SES292	-1.78671	-0.362911	1.4238
BLOCK00/SES009/SA009S15	SES007	-0.538386	1.55102	2.0894
BLOCK00/SES009/SA009S15	SES099	-3.7421	-1.65269	2.0894
BLOCK00/SES009/SA009S15	SES148	-2.41104	-0.321633	2.0894
BLOCK00/SES009/SA009S15	SES172	-2.1036	-0.0141998	2.0894
BLOCK00/SES009/SA009S24	SES146	-1.64646	0.022191	1.66865
BLOCK00/SES009/SA009S24	SES148	-2.99413	-1.32547	1.66865
BLOCK00/SES009/SA009S24	SES177	-0.963783	0.704871	1.66865
BLOCK00/SES009/SA009S24	SES292	-1.93239	-0.263737	1.66865
BLOCK00/SES009/SA009S26	SES083	-3.34511	-2.3805	0.964612
BLOCK00/SES009/SA009S26	SES101	-2.96182	-1.99721	0.964612
BLOCK00/SES009/SA009S26	SES120	-1.60879	-0.644179	0.964612
BLOCK00/SES009/SA009S26	SES177	-1.33469	-0.370074	0.964612
BLOCK00/SES009/SA009S29	SES083	-2.8778	-1.05918	1.81862
BLOCK00/SES009/SA009S29	SES101	-2.23625	-0.417621	1.81862
BLOCK00/SES009/SA009S29	SES177	-0.849237	0.969388	1.81862
BLOCK00/SES009/SA009S29	SES292	-1.94206	-0.12344	1.81862
BLOCK01/SES011/SA011S10	SES019	-2.1938	-2.17839	0.0154084
BLOCK01/SES011/SA011S10	SES042	-0.00818451	0.00722391	0.0154084
BLOCK01/SES011/SA011S10	SES082	-2.45114	-2.43573	0.0154084
BLOCK01/SES011/SA011S10	SES206	-1.27692	-1.26151	0.0154084
BLOCK01/SES011/SA011S11	SES019	-2.386	-2.54718	-0.161188
BLOCK01/SES011/SA011S11	SES042	-0.595736	-0.756924	-0.161188
BLOCK01/SES011/SA011S11	SES082	-1.98417	-2.14536	-0.161188
BLOCK01/SES011/SA011S11	SES206	-1.65314	-1.81433	-0.161188
BLOCK01/SES011/SA011S22	SES019	-1.63093	-1.8103	-0.179376
BLOCK01/SES011/SA011S22	SES042	0.393102	0.213726	-0.179376
BLOCK01/SES011/SA011S22	SES082	-1.96195	-2.14133	-0.179376
BLOCK01/SES011/SA011S22	SES206	-2.1762	-2.35557	-0.179376
BLOCK01/SES011/SA011S24	SES019	-2.19739	-1.59341	0.60398
BLOCK01/SES011/SA011S24	SES042	0.465917	1.0699	0.60398
BLOCK01/SES011/SA011S24	SES104	-1.76367	-1.15969	0.60398
BLOCK01/SES011/SA011S24	SES206	-1.34933	-0.745351	0.60398
BLOCK01/SES011/SA011S27	SES082	-0.64981	-0.38452	0.265289
BLOCK01/SES011/SA011S27	SES087	-2.43117	-2.16588	0.265289
BLOCK01/SES011/SA011S27	SES125	-1.70235	-1.43706	0.265289
BLOCK01/SES011/SA011S27	SES206	-1.20679	-0.941506	0.265289
BLOCK01/SES012/SA012S11	SES007	-0.930902	1.16176	2.09266
BLOCK01/SES012/SA012S11	SES082	-2.1111	-0.0184356	2.09266
BLOCK01/SES012/SA012S11	SES083	-2.18855	-0.0958822	2.09266
BLOCK01/SES012/SA012S11	SES206	-2.12691	-0.0342503	2.09266
BLOCK01/SES012/SA012S14	SES082	-1.31753	-0.232764	1.08476
BLOCK01/SES012/SA012S14	SES087	-3.09234	-2.00757	1.08476
BLOCK01/SES012/SA012S14	SES206	-1.32818	-0.243422	1.08476
BLOCK01/SES012/SA012S14	SES292	-1.64012	-0.555356	1.08476
BLOCK01/SES012/SA012S24	SES082	-1.46218	-1.09807	0.364111
BLOCK01/SES012/SA012S24	SES087	-3.08125	-2.71714	0.364111
BLOCK01/SES012/SA012S24	SES120	-2.17032	-1.80621	0.364111
BLOCK01/SES012/SA012S24	SES206	-1.74085	-1.37674	0.364111
BLOCK01/SES012/SA012S26	SES019	-4.31852	-3.14393	1.17459
BLOCK01/SES012/SA012S26	SES082	-2.27453	-1.09993	1.17459
BLOCK01/SES012/SA012S26	SES206	-1.36326	-0.188666	1.17459
BLOCK01/SES012/SA012S26	SES292	-1.35678	-0.182184	1.17459
BLOCK01/SES012/SA012S29	SES062	-2.17643	-0.584704	1.59172
BLOCK01/SES012/SA012S29	SES082	-1.44825	0.143474	1.59172
BLOCK01/SES012/SA012S29	SES083	-2.87845	-1.28673	1.59172
BLOCK01/SES012/SA012S29	SES206	-1.08237	0.509353	1.59172
BLOCK01/SES013/SA013S16	SES062	-3.31213	-3.56277	-0.250636
BLOCK01/SES013/SA013S16	SES106	-1.32641	-1.57705	-0.250636
BLOCK01/SES013/SA013S16	SES206	-1.91117	-2.16181	-0.250636
BLOCK01/SES013/SA013S16	SES226	-1.10254	-1.35317	-0.250636
BLOCK01/SES013/SA013S17	SES062	-2.8975	-1.56971	1.32779
BLOCK01/SES013/SA013S17	SES106	-2.38059	-1.0528	1.32779
BLOCK01/SES013/SA013S17	SES206	-1.17017	0.157624	1.32779
BLOCK01/SES013/SA013S17	SES226	-0.825094	0.502696	1.32779
BLOCK01/SES013/SA013S23	SES104	-2.35024	-2.47	-0.11976
BLOCK01/SES013/SA013S23	SES106	-1.49049	-1.61025	-0.11976
BLOCK01/SES013/SA013S23	SES206	-2.44272	-2.56248	-0.11976
BLOCK01/SES013/SA013S23	SES270	-1.08479	-1.20455	-0.11976
BLOCK01/SES013/SA013S25	SES042	-2.35927	-1.94734	0.411924
BLOCK01/SES013/SA013S25	SES104	-2.29341	-1.88149	0.411924
BLOCK01/SES013/SA013S25	SES106	-1.18426	-0.772334	0.411924
BLOCK01/SES013/SA013S25	SES206	-2.19752	-1.7856	0.411924
BLOCK01/SES013/SA013S29	SES062	-3.61117	-3.31569	0.295481
BLOCK01/SES013/SA013S29	SES104	-2.74446	-2.44898	0.295481
BLOCK01/SES013/SA013S29	SES106	-0.825732	-0.530251	0.295481
BLOCK01/SES013/SA013S29	SES206	-2.14238	-1.8469	0.295481
BLOCK02/SES021/SA021S13	SES016	-2.82426	-1.15974	1.66453
BLOCK02/SES021/SA021S13	SES029	-1.61897	0.0455549	1.66453
BLOCK02/SES021/SA021S13	SES087	-2.73805	-1.07352	1.66453
BLOCK02/SES021/SA021S13	SES206	-2.28244	-0.617916	1.66453
BLOCK02/SES021/SA021S15	SES087	-1.44864	0.693157	2.1418
BLOCK02/SES021/SA021S15	SES125	-2.14922	-0.00742228	2.1418
BLOCK02/SES021/SA021S15	SES206	-1.47251	0.669288	2.1418
BLOCK02/SES021/SA021S15	SES226	-2.48358	-0.341779	2.1418
BLOCK02/SES021/SA021S23	SES062	-3.8236	-3.69114	0.132459
BLOCK02/SES021/SA021S23	SES087	-2.13651	-2.00405	0.132459
BLOCK02/SES021/SA021S23	SES206	-1.76261	-1.63015	0.132459
BLOCK02/SES021/SA021S23	SES226	-2.25647	-2.12401	0.132459
BLOCK02/SES021/SA021S27	SES002	-1.31112	0.579699	1.89081
BLOCK02/SES021/SA021S27	SES016	-4.17231	-2.28149	1.89081
BLOCK02/SES021/SA021S27	SES019	-2.02475	-0.133936	1.89081
BLOCK02/SES021/SA021S27	SES062	-1.81405	0.0767644	1.89081
BLOCK02/SES021/SA021S29	SES087	-1.48994	-0.00830704	1.48164
BLOCK02/SES021/SA021S29	SES125	-1.5493	-0.0676684	1.48164
BLOCK02/SES021/SA021S29	SES206	-0.882037	0.5996	1.48164
BLOCK02/SES021/SA021S29	SES226	-2.65385	-1.17222	1.48164
BLOCK04/SES043/SA043S09	SES083	-1.27361	-0.722398	0.551216
BLOCK04/SES043/SA043S09	SES101	-1.28291	-0.731697	0.551216
BLOCK04/SES043/SA043S09	SES144	-0.756119	-0.204903	0.551216
BLOCK04/SES043/SA043S09	SES172	-1.70412	-1.15291	0.551216
BLOCK04/SES043/SA043S11	SES083	-1.16581	0.49724	1.66304
BLOCK04/SES043/SA043S11	SES101	-1.1442	0.518848	1.66304
BLOCK04/SES043/SA043S11	SES144	-0.412746	1.2503	1.66304
BLOCK04/SES043/SA043S11	SES172	-1.5092	0.153843	1.66304
BLOCK04/SES043/SA043S23	SES083	-1.61139	-0.000141513	1.61125
BLOCK04/SES043/SA043S23	SES144	-0.624591	0.986659	1.61125
BLOCK04/SES043/SA043S23	SES177	-1.89707	-0.285819	1.61125
BLOCK04/SES043/SA043S23	SES275	-1.62558	-0.01433	1.61125
BLOCK04/SES043/SA043S26	SES083	-1.69863	-0.838517	0.86011
BLOCK04/SES043/SA043S26	SES101	-1.28568	-0.425571	0.86011
BLOCK04/SES043/SA043S26	SES144	-0.556399	0.303711	0.86011
BLOCK04/SES043/SA043S26	SES177	-2.09254	-1.23243	0.86011
BLOCK04/SES043/SA043S28	SES016	-2.76157	-1.38147	1.38011
BLOCK04/SES043/SA043S28	SES083	-1.13561	0.244501	1.38011
BLOCK04/SES043/SA043S28	SES101	-1.12164	0.258467	1.38011
BLOCK04/SES043/SA043S28	SES144	-0.995503	0.384603	1.38011
BLOCK04/SES044/SA044S10	SES127	-2.98711	-3.89174	-0.90463
BLOCK04/SES044/SA044S10	SES144	-0.702341	-1.60697	-0.90463
BLOCK04/SES044/SA044S10	SES147	-3.9407	-4.84533	-0.90463
BLOCK04/SES044/SA044S10	SES148	-2.9649	-3.86953	-0.90463
BLOCK04/SES044/SA044S11	SES101	-1.37106	-1.08169	0.289372
BLOCK04/SES044/SA044S11	SES144	-0.400291	-0.110919	0.289372
BLOCK04/SES044/SA044S11	SES147	-2.68042	-2.39105	0.289372
BLOCK04/SES044/SA044S11	SES177	-2.68432	-2.39495	0.289372
BLOCK04/SES044/SA044S24	SES007	-2.34135	-1.80533	0.536025
BLOCK04/SES044/SA044S24	SES101	-0.765612	-0.229586	0.536025
BLOCK04/SES044/SA044S24	SES147	-2.09335	-1.55733	0.536025
BLOCK04/SES044/SA044S24	SES177	-1.42748	-0.891454	0.536025
BLOCK04/SES044/SA044S26	SES007	-1.99231	-1.07147	0.920838
BLOCK04/SES044/SA044S26	SES016	-2.10793	-1.1871	0.920838
BLOCK04/SES044/SA044S26	SES101	-1.69723	-0.77639	0.920838
BLOCK04/SES044/SA044S26	SES147	-1.5526	-0.631765	0.920838
BLOCK04/SES044/SA044S29	SES007	-2.43108	-0.557628	1.87345
BLOCK04/SES044/SA044S29	SES101	-0.374179	1.49927	1.87345
BLOCK04/SES044/SA044S29	SES147	-2.10204	-0.228588	1.87345
BLOCK04/SES044/SA044S29	SES177	-3.0796	-1.20615	1.87345
BLOCK04/SES046/SA046S13	SES101	-1.57171	-0.513532	1.05818
BLOCK04/SES046/SA046S13	SES144	-0.532879	0.525298	1.05818
BLOCK04/SES046/SA046S13	SES147	-2.24057	-1.18239	1.05818
BLOCK04/SES046/SA046S13	SES177	-2.13223	-1.07406	1.05818
BLOCK04/SES046/SA046S15	SES048	-0.630678	1.71662	2.3473
BLOCK04/SES046/SA046S15	SES083	-1.30861	1.03869	2.3473
BLOCK04/SES046/SA046S15	SES120	-3.18112	-0.833815	2.3473
BLOCK04/SES046/SA046S15	SES148	-1.94642	0.400882	2.3473
BLOCK04/SES046/SA046S22	SES101	-1.06195	0.181411	1.24336
BLOCK04/SES046/SA046S22	SES144	-1.20977	0.0335951	1.24336
BLOCK04/SES046/SA046S22	SES147	-2.86314	-1.61978	1.24336
BLOCK04/SES046/SA046S22	SES172	-1.31041	-0.0670511	1.24336
BLOCK04/SES046/SA046S25	SES083	-1.34924	-0.17419	1.17505
BLOCK04/SES046/SA046S25	SES127	-1.85666	-0.681611	1.17505
BLOCK04/SES046/SA046S25	SES144	-1.988	-0.812951	1.17505
BLOCK04/SES046/SA046S25	SES148	-1.81048	-0.635426	1.17505
BLOCK04/SES046/SA046S28	SES007	-1.9686	-0.540383	1.42822
BLOCK04/SES046/SA046S28	SES105	-2.37067	-0.942455	1.42822
BLOCK04/SES046/SA046S28	SES147	-1.64412	-0.215898	1.42822
BLOCK04/SES046/SA046S28	SES148	-1.35471	0.0735052	1.42822
BLOCK04/SES049/SA049S16	SES104	-1.51797	-2.0574	-0.539434
BLOCK04/SES049/SA049S16	SES106	-1.86249	-2.40192	-0.539434
BLOCK04/SES049/SA049S16	SES120	-2.44206	-2.98149	-0.539434
BLOCK04/SES049/SA049S16	SES206	-1.7444	-2.28383	-0.539434
BLOCK04/SES049/SA049S18	SES099	-1.05902	-2.33155	-1.27253
BLOCK04/SES049/SA049S18	SES104	-2.53808	-3.81061	-1.27253
BLOCK04/SES049/SA049S18	SES125	-2.54609	-3.81861	-1.27253
BLOCK04/SES049/SA049S18	SES206	-2.85814	-4.13066	-1.27253
BLOCK04/SES049/SA049S25	SES087	-1.31563	-1.97746	-0.661828
BLOCK04/SES049/SA049S25	SES104	-1.07707	-1.7389	-0.661828
BLOCK04/SES049/SA049S25	SES125	-1.65982	-2.32165	-0.661828
BLOCK04/SES049/SA049S25	SES206	-0.753371	-1.4152	-0.661828
BLOCK04/SES049/SA049S27	SES099	-0.687974	-0.546585	0.14139
BLOCK04/SES049/SA049S27	SES104	-1.01138	-0.869992	0.14139
BLOCK04/SES049/SA049S27	SES125	-2.45951	-2.31812	0.14139
BLOCK04/SES049/SA049S27	SES206	-2.00224	-1.86085	0.14139
BLOCK04/SES049/SA049S29	SES099	-0.301928	0.150322	0.45225
BLOCK04/SES049/SA049S29	SES104	-0.393376	0.0588742	0.45225
BLOCK04/SES049/SA049S29	SES125	-1.72498	-1.27273	0.45225
BLOCK04/SES049/SA049S29	SES206	-0.791702	-0.339452	0.45225
BLOCK06/SES063/SA063S09	SES068	-1.60767	-0.375831	1.23184
BLOCK06/SES063/SA063S09	SES083	-0.937358	0.294482	1.23184
BLOCK06/SES063/SA063S09	SES177	-1.30356	-0.071715	1.23184
BLOCK06/SES063/SA063S09	SES187	-1.68472	-0.452884	1.23184
BLOCK06/SES063/SA063S10	SES068	-2.67689	-1.75679	0.9201
BLOCK06/SES063/SA063S10	SES083	-1.37645	-0.456355	0.9201
BLOCK06/SES063/SA063S10	SES172	-1.63205	-0.71195	0.9201
BLOCK06/SES063/SA063S10	SES187	-1.50013	-0.58003	0.9201
BLOCK06/SES063/SA063S20	SES068	-2.41199	-1.15999	1.252
BLOCK06/SES063/SA063S20	SES083	-0.492754	0.759246	1.252
BLOCK06/SES063/SA063S20	SES172	-0.927188	0.324812	1.252
BLOCK06/SES063/SA063S20	SES187	-1.48343	-0.231434	1.252
BLOCK06/SES063/SA063S24	SES029	-3.13658	-1.27494	1.86165
BLOCK06/SES063/SA063S24	SES083	-0.959615	0.902031	1.86165
BLOCK06/SES063/SA063S24	SES177	-1.03754	0.82411	1.86165
BLOCK06/SES063/SA063S24	SES189	-1.20434	0.65731	1.86165
BLOCK06/SES063/SA063S27	SES083	-0.789965	-0.124956	0.665009
BLOCK06/SES063/SA063S27	SES172	-1.5099	-0.844889	0.665009
BLOCK06/SES063/SA063S27	SES187	-1.82514	-1.16013	0.665009
BLOCK06/SES063/SA063S27	SES292	-2.43266	-1.76765	0.665009
BLOCK06/SES067/SA067S12	SES083	-1.77843	0.154051	1.93248
BLOCK06/SES067/SA067S12	SES172	-2.01836	-0.0858711	1.93248
BLOCK06/SES067/SA067S12	SES202	-1.90683	0.0256568	1.93248
BLOCK06/SES067/SA067S12	SES292	-2.23049	-0.298005	1.93248
BLOCK06/SES067/SA067S14	SES085	-1.58735	1.14426	2.73162
BLOCK06/SES067/SA067S14	SES177	-1.8122	0.919411	2.73162
BLOCK06/SES067/SA067S14	SES183	-0.314409	2.41721	2.73162
BLOCK06/SES067/SA067S14	SES202	-1.84433	0.887287	2.73162
BLOCK06/SES067/SA067S21	SES144	-1.77951	0.0875421	1.86705
BLOCK06/SES067/SA067S21	SES177	-1.22426	0.642787	1.86705
BLOCK06/SES067/SA067S21	SES183	-1.04177	0.825283	1.86705
BLOCK06/SES067/SA067S21	SES189	-1.49658	0.370475	1.86705
BLOCK06/SES067/SA067S25	SES085	-1.36536	0.79406	2.15942
BLOCK06/SES067/SA067S25	SES177	-1.7926	0.366829	2.15942
BLOCK06/SES067/SA067S25	SES183	-1.50957	0.649858	2.15942
BLOCK06/SES067/SA067S25	SES202	-1.77008	0.389345	2.15942
BLOCK06/SES067/SA067S29	SES085	-2.55257	-0.783907	1.76866
BLOCK06/SES067/SA067S29	SES177	-1.86937	-0.100712	1.76866
BLOCK06/SES067/SA067S29	SES183	-0.577428	1.19123	1.76866
BLOCK06/SES067/SA067S29	SES202	-1.87411	-0.105453	1.76866
BLOCK06/SES069/SA069S12	SES029	-2.4829	-1.44853	1.03438
BLOCK06/SES069/SA069S12	SES082	-0.921398	0.112978	1.03438
BLOCK06/SES069/SA069S12	SES087	-2.01497	-0.980597	1.03438
BLOCK06/SES069/SA069S12	SES206	-1.37814	-0.343765	1.03438
BLOCK06/SES069/SA069S13	SES029	-3.40187	-2.09408	1.30779
BLOCK06/SES069/SA069S13	SES087	-1.62049	-0.312692	1.30779
BLOCK06/SES069/SA069S13	SES206	-1.3164	-0.00861028	1.30779
BLOCK06/SES069/SA069S13	SES226	-0.226656	1.08114	1.30779
BLOCK06/SES069/SA069S23	SES029	-0.678837	1.70534	2.38417
BLOCK06/SES069/SA069S23	SES087	-1.29371	1.09046	2.38417
BLOCK06/SES069/SA069S23	SES206	-1.46524	0.918934	2.38417
BLOCK06/SES069/SA069S23	SES226	-1.19469	1.18948	2.38417
BLOCK06/SES069/SA069S25	SES087	-1.79089	0.239558	2.03045
BLOCK06/SES069/SA069S25	SES206	-2.93652	-0.906072	2.03045
BLOCK06/SES069/SA069S25	SES226	-0.855586	1.17486	2.03045
BLOCK06/SES069/SA069S25	SES270	-2.16525	-0.1348	2.03045
BLOCK06/SES069/SA069S27	SES087	-2.46509	-1.27352	1.19156
BLOCK06/SES069/SA069S27	SES206	-1.64199	-0.45043	1.19156
BLOCK06/SES069/SA069S27	SES226	-0.122858	1.0687	1.19156
BLOCK06/SES069/SA069S27	SES270	-1.63935	-0.447786	1.19156
BLOCK08/SES081/SA081S11	SES060	-2.80998	-1.11977	1.69022
BLOCK08/SES081/SA081S11	SES062	-1.77045	-0.0802309	1.69022
BLOCK08/SES081/SA081S11	SES117	-3.73925	-2.04903	1.69022
BLOCK08/SES081/SA081S11	SES162	-2.67502	-0.984802	1.69022
BLOCK08/SES081/SA081S13	SES016	-1.76588	0.738624	2.50451
BLOCK08/SES081/SA081S13	SES060	-0.892883	1.61162	2.50451
BLOCK08/SES081/SA081S13	SES068	-0.994697	1.50981	2.50451
BLOCK08/SES081/SA081S13	SES129	-2.78316	-0.278649	2.50451
BLOCK08/SES081/SA081S24	SES060	-1.16191	0.601771	1.76368
BLOCK08/SES081/SA081S24	SES068	-1.16095	0.602735	1.76368
BLOCK08/SES081/SA081S24	SES117	-2.66068	-0.897	1.76368
BLOCK08/SES081/SA081S24	SES275	-1.70126	0.0624271	1.76368
BLOCK08/SES081/SA081S27	SES007	-1.54062	0.128249	1.66887
BLOCK08/SES081/SA081S27	SES060	-1.90554	-0.236674	1.66887
BLOCK08/SES081/SA081S27	SES117	-1.84502	-0.176156	1.66887
BLOCK08/SES081/SA081S27	SES275	-1.87488	-0.206014	1.66887
BLOCK08/SES081/SA081S29	SES007	-1.0119	0.802835	1.81473
BLOCK08/SES081/SA081S29	SES060	-1.23938	0.575356	1.81473
BLOCK08/SES081/SA081S29	SES117	-2.10282	-0.288089	1.81473
BLOCK08/SES081/SA081S29	SES275	-1.97966	-0.16493	1.81473
BLOCK08/SES086/SA086S11	SES029	-4.21636	-4.45591	-0.239547
BLOCK08/SES086/SA086S11	SES082	-2.47868	-2.71822	-0.239547
BLOCK08/SES086/SA086S11	SES087	-0.946546	-1.18609	-0.239547
BLOCK08/SES086/SA086S11	SES206	-2.31644	-2.55599	-0.239547
BLOCK08/SES086/SA086S12	SES029	-2.46125	-1.67278	0.788466
BLOCK08/SES086/SA086S12	SES082	-3.37285	-2.58438	0.788466
BLOCK08/SES086/SA086S12	SES087	-0.528617	0.259849	0.788466
BLOCK08/SES086/SA086S12	SES206	-1.83587	-1.0474	0.788466
BLOCK08/SES086/SA086S20	SES029	-3.63609	-2.22956	1.40653
BLOCK08/SES086/SA086S20	SES082	-2.78452	-1.37799	1.40653
BLOCK08/SES086/SA086S20	SES087	-0.310953	1.09558	1.40653
BLOCK08/SES086/SA086S20	SES206	-1.37073	0.0358002	1.40653
BLOCK08/SES086/SA086S24	SES087	-0.906241	-0.878866	0.0273749
BLOCK08/SES086/SA086S24	SES104	-2.99275	-2.96538	0.0273749
BLOCK08/SES086/SA086S24	SES120	-2.45627	-2.4289	0.0273749
BLOCK08/SES086/SA086S24	SES206	-1.07479	-1.04742	0.0273749
BLOCK08/SES086/SA086S28	SES029	-2.94949	-1.80348	1.14602
BLOCK08/SES086/SA086S28	SES082	-2.06059	-0.914571	1.14602
BLOCK08/SES086/SA086S28	SES087	-0.792656	0.35336	1.14602
BLOCK08/SES086/SA086S28	SES206	-1.55828	-0.412262	1.14602
BLOCK08/SES089/SA089S13	SES087	-2.11517	-1.74678	0.368385
BLOCK08/SES089/SA089S13	SES206	-1.84662	-1.47823	0.368385
BLOCK08/SES089/SA089S13	SES226	-2.03574	-1.66736	0.368385
BLOCK08/SES089/SA089S13	SES270	-3.16617	-2.79779	0.368385
BLOCK08/SES089/SA089S14	SES062	-2.15283	-1.29467	0.858155
BLOCK08/SES089/SA089S14	SES087	-1.2641	-0.405944	0.858155
BLOCK08/SES089/SA089S14	SES206	-1.77926	-0.9211	0.858155
BLOCK08/SES089/SA089S14	SES226	-1.93995	-1.08179	0.858155
BLOCK08/SES089/SA089S23	SES087	-1.56195	-1.62808	-0.066129
BLOCK08/SES089/SA089S23	SES206	-1.44532	-1.51145	-0.066129
BLOCK08/SES089/SA089S23	SES226	-2.32299	-2.38912	-0.066129
BLOCK08/SES089/SA089S23	SES270	-3.5692	-3.63533	-0.066129
BLOCK08/SES089/SA089S25	SES062	-2.29313	-1.35779	0.935336
BLOCK08/SES089/SA089S25	SES087	-1.23027	-0.294938	0.935336
BLOCK08/SES089/SA089S25	SES206	-2.29499	-1.35965	0.935336
BLOCK08/SES089/SA089S25	SES226	-2.01488	-1.07955	0.935336
BLOCK08/SES089/SA089S28	SES062	-1.99111	-1.18267	0.808436
BLOCK08/SES089/SA089S28	SES087	-0.689669	0.118767	0.808436
BLOCK08/SES089/SA089S28	SES206	-1.45977	-0.65133	0.808436
BLOCK08/SES089/SA089S28	SES226	-1.85954	-1.0511	0.808436
BLOCK09/SES097/SA097S11	SES099	-0.0259257	0.432707	0.458633
BLOCK09/SES097/SA097S11	SES125	-2.20843	-1.7498	0.458633
BLOCK09/SES097/SA097S11	SES206	-1.08108	-0.622451	0.458633
BLOCK09/SES097/SA097S11	SES226	-0.41772	0.0409129	0.458633
BLOCK09/SES097/SA097S14	SES062	-1.46186	-1.20509	0.256762
BLOCK09/SES097/SA097S14	SES099	-0.777577	-0.520816	0.256762
BLOCK09/SES097/SA097S14	SES104	-1.4264	-1.16963	0.256762
BLOCK09/SES097/SA097S14	SES206	-2.16619	-1.90942	0.256762
BLOCK09/SES097/SA097S22	SES099	-0.59661	-0.534464	0.0621459
BLOCK09/SES097/SA097S22	SES206	-1.54853	-1.48639	0.0621459
BLOCK09/SES097/SA097S22	SES226	-1.97406	-1.91191	0.0621459
BLOCK09/SES097/SA097S22	SES270	-0.590192	-0.528046	0.0621459
BLOCK09/SES097/SA097S26	SES099	-0.633706	-0.938386	-0.30468
BLOCK09/SES097/SA097S26	SES120	-0.906823	-1.2115	-0.30468
BLOCK09/SES097/SA097S26	SES206	-1.91706	-2.22174	-0.30468
BLOCK09/SES097/SA097S26	SES226	-1.75744	-2.06212	-0.30468
BLOCK09/SES097/SA097S28	SES099	-1.16056	-0.66098	0.49958
BLOCK09/SES097/SA097S28	SES120	-1.51739	-1.01781	0.49958
BLOCK09/SES097/SA097S28	SES206	-2.02193	-1.52235	0.49958
BLOCK09/SES097/SA097S28	SES226	-2.48188	-1.9823	0.49958
BLOCK09/SES098/SA098S11	SES127	-2.80647	-1.22909	1.57738
BLOCK09/SES098/SA098S11	SES144	-1.96966	-0.392282	1.57738
BLOCK09/SES098/SA098S11	SES147	-1.86664	-0.289262	1.57738
BLOCK09/SES098/SA098S11	SES148	-4.24731	-2.66993	1.57738
BLOCK09/SES098/SA098S12	SES127	-3.70819	-3.25151	0.456681
BLOCK09/SES098/SA098S12	SES144	-2.62559	-2.16891	0.456681
BLOCK09/SES098/SA098S12	SES147	-2.15161	-1.69493	0.456681
BLOCK09/SES098/SA098S12	SES189	-2.37184	-1.91516	0.456681
BLOCK09/SES098/SA098S20	SES127	-3.57949	-2.85984	0.71965
BLOCK09/SES098/SA098S20	SES147	-2.17719	-1.45754	0.71965
BLOCK09/SES098/SA098S20	SES148	-4.27184	-3.55219	0.71965
BLOCK09/SES098/SA098S20	SES292	-1.95036	-1.23071	0.71965
BLOCK09/SES098/SA098S23	SES127	-2.92418	-1.33306	1.59112
BLOCK09/SES098/SA098S23	SES147	-1.9923	-0.401187	1.59112
BLOCK09/SES098/SA098S23	SES187	-1.77066	-0.179542	1.59112
BLOCK09/SES098/SA098S23	SES292	-1.47808	0.113036	1.59112
BLOCK09/SES098/SA098S27	SES127	-4.82612	-3.84714	0.97898
BLOCK09/SES098/SA098S27	SES147	-3.56654	-2.58756	0.97898
BLOCK09/SES098/SA098S27	SES148	-5.23003	-4.25105	0.97898
BLOCK09/SES098/SA098S27	SES292	-1.39062	-0.411642	0.97898
BLOCK10/SES102/SA102S13	SES101	-1.19012	-0.326688	0.863436
BLOCK10/SES102/SA102S13	SES105	-1.85902	-0.995588	0.863436
BLOCK10/SES102/SA102S13	SES120	-2.38995	-1.52652	0.863436
BLOCK10/SES102/SA102S13	SES158	-2.57118	-1.70775	0.863436
BLOCK10/SES102/SA102S14	SES007	-0.598235	1.70564	2.30387
BLOCK10/SES102/SA102S14	SES101	-0.598104	1.70577	2.30387
BLOCK10/SES102/SA102S14	SES105	-0.475716	1.82816	2.30387
BLOCK10/SES102/SA102S14	SES147	-3.07531	-0.771437	2.30387
BLOCK10/SES102/SA102S22	SES007	-1.67472	0.200911	1.87563
BLOCK10/SES102/SA102S22	SES101	-1.25541	0.62022	1.87563
BLOCK10/SES102/SA102S22	SES105	-1.11055	0.765077	1.87563
BLOCK10/SES102/SA102S22	SES158	-2.42872	-0.553086	1.87563
BLOCK10/SES102/SA102S25	SES007	-1.07069	0.70338	1.77407
BLOCK10/SES102/SA102S25	SES101	-0.842558	0.931508	1.77407
BLOCK10/SES102/SA102S25	SES105	-1.52509	0.24898	1.77407
BLOCK10/SES102/SA102S25	SES147	-3.34406	-1.56999	1.77407
BLOCK10/SES102/SA102S27	SES007	-1.53528	-0.287394	1.24789
BLOCK10/SES102/SA102S27	SES101	-0.687455	0.560431	1.24789
BLOCK10/SES102/SA102S27	SES105	-1.82229	-0.574404	1.24789
BLOCK10/SES102/SA102S27	SES147	-3.29303	-2.04515	1.24789
BLOCK10/SES103/SA103S14	SES105	-2.90841	-3.97533	-1.06691
BLOCK10/SES103/SA103S14	SES106	-1.07562	-2.14253	-1.06691
BLOCK10/SES103/SA103S14	SES120	-2.16356	-3.23047	-1.06691
BLOCK10/SES103/SA103S14	SES206	-2.34066	-3.40758	-1.06691
BLOCK10/SES103/SA103S15	SES099	-2.01395	-3.33726	-1.32331
BLOCK10/SES103/SA103S15	SES101	-4.34458	-5.66789	-1.32331
BLOCK10/SES103/SA103S15	SES104	-2.62822	-3.95153	-1.32331
BLOCK10/SES103/SA103S15	SES125	-2.59156	-3.91487	-1.32331
BLOCK10/SES103/SA103S24	SES104	-2.39286	-2.53201	-0.139157
BLOCK10/SES103/SA103S24	SES125	-3.04341	-3.18257	-0.139157
BLOCK10/SES103/SA103S24	SES148	-3.03792	-3.17708	-0.139157
BLOCK10/SES103/SA103S24	SES158	-1.78588	-1.92504	-0.139157
BLOCK10/SES103/SA103S26	SES104	-2.7588	-3.83364	-1.07484
BLOCK10/SES103/SA103S26	SES106	-1.48023	-2.55506	-1.07484
BLOCK10/SES103/SA103S26	SES125	-2.75317	-3.82801	-1.07484
BLOCK10/SES103/SA103S26	SES148	-3.99943	-5.07426	-1.07484
BLOCK10/SES103/SA103S28	SES104	-2.59188	-4.21108	-1.6192
BLOCK10/SES103/SA103S28	SES106	-1.50689	-3.12609	-1.6192
BLOCK10/SES103/SA103S28	SES125	-3.61734	-5.23654	-1.6192
BLOCK10/SES103/SA103S28	SES206	-3.44316	-5.06236	-1.6192
BLOCK12/SES121/SA121S12	SES042	-2.82725	-3.7206	-0.893354
BLOCK12/SES121/SA121S12	SES087	-1.69518	-2.58853	-0.893354
BLOCK12/SES121/SA121S12	SES105	-0.89841	-1.79176	-0.893354
BLOCK12/SES121/SA121S12	SES206	-1.6668	-2.56016	-0.893354
BLOCK12/SES121/SA121S14	SES007	-2.52595	-3.91716	-1.39122
BLOCK12/SES121/SA121S14	SES105	-3.04207	-4.43328	-1.39122
BLOCK12/SES121/SA121S14	SES106	-2.16482	-3.55603	-1.39122
BLOCK12/SES121/SA121S14	SES206	-2.07126	-3.46247	-1.39122
BLOCK12/SES121/SA121S23	SES105	-2.6044	-3.48719	-0.882783
BLOCK12/SES121/SA121S23	SES106	-1.31019	-2.19297	-0.882783
BLOCK12/SES121/SA121S23	SES120	-2.36921	-3.25199	-0.882783
BLOCK12/SES121/SA121S23	SES206	-1.48134	-2.36412	-0.882783
BLOCK12/SES121/SA121S25	SES007	-2.00106	-3.4343	-1.43323
BLOCK12/SES121/SA121S25	SES105	-3.18204	-4.61527	-1.43323
BLOCK12/SES121/SA121S25	SES106	-1.97361	-3.40684	-1.43323
BLOCK12/SES121/SA121S25	SES206	-2.32861	-3.76185	-1.43323
BLOCK12/SES121/SA121S27	SES087	-0.666712	-1.29556	-0.628845
BLOCK12/SES121/SA121S27	SES105	-3.63573	-4.26458	-0.628845
BLOCK12/SES121/SA121S27	SES120	-1.16704	-1.79588	-0.628845
BLOCK12/SES121/SA121S27	SES206	-1.61944	-2.24829	-0.628845
BLOCK12/SES124/SA124S16	SES042	-0.795723	-0.410363	0.38536
BLOCK12/SES124/SA124S16	SES082	-1.85486	-1.4695	0.38536
BLOCK12/SES124/SA124S16	SES183	-2.00576	-1.6204	0.38536
BLOCK12/SES124/SA124S16	SES206	-1.93574	-1.55038	0.38536
BLOCK12/SES124/SA124S17	SES105	-2.24455	-2.70004	-0.455493
BLOCK12/SES124/SA124S17	SES149	-3.32759	-3.78308	-0.455493
BLOCK12/SES124/SA124S17	SES158	-3.53024	-3.98573	-0.455493
BLOCK12/SES124/SA124S17	SES275	-1.6471	-2.10259	-0.455493
BLOCK12/SES124/SA124S23	SES105	-2.75902	-1.19501	1.56401
BLOCK12/SES124/SA124S23	SES125	-0.840813	0.723199	1.56401
BLOCK12/SES124/SA124S23	SES129	-3.24873	-1.68472	1.56401
BLOCK12/SES124/SA124S23	SES158	-1.21672	0.347293	1.56401
BLOCK12/SES124/SA124S26	SES105	-3.28861	-2.67657	0.612037
BLOCK12/SES124/SA124S26	SES125	-2.0801	-1.46806	0.612037
BLOCK12/SES124/SA124S26	SES129	-3.48856	-2.87653	0.612037
BLOCK12/SES124/SA124S26	SES158	-2.11193	-1.49989	0.612037
BLOCK12/SES124/SA124S28	SES104	-0.943025	-0.10373	0.839294
BLOCK12/SES124/SA124S28	SES106	-1.09926	-0.259969	0.839294
BLOCK12/SES124/SA124S28	SES125	-0.604908	0.234386	0.839294
BLOCK12/SES124/SA124S28	SES275	-2.2789	-1.4396	0.839294
BLOCK12/SES126/SA126S13	SES007	-1.0034	0.318546	1.32195
BLOCK12/SES126/SA126S13	SES162	-2.27635	-0.954399	1.32195
BLOCK12/SES126/SA126S13	SES177	-1.61799	-0.296043	1.32195
BLOCK12/SES126/SA126S13	SES180	-1.60151	-0.279564	1.32195
BLOCK12/SES126/SA126S14	SES144	-1.47731	0.127903	1.60521
BLOCK12/SES126/SA126S14	SES148	-2.19896	-0.593744	1.60521
BLOCK12/SES126/SA126S14	SES177	-1.22195	0.383263	1.60521
BLOCK12/SES126/SA126S14	SES180	-2.54925	-0.944042	1.60521
BLOCK12/SES126/SA126S20	SES007	-1.42437	0.478354	1.90273
BLOCK12/SES126/SA126S20	SES162	-2.18902	-0.286291	1.90273
BLOCK12/SES126/SA126S20	SES172	-2.63604	-0.733315	1.90273
BLOCK12/SES126/SA126S20	SES180	-2.19897	-0.296244	1.90273
BLOCK12/SES126/SA126S24	SES120	-1.05734	1.04351	2.10085
BLOCK12/SES126/SA126S24	SES162	-1.50575	0.595101	2.10085
BLOCK12/SES126/SA126S24	SES177	-1.07602	1.02482	2.10085
BLOCK12/SES126/SA126S24	SES180	-1.37509	0.725754	2.10085
BLOCK12/SES126/SA126S26	SES120	-0.56805	0.953455	1.52151
BLOCK12/SES126/SA126S26	SES177	-1.40569	0.115819	1.52151
BLOCK12/SES126/SA126S26	SES180	-1.77422	-0.25271	1.52151
BLOCK12/SES126/SA126S26	SES202	-2.47526	-0.953753	1.52151
BLOCK12/SES128/SA128S10	SES087	-3.37767	-2.66383	0.713841
BLOCK12/SES128/SA128S10	SES206	-1.94235	-1.22851	0.713841
BLOCK12/SES128/SA128S10	SES226	-1.88524	-1.1714	0.713841
BLOCK12/SES128/SA128S10	SES270	-1.30125	-0.587413	0.713841
BLOCK12/SES128/SA128S12	SES120	-1.50513	-0.954817	0.550316
BLOCK12/SES128/SA128S12	SES158	-1.85534	-1.30503	0.550316
BLOCK12/SES128/SA128S12	SES206	-1.32353	-0.77321	0.550316
BLOCK12/SES128/SA128S12	SES226	-2.09821	-1.54789	0.550316
BLOCK12/SES128/SA128S21	SES106	-2.15822	-1.83684	0.321385
BLOCK12/SES128/SA128S21	SES120	-2.7351	-2.41371	0.321385
BLOCK12/SES128/SA128S21	SES206	-2.661	-2.33962	0.321385
BLOCK12/SES128/SA128S21	SES226	-1.58462	-1.26324	0.321385
BLOCK12/SES128/SA128S24	SES087	-1.69911	-1.29719	0.401922
BLOCK12/SES128/SA128S24	SES120	-1.25299	-0.851064	0.401922
BLOCK12/SES128/SA128S24	SES206	-1.21131	-0.809391	0.401922
BLOCK12/SES128/SA128S24	SES226	-2.03025	-1.62833	0.401922
BLOCK12/SES128/SA128S27	SES099	-0.664555	0.968034	1.63259
BLOCK12/SES128/SA128S27	SES120	-0.900688	0.731901	1.63259
BLOCK12/SES128/SA128S27	SES206	-1.43262	0.199967	1.63259
BLOCK12/SES128/SA128S27	SES226	-1.25322	0.379369	1.63259
BLOCK13/SES130/SA130S13	SES143	-0.91635	-0.0723295	0.84402
BLOCK13/SES130/SA130S13	SES144	-1.29004	-0.446018	0.84402
BLOCK13/SES130/SA130S13	SES146	-2.03376	-1.18974	0.84402
BLOCK13/SES130/SA130S13	SES275	-3.1458	-2.30178	0.84402
BLOCK13/SES130/SA130S15	SES143	-1.84612	0.250226	2.09635
BLOCK13/SES130/SA130S15	SES144	-0.873818	1.22253	2.09635
BLOCK13/SES130/SA130S15	SES146	-1.76967	0.326683	2.09635
BLOCK13/SES130/SA130S15	SES275	-1.9775	0.118847	2.09635
BLOCK13/SES130/SA130S23	SES127	-2.21579	-1.06966	1.14613
BLOCK13/SES130/SA130S23	SES144	-1.97542	-0.829295	1.14613
BLOCK13/SES130/SA130S23	SES146	-2.25569	-1.10956	1.14613
BLOCK13/SES130/SA130S23	SES162	-1.6785	-0.532377	1.14613
BLOCK13/SES130/SA130S25	SES127	-1.29526	0.424975	1.72024
BLOCK13/SES130/SA130S25	SES144	-1.13495	0.58529	1.72024
BLOCK13/SES130/SA130S25	SES146	-1.44298	0.277253	1.72024
BLOCK13/SES130/SA130S25	SES275	-1.28822	0.432015	1.72024
BLOCK13/SES130/SA130S28	SES127	-1.3484	0.0718748	1.42027
BLOCK13/SES130/SA130S28	SES144	-1.80682	-0.386546	1.42027
BLOCK13/SES130/SA130S28	SES146	-1.23094	0.189335	1.42027
BLOCK13/SES130/SA130S28	SES275	-1.19503	0.225245	1.42027
BLOCK13/SES131/SA131S13	SES002	-2.93729	-4.61598	-1.67869
BLOCK13/SES131/SA131S13	SES007	-3.13753	-4.81622	-1.67869
BLOCK13/SES131/SA131S13	SES099	-1.87583	-3.55452	-1.67869
BLOCK13/SES131/SA131S13	SES105	-2.14104	-3.81973	-1.67869
BLOCK13/SES131/SA131S14	SES104	-1.10922	-0.470784	0.638433
BLOCK13/SES131/SA131S14	SES106	-2.07539	-1.43695	0.638433
BLOCK13/SES131/SA131S14	SES125	-1.92237	-1.28394	0.638433
BLOCK13/SES131/SA131S14	SES148	-0.957599	-0.319166	0.638433
BLOCK13/SES131/SA131S20	SES104	-2.97829	-4.15716	-1.17887
BLOCK13/SES131/SA131S20	SES106	-2.38356	-3.56243	-1.17887
BLOCK13/SES131/SA131S20	SES125	-3.33169	-4.51056	-1.17887
BLOCK13/SES131/SA131S20	SES148	-2.25523	-3.4341	-1.17887
BLOCK13/SES131/SA131S22	SES099	-1.93739	-1.6575	0.279889
BLOCK13/SES131/SA131S22	SES104	-2.08594	-1.80605	0.279889
BLOCK13/SES131/SA131S22	SES125	-2.7105	-2.43061	0.279889
BLOCK13/SES131/SA131S22	SES206	-2.36066	-2.08077	0.279889
BLOCK13/SES131/SA131S29	SES087	-2.07347	-2.84975	-0.776284
BLOCK13/SES131/SA131S29	SES104	-2.95786	-3.73415	-0.776284
BLOCK13/SES131/SA131S29	SES125	-3.08502	-3.8613	-0.776284
BLOCK13/SES131/SA131S29	SES206	-2.66414	-3.44043	-0.776284
BLOCK13/SES132/SA132S11	SES083	-2.41455	-0.998051	1.4165
BLOCK13/SES132/SA132S11	SES120	-0.230646	1.18586	1.4165
BLOCK13/SES132/SA132S11	SES127	-2.12414	-0.707636	1.4165
BLOCK13/SES132/SA132S11	SES275	-1.69986	-0.283352	1.4165
BLOCK13/SES132/SA132S12	SES083	-2.31475	-0.378404	1.93635
BLOCK13/SES132/SA132S12	SES143	-2.15606	-0.219716	1.93635
BLOCK13/SES132/SA132S12	SES144	-1.40109	0.535254	1.93635
BLOCK13/SES132/SA132S12	SES148	-1.06914	0.867208	1.93635
BLOCK13/SES132/SA132S22	SES062	-1.37527	0.28177	1.65704
BLOCK13/SES132/SA132S22	SES083	-2.35488	-0.697846	1.65704
BLOCK13/SES132/SA132S22	SES127	-2.05776	-0.400728	1.65704
BLOCK13/SES132/SA132S22	SES275	-1.25543	0.40161	1.65704
BLOCK13/SES132/SA132S24	SES007	-1.59628	0.948719	2.545
BLOCK13/SES132/SA132S24	SES083	-2.7629	-0.217899	2.545
BLOCK13/SES132/SA132S24	SES127	-2.65142	-0.106419	2.545
BLOCK13/SES132/SA132S24	SES275	-1.23671	1.30829	2.545
BLOCK13/SES132/SA132S27	SES083	-3.31555	-2.51874	0.796803
BLOCK13/SES132/SA132S27	SES120	-0.714673	0.0821301	0.796803
BLOCK13/SES132/SA132S27	SES127	-2.78556	-1.98876	0.796803
BLOCK13/SES132/SA132S27	SES275	-1.86423	-1.06743	0.796803
BLOCK14/SES141/SA141S09	SES143	-1.81149	0.229153	2.04064
BLOCK14/SES141/SA141S09	SES144	-1.37572	0.664924	2.04064
BLOCK14/SES141/SA141S09	SES162	-2.26792	-0.227279	2.04064
BLOCK14/SES141/SA141S09	SES180	-1.83266	0.207982	2.04064
BLOCK14/SES141/SA141S15	SES127	-1.67374	0.0973864	1.77112
BLOCK14/SES141/SA141S15	SES144	-2.43376	-0.662635	1.77112
BLOCK14/SES141/SA141S15	SES162	-2.67308	-0.901959	1.77112
BLOCK14/SES141/SA141S15	SES180	-2.06413	-0.293009	1.77112
BLOCK14/SES141/SA141S24	SES127	-1.81872	0.283603	2.10232
BLOCK14/SES141/SA141S24	SES144	-2.40332	-0.301	2.10232
BLOCK14/SES141/SA141S24	SES162	-2.4021	-0.299781	2.10232
BLOCK14/SES141/SA141S24	SES183	-2.64342	-0.541101	2.10232
BLOCK14/SES141/SA141S26	SES142	-1.71714	-0.0847116	1.63243
BLOCK14/SES141/SA141S26	SES144	-2.41976	-0.787333	1.63243
BLOCK14/SES141/SA141S26	SES172	-1.42858	0.203849	1.63243
BLOCK14/SES141/SA141S26	SES180	-2.20981	-0.57738	1.63243
BLOCK14/SES141/SA141S29	SES127	-0.912584	0.950705	1.86329
BLOCK14/SES141/SA141S29	SES142	-0.79436	1.06893	1.86329
BLOCK14/SES141/SA141S29	SES144	-1.51914	0.34415	1.86329
BLOCK14/SES141/SA141S29	SES180	-1.42103	0.442257	1.86329
BLOCK15/SES157/SA157S08	SES083	-2.55879	-1.48704	1.07175
BLOCK15/SES157/SA157S08	SES127	-2.00782	-0.936067	1.07175
BLOCK15/SES157/SA157S08	SES148	-1.97388	-0.902124	1.07175
BLOCK15/SES157/SA157S08	SES292	-3.00157	-1.92982	1.07175
BLOCK15/SES157/SA157S11	SES083	-2.57701	-1.3513	1.22571
BLOCK15/SES157/SA157S11	SES127	-1.9001	-0.674386	1.22571
BLOCK15/SES157/SA157S11	SES148	-2.54962	-1.32391	1.22571
BLOCK15/SES157/SA157S11	SES292	-3.04736	-1.82165	1.22571
BLOCK15/SES157/SA157S21	SES127	-1.33334	-0.278096	1.05525
BLOCK15/SES157/SA157S21	SES148	-0.716496	0.33875	1.05525
BLOCK15/SES157/SA157S21	SES158	-5.92327	-4.86802	1.05525
BLOCK15/SES157/SA157S21	SES292	-2.62481	-1.56957	1.05525
BLOCK15/SES157/SA157S24	SES127	-1.49668	-0.306721	1.18996
BLOCK15/SES157/SA157S24	SES148	-1.79196	-0.602002	1.18996
BLOCK15/SES157/SA157S24	SES183	-2.47942	-1.28946	1.18996
BLOCK15/SES157/SA157S24	SES292	-3.26967	-2.0797	1.18996
BLOCK15/SES157/SA157S26	SES007	-1.30672	0.354394	1.66111
BLOCK15/SES157/SA157S26	SES127	-1.32493	0.336183	1.66111
BLOCK15/SES157/SA157S26	SES147	-2.38378	-0.722667	1.66111
BLOCK15/SES157/SA157S26	SES148	-1.59086	0.0702508	1.66111
BLOCK16/SES161/SA161S10	SES007	-2.03855	-2.31295	-0.274404
BLOCK16/SES161/SA161S10	SES105	-1.61218	-1.88658	-0.274404
BLOCK16/SES161/SA161S10	SES158	-2.01045	-2.28485	-0.274404
BLOCK16/SES161/SA161S10	SES275	-1.52408	-1.79849	-0.274404
BLOCK16/SES161/SA161S12	SES007	-2.86658	-2.5378	0.328782
BLOCK16/SES161/SA161S12	SES105	-3.12202	-2.79324	0.328782
BLOCK16/SES161/SA161S12	SES158	-1.91141	-1.58262	0.328782
BLOCK16/SES161/SA161S12	SES275	-2.04316	-1.71437	0.328782
BLOCK16/SES161/SA161S20	SES007	-2.23493	-2.55209	-0.317158
BLOCK16/SES161/SA161S20	SES105	-3.27859	-3.59574	-0.317158
BLOCK16/SES161/SA161S20	SES158	-1.86046	-2.17762	-0.317158
BLOCK16/SES161/SA161S20	SES275	-2.10697	-2.42413	-0.317158
BLOCK16/SES161/SA161S23	SES007	-2.78231	-2.3226	0.459711
BLOCK16/SES161/SA161S23	SES105	-2.19798	-1.73827	0.459711
BLOCK16/SES161/SA161S23	SES148	-2.39345	-1.93374	0.459711
BLOCK16/SES161/SA161S23	SES158	-2.00453	-1.54482	0.459711
BLOCK16/SES161/SA161S28	SES007	-2.61178	-1.82707	0.784711
BLOCK16/SES161/SA161S28	SES105	-3.3258	-2.54109	0.784711
BLOCK16/SES161/SA161S28	SES158	-1.02778	-0.243065	0.784711
BLOCK16/SES161/SA161S28	SES206	-1.6391	-0.854393	0.784711
BLOCK16/SES164/SA164S11	SES104	-1.56351	-1.48631	0.077201
BLOCK16/SES164/SA164S11	SES125	-2.14763	-2.07043	0.077201
BLOCK16/SES164/SA164S11	SES158	-0.611495	-0.534294	0.077201
BLOCK16/SES164/SA164S11	SES206	-2.27852	-2.20132	0.077201
BLOCK16/SES164/SA164S13	SES099	-1.35777	-2.67616	-1.31839
BLOCK16/SES164/SA164S13	SES104	-2.0679	-3.38629	-1.31839
BLOCK16/SES164/SA164S13	SES125	-2.72226	-4.04065	-1.31839
BLOCK16/SES164/SA164S13	SES206	-2.37271	-3.69109	-1.31839
BLOCK16/SES164/SA164S24	SES002	0.346396	-0.483689	-0.830085
BLOCK16/SES164/SA164S24	SES099	-1.09961	-1.9297	-0.830085
BLOCK16/SES164/SA164S24	SES125	-3.28768	-4.11777	-0.830085
BLOCK16/SES164/SA164S24	SES226	-0.638261	-1.46835	-0.830085
BLOCK16/SES164/SA164S27	SES087	-2.646	-3.60515	-0.959152
BLOCK16/SES164/SA164S27	SES125	-2.67733	-3.63648	-0.959152
BLOCK16/SES164/SA164S27	SES206	-2.57718	-3.53633	-0.959152
BLOCK16/SES164/SA164S27	SES226	-1.45575	-2.4149	-0.959152
BLOCK16/SES164/SA164S29	SES002	-0.563763	-1.13212	-0.568358
BLOCK16/SES164/SA164S29	SES019	-1.61773	-2.18609	-0.568358
BLOCK16/SES164/SA164S29	SES125	-2.74115	-3.30951	-0.568358
BLOCK16/SES164/SA164S29	SES226	-1.96319	-2.53155	-0.568358
BLOCK16/SES169/SA169S13	SES117	-1.71028	-0.904304	0.805974
BLOCK16/SES169/SA169S13	SES144	-1.52086	-0.714886	0.805974
BLOCK16/SES169/SA169S13	SES146	-1.71488	-0.908905	0.805974
BLOCK16/SES169/SA169S13	SES162	-1.12859	-0.322614	0.805974
BLOCK16/SES169/SA169S14	SES144	-2.01863	0.277457	2.29608
BLOCK16/SES169/SA169S14	SES148	-2.06773	0.228355	2.29608
BLOCK16/SES169/SA169S14	SES177	-1.24974	1.04635	2.29608
BLOCK16/SES169/SA169S14	SES180	-2.06471	0.231371	2.29608
BLOCK16/SES169/SA169S24	SES117	-1.96466	-1.77843	0.186229
BLOCK16/SES169/SA169S24	SES144	-1.498	-1.31177	0.186229
BLOCK16/SES169/SA169S24	SES146	-1.2498	-1.06357	0.186229
BLOCK16/SES169/SA169S24	SES162	-1.51862	-1.33239	0.186229
BLOCK16/SES169/SA169S27	SES127	-1.7466	-0.628132	1.11846
BLOCK16/SES169/SA169S27	SES129	-1.74961	-0.631144	1.11846
BLOCK16/SES169/SA169S27	SES144	-2.0389	-0.920437	1.11846
BLOCK16/SES169/SA169S27	SES146	-0.77732	0.341144	1.11846
BLOCK16/SES169/SA169S29	SES144	-0.613294	1.19464	1.80793
BLOCK16/SES169/SA169S29	SES162	-0.566051	1.24188	1.80793
BLOCK16/SES169/SA169S29	SES177	-1.58818	0.219753	1.80793
BLOCK16/SES169/SA169S29	SES180	-1.6014	0.206527	1.80793
BLOCK17/SES171/SA171S12	SES083	-1.67085	-1.68238	-0.0115321
BLOCK17/SES171/SA171S12	SES148	-2.22826	-2.23979	-0.0115321
BLOCK17/SES171/SA171S12	SES172	-1.6116	-1.62313	-0.0115321
BLOCK17/SES171/SA171S12	SES292	-3.03325	-3.04478	-0.0115321
BLOCK17/SES171/SA171S15	SES148	-2.04854	-1.64781	0.400729
BLOCK17/SES171/SA171S15	SES177	-1.56135	-1.16062	0.400729
BLOCK17/SES171/SA171S15	SES180	-3.53368	-3.13295	0.400729
BLOCK17/SES171/SA171S15	SES292	-2.4936	-2.09287	0.400729
BLOCK17/SES171/SA171S22	SES007	-2.01472	-0.434044	1.58067
BLOCK17/SES171/SA171S22	SES148	-2.30706	-0.726382	1.58067
BLOCK17/SES171/SA171S22	SES177	-1.62871	-0.0480364	1.58067
BLOCK17/SES171/SA171S22	SES180	-3.04645	-1.46578	1.58067
BLOCK17/SES171/SA171S25	SES101	-2.17752	-1.39091	0.78661
BLOCK17/SES171/SA171S25	SES120	-3.91688	-3.13027	0.78661
BLOCK17/SES171/SA171S25	SES177	-1.72729	-0.94068	0.78661
BLOCK17/SES171/SA171S25	SES180	-2.71788	-1.93127	0.78661
BLOCK17/SES171/SA171S27	SES177	-1.15552	-0.608959	0.546561
BLOCK17/SES171/SA171S27	SES180	-2.95294	-2.40638	0.546561
BLOCK17/SES171/SA171S27	SES189	-1.0512	-0.504637	0.546561
BLOCK17/SES171/SA171S27	SES292	-2.40458	-1.85802	0.546561
BLOCK17/SES173/SA173S13	SES162	-4.13226	-2.58734	1.54492
BLOCK17/SES173/SA173S13	SES177	-2.33806	-0.793145	1.54492
BLOCK17/SES173/SA173S13	SES180	-3.78353	-2.23861	1.54492
BLOCK17/SES173/SA173S13	SES292	-1.18696	0.357961	1.54492
BLOCK17/SES173/SA173S14	SES007	-1.70678	-0.560843	1.14594
BLOCK17/SES173/SA173S14	SES162	-3.48109	-2.33515	1.14594
BLOCK17/SES173/SA173S14	SES177	-2.13792	-0.991982	1.14594
BLOCK17/SES173/SA173S14	SES180	-3.80122	-2.65529	1.14594
BLOCK17/SES173/SA173S24	SES144	-2.64512	-1.59137	1.05374
BLOCK17/SES173/SA173S24	SES162	-2.75848	-1.70474	1.05374
BLOCK17/SES173/SA173S24	SES177	-1.86694	-0.8132	1.05374
BLOCK17/SES173/SA173S24	SES180	-3.30561	-2.25186	1.05374
BLOCK17/SES173/SA173S27	SES162	-4.65532	-3.54562	1.1097
BLOCK17/SES173/SA173S27	SES177	-2.47168	-1.36197	1.1097
BLOCK17/SES173/SA173S27	SES180	-2.83775	-1.72805	1.1097
BLOCK17/SES173/SA173S27	SES292	-0.912546	0.197158	1.1097
BLOCK17/SES173/SA173S29	SES162	-3.00793	-1.25055	1.75738
BLOCK17/SES173/SA173S29	SES175	-1.50117	0.256208	1.75738
BLOCK17/SES173/SA173S29	SES177	-1.78002	-0.0226371	1.75738
BLOCK17/SES173/SA173S29	SES292	-2.23267	-0.475292	1.75738
BLOCK18/SES182/SA182S10	SES144	-2.20162	-1.43651	0.765108
BLOCK18/SES182/SA182S10	SES177	-1.8888	-1.12369	0.765108
BLOCK18/SES182/SA182S10	SES180	-3.36701	-2.60191	0.765108
BLOCK18/SES182/SA182S10	SES275	-0.739473	0.0256343	0.765108
BLOCK18/SES182/SA182S12	SES144	-0.653479	1.13157	1.78505
BLOCK18/SES182/SA182S12	SES177	-1.00818	0.776873	1.78505
BLOCK18/SES182/SA182S12	SES180	-1.4943	0.290746	1.78505
BLOCK18/SES182/SA182S12	SES275	-0.768184	1.01687	1.78505
BLOCK18/SES182/SA182S21	SES117	-2.32394	-1.85368	0.470263
BLOCK18/SES182/SA182S21	SES144	-1.88251	-1.41225	0.470263
BLOCK18/SES182/SA182S21	SES162	-1.71431	-1.24405	0.470263
BLOCK18/SES182/SA182S21	SES180	-3.33466	-2.8644	0.470263
BLOCK18/SES182/SA182S23	SES117	-1.94384	-1.37908	0.564753
BLOCK18/SES182/SA182S23	SES144	-2.12035	-1.5556	0.564753
BLOCK18/SES182/SA182S23	SES180	-3.05442	-2.48967	0.564753
BLOCK18/SES182/SA182S23	SES275	-0.445236	0.119517	0.564753
BLOCK18/SES182/SA182S25	SES007	-0.230206	-0.0895135	0.140693
BLOCK18/SES182/SA182S25	SES162	-1.18086	-1.04017	0.140693
BLOCK18/SES182/SA182S25	SES177	-1.39884	-1.25815	0.140693
BLOCK18/SES182/SA182S25	SES180	-2.36767	-2.22697	0.140693
BLOCK18/SES184/SA184S12	SES177	-2.26226	-1.25472	1.00755
BLOCK18/SES184/SA184S12	SES180	-2.13217	-1.12462	1.00755
BLOCK18/SES184/SA184S12	SES189	-1.99939	-0.991849	1.00755
BLOCK18/SES184/SA184S12	SES292	-2.13796	-1.13042	1.00755
BLOCK18/SES184/SA184S13	SES101	-2.05773	-1.02055	1.03717
BLOCK18/SES184/SA184S13	SES177	-2.87611	-1.83894	1.03717
BLOCK18/SES184/SA184S13	SES180	-2.53873	-1.50155	1.03717
BLOCK18/SES184/SA184S13	SES292	-3.34716	-2.30999	1.03717
BLOCK18/SES184/SA184S22	SES177	-2.37504	-0.645975	1.72906
BLOCK18/SES184/SA184S22	SES180	-2.04621	-0.317153	1.72906
BLOCK18/SES184/SA184S22	SES189	-2.19387	-0.464806	1.72906
BLOCK18/SES184/SA184S22	SES292	-2.71366	-0.984594	1.72906
BLOCK18/SES184/SA184S25	SES101	-1.56228	0.266154	1.82844
BLOCK18/SES184/SA184S25	SES177	-2.67473	-0.846294	1.82844
BLOCK18/SES184/SA184S25	SES180	-1.95149	-0.123053	1.82844
BLOCK18/SES184/SA184S25	SES292	-2.34365	-0.515218	1.82844
BLOCK18/SES184/SA184S27	SES083	-1.66715	-0.949709	0.717441
BLOCK18/SES184/SA184S27	SES177	-1.73815	-1.02071	0.717441
BLOCK18/SES184/SA184S27	SES202	-1.89765	-1.18021	0.717441
BLOCK18/SES184/SA184S27	SES292	-2.17057	-1.45313	0.717441
BLOCK20/SES204/SA204S12	SES062	-0.814029	1.00084	1.81487
BLOCK20/SES204/SA204S12	SES083	-3.07683	-1.26197	1.81487
BLOCK20/SES204/SA204S12	SES206	-1.30836	0.506503	1.81487
BLOCK20/SES204/SA204S12	SES226	-2.74753	-0.932664	1.81487
BLOCK20/SES204/SA204S14	SES068	-1.1935	1.59979	2.79329
BLOCK20/SES204/SA204S14	SES087	-0.223478	2.56981	2.79329
BLOCK20/SES204/SA204S14	SES206	-1.61829	1.17501	2.79329
BLOCK20/SES204/SA204S14	SES226	-2.85045	-0.0571555	2.79329
BLOCK20/SES204/SA204S22	SES068	-1.1646	0.654109	1.81871
BLOCK20/SES204/SA204S22	SES082	-2.11669	-0.297979	1.81871
BLOCK20/SES204/SA204S22	SES083	-3.39896	-1.58025	1.81871
BLOCK20/SES204/SA204S22	SES206	-1.75767	0.06104	1.81871
BLOCK20/SES204/SA204S25	SES062	-1.37135	0.482067	1.85341
BLOCK20/SES204/SA204S25	SES083	-3.19556	-1.34215	1.85341
BLOCK20/SES204/SA204S25	SES206	-1.48506	0.368349	1.85341
BLOCK20/SES204/SA204S25	SES226	-2.53035	-0.676938	1.85341
BLOCK20/SES204/SA204S27	SES068	-1.81245	-0.610721	1.20173
BLOCK20/SES204/SA204S27	SES082	-2.51315	-1.31142	1.20173
BLOCK20/SES204/SA204S27	SES087	-1.10017	0.101551	1.20173
BLOCK20/SES204/SA204S27	SES206	-1.97946	-0.777731	1.20173
BLOCK20/SES207/SA207S10	SES127	-1.97989	-1.11421	0.865682
BLOCK20/SES207/SA207S10	SES183	-1.75319	-0.887508	0.865682
BLOCK20/SES207/SA207S10	SES189	-1.72376	-0.858078	0.865682
BLOCK20/SES207/SA207S10	SES292	-1.91479	-1.04911	0.865682
BLOCK20/SES207/SA207S11	SES127	-2.42278	-1.5906	0.832175
BLOCK20/SES207/SA207S11	SES183	-1.9559	-1.12373	0.832175
BLOCK20/SES207/SA207S11	SES187	-2.18931	-1.35713	0.832175
BLOCK20/SES207/SA207S11	SES292	-1.262	-0.429823	0.832175
BLOCK20/SES207/SA207S25	SES068	-1.93029	-0.527002	1.40328
BLOCK20/SES207/SA207S25	SES083	-2.21882	-0.815532	1.40328
BLOCK20/SES207/SA207S25	SES127	-1.8391	-0.435819	1.40328
BLOCK20/SES207/SA207S25	SES187	-1.72869	-0.325407	1.40328
BLOCK20/SES207/SA207S27	SES127	-2.34854	-1.82228	0.526256
BLOCK20/SES207/SA207S27	SES183	-1.98422	-1.45796	0.526256
BLOCK20/SES207/SA207S27	SES187	-1.92867	-1.40242	0.526256
BLOCK20/SES207/SA207S27	SES292	-1.98684	-1.46058	0.526256
BLOCK20/SES207/SA207S29	SES083	-2.19603	-0.766132	1.4299
BLOCK20/SES207/SA207S29	SES085	-2.00044	-0.570546	1.4299
BLOCK20/SES207/SA207S29	SES172	-1.03169	0.398209	1.4299
BLOCK20/SES207/SA207S29	SES189	-2.51919	-1.08929	1.4299
BLOCK22/SES221/SA221S12	SES068	-0.708307	1.90526	2.61356
BLOCK22/SES221/SA221S12	SES143	-2.57197	0.041595	2.61356
BLOCK22/SES221/SA221S12	SES175	-1.62109	0.992474	2.61356
BLOCK22/SES221/SA221S12	SES202	-2.06069	0.552873	2.61356
BLOCK22/SES221/SA221S15	SES085	-1.32508	0.132857	1.45794
BLOCK22/SES221/SA221S15	SES143	-2.58582	-1.12789	1.45794
BLOCK22/SES221/SA221S15	SES175	-1.84324	-0.385305	1.45794
BLOCK22/SES221/SA221S15	SES187	-2.28033	-0.822395	1.45794
BLOCK22/SES221/SA221S23	SES068	-0.850436	1.31886	2.16929
BLOCK22/SES221/SA221S23	SES143	-2.35525	-0.185957	2.16929
BLOCK22/SES221/SA221S23	SES175	-1.19325	0.976042	2.16929
BLOCK22/SES221/SA221S23	SES189	-1.88659	0.282705	2.16929
BLOCK22/SES221/SA221S27	SES085	-0.41388	1.68437	2.09825
BLOCK22/SES221/SA221S27	SES143	-2.42273	-0.324482	2.09825
BLOCK22/SES221/SA221S27	SES175	-1.55135	0.546903	2.09825
BLOCK22/SES221/SA221S27	SES189	-1.21413	0.884119	2.09825
BLOCK22/SES221/SA221S29	SES085	-0.603207	1.39045	1.99365
BLOCK22/SES221/SA221S29	SES143	-2.13965	-0.145994	1.99365
BLOCK22/SES221/SA221S29	SES175	-1.16014	0.833513	1.99365
BLOCK22/SES221/SA221S29	SES187	-2.52157	-0.527915	1.99365
BLOCK22/SES223/SA223S11	SES143	-2.34256	-1.56745	0.775104
BLOCK22/SES223/SA223S11	SES144	-3.52761	-2.75251	0.775104
BLOCK22/SES223/SA223S11	SES175	-1.97226	-1.19716	0.775104
BLOCK22/SES223/SA223S11	SES187	-3.3364	-2.5613	0.775104
BLOCK22/SES223/SA223S13	SES068	-0.781312	-0.025215	0.756097
BLOCK22/SES223/SA223S13	SES143	-3.24958	-2.49348	0.756097
BLOCK22/SES223/SA223S13	SES146	-3.06386	-2.30776	0.756097
BLOCK22/SES223/SA223S13	SES202	-3.38561	-2.62951	0.756097
BLOCK22/SES223/SA223S22	SES143	-2.33968	-1.75673	0.582949
BLOCK22/SES223/SA223S22	SES144	-3.60381	-3.02086	0.582949
BLOCK22/SES223/SA223S22	SES175	-1.75241	-1.16946	0.582949
BLOCK22/SES223/SA223S22	SES187	-2.15971	-1.57676	0.582949
BLOCK22/SES223/SA223S25	SES068	-0.964621	0.604597	1.56922
BLOCK22/SES223/SA223S25	SES143	-3.09063	-1.52142	1.56922
BLOCK22/SES223/SA223S25	SES175	-1.67983	-0.110607	1.56922
BLOCK22/SES223/SA223S25	SES187	-3.01075	-1.44153	1.56922
BLOCK22/SES223/SA223S27	SES143	-1.45405	-0.723549	0.730504
BLOCK22/SES223/SA223S27	SES146	-1.96109	-1.23059	0.730504
BLOCK22/SES223/SA223S27	SES187	-2.48769	-1.75719	0.730504
BLOCK22/SES223/SA223S27	SES292	-0.657567	0.0729369	0.730504
BLOCK27/SES273/SA273S12	SES099	-1.0376	0.344844	1.38244
BLOCK27/SES273/SA273S12	SES104	-2.11803	-0.735587	1.38244
BLOCK27/SES273/SA273S12	SES125	-2.50206	-1.11962	1.38244
BLOCK27/SES273/SA273S12	SES206	-1.68991	-0.30747	1.38244
BLOCK27/SES273/SA273S13	SES099	-1.18426	0.319094	1.50335
BLOCK27/SES273/SA273S13	SES104	-2.01589	-0.512537	1.50335
BLOCK27/SES273/SA273S13	SES206	-1.86454	-0.361191	1.50335
BLOCK27/SES273/SA273S13	SES292	-1.49218	0.0111683	1.50335
BLOCK27/SES273/SA273S21	SES099	-1.00914	0.288684	1.29783
BLOCK27/SES273/SA273S21	SES148	-2.78045	-1.48262	1.29783
BLOCK27/SES273/SA273S21	SES149	-1.97722	-0.679394	1.29783
BLOCK27/SES273/SA273S21	SES177	-2.04606	-0.748227	1.29783
BLOCK27/SES273/SA273S25	SES104	-2.08294	-1.01264	1.0703
BLOCK27/SES273/SA273S25	SES125	-3.09336	-2.02306	1.0703
BLOCK27/SES273/SA273S25	SES158	-0.977917	0.092385	1.0703
BLOCK27/SES273/SA273S25	SES206	-1.42704	-0.356737	1.0703
BLOCK27/SES273/SA273S27	SES099	-1.09795	0.643076	1.74103
BLOCK27/SES273/SA273S27	SES104	-1.49853	0.2425	1.74103
BLOCK27/SES273/SA273S27	SES149	-1.68159	0.0594379	1.74103
BLOCK27/SES273/SA273S27	SES275	-1.98383	-0.242803	1.74103
BLOCK27/SES274/SA274S10	SES105	-2.52904	-0.488767	2.04028
BLOCK27/SES274/SA274S10	SES125	-2.60702	-0.566747	2.04028
BLOCK27/SES274/SA274S10	SES129	-0.639454	1.40082	2.04028
BLOCK27/SES274/SA274S10	SES158	-3.74663	-1.70635	2.04028
BLOCK27/SES274/SA274S11	SES105	-1.66202	0.189112	1.85113
BLOCK27/SES274/SA274S11	SES149	-2.19381	-0.342676	1.85113
BLOCK27/SES274/SA274S11	SES158	-1.96141	-0.110277	1.85113
BLOCK27/SES274/SA274S11	SES275	-1.24828	0.602845	1.85113
BLOCK27/SES274/SA274S21	SES105	-2.41601	-0.336335	2.07967
BLOCK27/SES274/SA274S21	SES129	-1.32612	0.753553	2.07967
BLOCK27/SES274/SA274S21	SES149	-1.74607	0.333608	2.07967
BLOCK27/SES274/SA274S21	SES158	-3.9793	-1.89962	2.07967
BLOCK27/SES274/SA274S24	SES105	-2.03433	-0.120277	1.91406
BLOCK27/SES274/SA274S24	SES129	-1.23135	0.682705	1.91406
BLOCK27/SES274/SA274S24	SES149	-2.29002	-0.375961	1.91406
BLOCK27/SES274/SA274S24	SES158	-4.43862	-2.52456	1.91406
BLOCK27/SES274/SA274S29	SES105	-2.21974	-0.63895	1.58079
BLOCK27/SES274/SA274S29	SES106	-2.63422	-1.05344	1.58079
BLOCK27/SES274/SA274S29	SES120	-1.43179	0.149002	1.58079
BLOCK27/SES274/SA274S29	SES275	-1.42532	0.155464	1.58079
BLOCK27/SES276/SA276S16	SES148	-1.74276	-0.000465897	1.7423
BLOCK27/SES276/SA276S16	SES172	-1.33989	0.40241	1.7423
BLOCK27/SES276/SA276S16	SES180	-2.60229	-0.859998	1.7423
BLOCK27/SES276/SA276S16	SES292	-1.65656	0.0857319	1.7423
BLOCK27/SES276/SA276S17	SES101	-1.61578	-0.395215	1.22057
BLOCK27/SES276/SA276S17	SES177	-2.28677	-1.0662	1.22057
BLOCK27/SES276/SA276S17	SES180	-1.9902	-0.769631	1.22057
BLOCK27/SES276/SA276S17	SES292	-1.89455	-0.67398	1.22057
BLOCK27/SES276/SA276S24	SES101	-0.854726	1.39937	2.2541
BLOCK27/SES276/SA276S24	SES177	-1.57701	0.677083	2.2541
BLOCK27/SES276/SA276S24	SES180	-2.55443	-0.300329	2.2541
BLOCK27/SES276/SA276S24	SES292	-2.5985	-0.344406	2.2541
BLOCK27/SES276/SA276S26	SES101	-1.9138	0.42586	2.33966
BLOCK27/SES276/SA276S26	SES177	-1.28081	1.05886	2.33966
BLOCK27/SES276/SA276S26	SES180	-0.800068	1.53959	2.33966
BLOCK27/SES276/SA276S26	SES292	-0.906546	1.43312	2.33966
BLOCK27/SES276/SA276S28	SES101	-0.932624	1.50261	2.43524
BLOCK27/SES276/SA276S28	SES177	-1.74188	0.693358	2.43524
BLOCK27/SES276/SA276S28	SES180	-0.475993	1.95924	2.43524
BLOCK27/SES276/SA276S28	SES292	-1.39294	1.0423	2.43524
BLOCK27/SES277/SA277S12	SES101	-1.29478	-1.46997	-0.175188
BLOCK27/SES277/SA277S12	SES177	-2.12246	-2.29764	-0.175188
BLOCK27/SES277/SA277S12	SES180	-3.41502	-3.59021	-0.175188
BLOCK27/SES277/SA277S12	SES292	-3.14876	-3.32395	-0.175188
BLOCK27/SES277/SA277S14	SES177	-1.5698	-1.5768	-0.00699616
BLOCK27/SES277/SA277S14	SES180	-3.54233	-3.54932	-0.00699616
BLOCK27/SES277/SA277S14	SES189	-0.712666	-0.719662	-0.00699616
BLOCK27/SES277/SA277S14	SES292	-2.91142	-2.91842	-0.00699616
BLOCK27/SES277/SA277S21	SES177	-1.45465	-0.374574	1.08007
BLOCK27/SES277/SA277S21	SES180	-2.57333	-1.49325	1.08007
BLOCK27/SES277/SA277S21	SES189	-0.254882	0.82519	1.08007
BLOCK27/SES277/SA277S21	SES292	-2.59479	-1.51472	1.08007
BLOCK27/SES277/SA277S24	SES144	-2.18999	-2.80091	-0.610923
BLOCK27/SES277/SA277S24	SES177	-2.01269	-2.62361	-0.610923
BLOCK27/SES277/SA277S24	SES180	-4.20935	-4.82027	-0.610923
BLOCK27/SES277/SA277S24	SES189	-0.66883	-1.27975	-0.610923
BLOCK27/SES277/SA277S29	SES177	-1.99123	-0.282465	1.70877
BLOCK27/SES277/SA277S29	SES180	-2.63024	-0.921474	1.70877
BLOCK27/SES277/SA277S29	SES202	-2.34298	-0.634209	1.70877
BLOCK27/SES277/SA277S29	SES292	-2.93744	-1.22867	1.70877
BLOCK27/SES279/SA279S09	SES120	-1.73017	-0.332562	1.39761
BLOCK27/SES279/SA279S09	SES146	-2.46122	-1.06361	1.39761
BLOCK27/SES279/SA279S09	SES206	-1.88685	-0.48924	1.39761
BLOCK27/SES279/SA279S09	SES226	-3.09073	-1.69312	1.39761
BLOCK27/SES279/SA279S10	SES099	-1.09466	0.327331	1.42199
BLOCK27/SES279/SA279S10	SES206	-1.74592	-0.323929	1.42199
BLOCK27/SES279/SA279S10	SES226	-2.28765	-0.865666	1.42199
BLOCK27/SES279/SA279S10	SES292	-0.861851	0.560138	1.42199
BLOCK27/SES279/SA279S20	SES099	-1.64436	-0.94199	0.702371
BLOCK27/SES279/SA279S20	SES206	-0.940579	-0.238208	0.702371
BLOCK27/SES279/SA279S20	SES226	-2.44368	-1.7413	0.702371
BLOCK27/SES279/SA279S20	SES292	-0.725866	-0.0234948	0.702371
BLOCK27/SES279/SA279S26	SES099	-1.72925	-0.835058	0.894196
BLOCK27/SES279/SA279S26	SES206	-1.3581	-0.463901	0.894196
BLOCK27/SES279/SA279S26	SES226	-2.49996	-1.60577	0.894196
BLOCK27/SES279/SA279S26	SES292	-0.780548	0.113648	0.894196
BLOCK27/SES279/SA279S28	SES099	-1.39738	1.33867	2.73605
BLOCK27/SES279/SA279S28	SES120	-0.830693	1.90536	2.73605
BLOCK27/SES279/SA279S28	SES177	-1.97922	0.756837	2.73605
BLOCK27/SES279/SA279S28	SES206	-1.36437	1.37169	2.73605
BLOCK29/SES290/SA290S12	SES162	-1.07444	1.65212	2.72656
BLOCK29/SES290/SA290S12	SES177	-1.31449	1.41207	2.72656
BLOCK29/SES290/SA290S12	SES180	-2.27856	0.448001	2.72656
BLOCK29/SES290/SA290S12	SES292	-2.08959	0.63697	2.72656
BLOCK29/SES290/SA290S13	SES007	-0.933549	1.15522	2.08877
BLOCK29/SES290/SA290S13	SES162	-2.3729	-0.284132	2.08877
BLOCK29/SES290/SA290S13	SES177	-1.65821	0.430565	2.08877
BLOCK29/SES290/SA290S13	SES180	-1.75818	0.330593	2.08877
BLOCK29/SES290/SA290S22	SES177	-1.37163	0.603959	1.97558
BLOCK29/SES290/SA290S22	SES180	-1.37958	0.596007	1.97558
BLOCK29/SES290/SA290S22	SES202	-1.55825	0.417338	1.97558
BLOCK29/SES290/SA290S22	SES292	-1.54485	0.43073	1.97558
BLOCK29/SES290/SA290S25	SES162	-1.25462	1.05393	2.30855
BLOCK29/SES290/SA290S25	SES177	-1.24388	1.06467	2.30855
BLOCK29/SES290/SA290S25	SES180	-1.68653	0.622017	2.30855
BLOCK29/SES290/SA290S25	SES292	-1.38243	0.926122	2.30855
BLOCK29/SES290/SA290S29	SES177	-1.29259	0.782351	2.07494
BLOCK29/SES290/SA290S29	SES180	-1.39492	0.680026	2.07494
BLOCK29/SES290/SA290S29	SES275	-1.37431	0.700635	2.07494
BLOCK29/SES290/SA290S29	SES292	-1.54293	0.532012	2.07494
BLOCK29/SES291/SA291S11	SES105	-2.58253	-2.51793	0.0645989
BLOCK29/SES291/SA291S11	SES125	-1.67052	-1.60592	0.0645989
BLOCK29/SES291/SA291S11	SES158	-1.3286	-1.264	0.0645989
BLOCK29/SES291/SA291S11	SES275	-2.53105	-2.46646	0.0645989
BLOCK29/SES291/SA291S12	SES158	0.356142	0.540979	0.184836
BLOCK29/SES291/SA291S12	SES226	-2.04114	-1.8563	0.184836
BLOCK29/SES291/SA291S12	SES270	-0.221056	-0.0362193	0.184836
BLOCK29/SES291/SA291S12	SES275	-3.97393	-3.78909	0.184836
BLOCK29/SES291/SA291S22	SES082	-1.23919	-0.423708	0.815487
BLOCK29/SES291/SA291S22	SES158	-1.66724	-0.851751	0.815487
BLOCK29/SES291/SA291S22	SES259	-2.03955	-1.22406	0.815487
BLOCK29/SES291/SA291S22	SES275	-3.01923	-2.20374	0.815487
BLOCK29/SES291/SA291S24	SES104	-0.4764	1.09796	1.57436
BLOCK29/SES291/SA291S24	SES125	-1.26462	0.309743	1.57436
BLOCK29/SES291/SA291S24	SES158	-0.540738	1.03362	1.57436
BLOCK29/SES291/SA291S24	SES275	-3.22928	-1.65492	1.57436
BLOCK29/SES291/SA291S27	SES158	-0.518854	0.901933	1.42079
BLOCK29/SES291/SA291S27	SES172	-3.334	-1.91321	1.42079
BLOCK29/SES291/SA291S27	SES275	-3.13388	-1.71309	1.42079
BLOCK29/SES291/SA291S27	SES292	-1.43611	-0.0153262	1.42079
